[0.291s] DEBUG:colcon:Command line arguments: ['/usr/bin/colcon', 'build', '--symlink-install']
[0.291s] DEBUG:colcon:Parsed command line arguments: Namespace(log_base=None, log_level=None, verb_name='build', build_base='build', install_base='install', merge_install=False, symlink_install=True, test_result_base=None, continue_on_error=False, executor='parallel', parallel_workers=8, event_handlers=None, ignore_user_meta=False, metas=['./colcon.meta'], base_paths=['.'], packages_ignore=None, packages_ignore_regex=None, paths=None, packages_up_to=None, packages_up_to_regex=None, packages_above=None, packages_above_and_dependencies=None, packages_above_depth=None, packages_select_by_dep=None, packages_skip_by_dep=None, packages_skip_up_to=None, packages_select_build_failed=False, packages_skip_build_finished=False, packages_select_test_failures=False, packages_skip_test_passed=False, packages_select=None, packages_skip=None, packages_select_regex=None, packages_skip_regex=None, packages_start=None, packages_end=None, allow_overriding=[], cmake_args=None, cmake_target=None, cmake_target_skip_unavailable=False, cmake_clean_cache=False, cmake_clean_first=False, cmake_force_configure=False, ament_cmake_args=None, catkin_cmake_args=None, catkin_skip_building_tests=False, mixin_files=None, mixin=None, verb_parser=<colcon_mixin.mixin.mixin_argument.MixinArgumentDecorator object at 0x7b20d516cb50>, verb_extension=<colcon_core.verb.build.BuildVerb object at 0x7b20d516c670>, main=<bound method BuildVerb.main of <colcon_core.verb.build.BuildVerb object at 0x7b20d516c670>>, mixin_verb=('build',))
[0.677s] Level 1:colcon.colcon_core.package_discovery:discover_packages(colcon_meta) check parameters
[0.677s] Level 1:colcon.colcon_core.package_discovery:discover_packages(recursive) check parameters
[0.677s] Level 1:colcon.colcon_core.package_discovery:discover_packages(ignore) check parameters
[0.677s] Level 1:colcon.colcon_core.package_discovery:discover_packages(path) check parameters
[0.677s] Level 1:colcon.colcon_core.package_discovery:discover_packages(colcon_meta) discover
[0.678s] Level 1:colcon.colcon_core.package_discovery:discover_packages(recursive) discover
[0.678s] INFO:colcon.colcon_core.package_discovery:Crawling recursively for packages in '/home/liamhdavis/RoboticsStudio1'
[0.678s] Level 1:colcon.colcon_core.package_identification:_identify(.) by extensions ['ignore', 'ignore_ament_install']
[0.678s] Level 1:colcon.colcon_core.package_identification:_identify(.) by extension 'ignore'
[0.678s] Level 1:colcon.colcon_core.package_identification:_identify(.) by extension 'ignore_ament_install'
[0.678s] Level 1:colcon.colcon_core.package_identification:_identify(.) by extensions ['colcon_pkg']
[0.678s] Level 1:colcon.colcon_core.package_identification:_identify(.) by extension 'colcon_pkg'
[0.678s] Level 1:colcon.colcon_core.package_identification:_identify(.) by extensions ['colcon_meta']
[0.678s] Level 1:colcon.colcon_core.package_identification:_identify(.) by extension 'colcon_meta'
[0.678s] Level 1:colcon.colcon_core.package_identification:_identify(.) by extensions ['ros']
[0.678s] Level 1:colcon.colcon_core.package_identification:_identify(.) by extension 'ros'
[0.702s] DEBUG:colcon.colcon_core.package_identification:Package '.' with type 'ros.ament_cmake' and name '41068_ignition_bringup'
[0.702s] Level 1:colcon.colcon_core.package_discovery:discover_packages(recursive) using defaults
[0.703s] Level 1:colcon.colcon_core.package_discovery:discover_packages(ignore) discover
[0.703s] Level 1:colcon.colcon_core.package_discovery:discover_packages(ignore) using defaults
[0.703s] Level 1:colcon.colcon_core.package_discovery:discover_packages(path) discover
[0.703s] Level 1:colcon.colcon_core.package_discovery:discover_packages(path) using defaults
[0.753s] Level 1:colcon.colcon_core.package_discovery:discover_packages(prefix_path) check parameters
[0.753s] Level 1:colcon.colcon_core.package_discovery:discover_packages(prefix_path) discover
[0.759s] DEBUG:colcon.colcon_installed_package_information.package_discovery:Found 1 installed packages in /home/liamhdavis/RoboticsStudio1/install
[0.760s] DEBUG:colcon.colcon_installed_package_information.package_discovery:Found 0 installed packages in /home/liamhdavis/ros2_ws/install
[0.761s] DEBUG:colcon.colcon_installed_package_information.package_discovery:Found 318 installed packages in /opt/ros/humble
[0.763s] Level 1:colcon.colcon_core.package_discovery:discover_packages(prefix_path) using defaults
[0.802s] Level 5:colcon.colcon_core.verb:set package '41068_ignition_bringup' build argument 'cmake_args' from command line to 'None'
[0.802s] Level 5:colcon.colcon_core.verb:set package '41068_ignition_bringup' build argument 'cmake_target' from command line to 'None'
[0.802s] Level 5:colcon.colcon_core.verb:set package '41068_ignition_bringup' build argument 'cmake_target_skip_unavailable' from command line to 'False'
[0.802s] Level 5:colcon.colcon_core.verb:set package '41068_ignition_bringup' build argument 'cmake_clean_cache' from command line to 'False'
[0.802s] Level 5:colcon.colcon_core.verb:set package '41068_ignition_bringup' build argument 'cmake_clean_first' from command line to 'False'
[0.802s] Level 5:colcon.colcon_core.verb:set package '41068_ignition_bringup' build argument 'cmake_force_configure' from command line to 'False'
[0.802s] Level 5:colcon.colcon_core.verb:set package '41068_ignition_bringup' build argument 'ament_cmake_args' from command line to 'None'
[0.802s] Level 5:colcon.colcon_core.verb:set package '41068_ignition_bringup' build argument 'catkin_cmake_args' from command line to 'None'
[0.802s] Level 5:colcon.colcon_core.verb:set package '41068_ignition_bringup' build argument 'catkin_skip_building_tests' from command line to 'False'
[0.802s] DEBUG:colcon.colcon_core.verb:Building package '41068_ignition_bringup' with the following arguments: {'ament_cmake_args': None, 'build_base': '/home/liamhdavis/RoboticsStudio1/build/41068_ignition_bringup', 'catkin_cmake_args': None, 'catkin_skip_building_tests': False, 'cmake_args': None, 'cmake_clean_cache': False, 'cmake_clean_first': False, 'cmake_force_configure': False, 'cmake_target': None, 'cmake_target_skip_unavailable': False, 'install_base': '/home/liamhdavis/RoboticsStudio1/install/41068_ignition_bringup', 'merge_install': False, 'path': '/home/liamhdavis/RoboticsStudio1', 'symlink_install': True, 'test_result_base': None}
[0.802s] INFO:colcon.colcon_core.executor:Executing jobs using 'parallel' executor
[0.803s] DEBUG:colcon.colcon_parallel_executor.executor.parallel:run_until_complete
[0.803s] INFO:colcon.colcon_ros.task.ament_cmake.build:Building ROS package in '/home/liamhdavis/RoboticsStudio1' with build type 'ament_cmake'
[0.804s] INFO:colcon.colcon_cmake.task.cmake.build:Building CMake package in '/home/liamhdavis/RoboticsStudio1'
[0.813s] INFO:colcon.colcon_core.plugin_system:Skipping extension 'colcon_core.shell.bat': Not used on non-Windows systems
[0.813s] INFO:colcon.colcon_core.shell:Skip shell extension 'powershell' for command environment: Not usable outside of PowerShell
[0.813s] DEBUG:colcon.colcon_core.shell:Skip shell extension 'dsv' for command environment
[0.828s] DEBUG:colcon.colcon_core.event_handler.log_command:Invoking command in '/home/liamhdavis/RoboticsStudio1/build/41068_ignition_bringup': CMAKE_PREFIX_PATH=/opt/ros/humble /usr/bin/cmake /home/liamhdavis/RoboticsStudio1 -DAMENT_CMAKE_SYMLINK_INSTALL=1 -DCMAKE_INSTALL_PREFIX=/home/liamhdavis/RoboticsStudio1/install/41068_ignition_bringup
[3.164s] DEBUG:colcon.colcon_core.event_handler.log_command:Invoked command in '/home/liamhdavis/RoboticsStudio1/build/41068_ignition_bringup' returned '1': CMAKE_PREFIX_PATH=/opt/ros/humble /usr/bin/cmake /home/liamhdavis/RoboticsStudio1 -DAMENT_CMAKE_SYMLINK_INSTALL=1 -DCMAKE_INSTALL_PREFIX=/home/liamhdavis/RoboticsStudio1/install/41068_ignition_bringup
[3.176s] Level 1:colcon.colcon_core.environment:create_environment_scripts_only(41068_ignition_bringup)
[3.183s] Level 1:colcon.colcon_core.environment:checking '/home/liamhdavis/RoboticsStudio1/install/41068_ignition_bringup' for CMake module files
[3.184s] Level 1:colcon.colcon_core.environment:checking '/home/liamhdavis/RoboticsStudio1/install/41068_ignition_bringup' for CMake config files
[3.184s] Level 1:colcon.colcon_core.environment:checking '/home/liamhdavis/RoboticsStudio1/install/41068_ignition_bringup/bin'
[3.184s] Level 1:colcon.colcon_core.environment:checking '/home/liamhdavis/RoboticsStudio1/install/41068_ignition_bringup/lib/pkgconfig/41068_ignition_bringup.pc'
[3.185s] Level 1:colcon.colcon_core.environment:checking '/home/liamhdavis/RoboticsStudio1/install/41068_ignition_bringup/lib/python3.10/site-packages'
[3.185s] Level 1:colcon.colcon_core.environment:checking '/home/liamhdavis/RoboticsStudio1/install/41068_ignition_bringup/bin'
[3.185s] INFO:colcon.colcon_core.shell:Creating package script '/home/liamhdavis/RoboticsStudio1/install/41068_ignition_bringup/share/41068_ignition_bringup/package.ps1'
[3.186s] INFO:colcon.colcon_core.shell:Creating package descriptor '/home/liamhdavis/RoboticsStudio1/install/41068_ignition_bringup/share/41068_ignition_bringup/package.dsv'
[3.187s] INFO:colcon.colcon_core.shell:Creating package script '/home/liamhdavis/RoboticsStudio1/install/41068_ignition_bringup/share/41068_ignition_bringup/package.sh'
[3.188s] INFO:colcon.colcon_core.shell:Creating package script '/home/liamhdavis/RoboticsStudio1/install/41068_ignition_bringup/share/41068_ignition_bringup/package.bash'
[3.189s] INFO:colcon.colcon_core.shell:Creating package script '/home/liamhdavis/RoboticsStudio1/install/41068_ignition_bringup/share/41068_ignition_bringup/package.zsh'
[3.190s] Level 1:colcon.colcon_core.environment:create_file_with_runtime_dependencies(/home/liamhdavis/RoboticsStudio1/install/41068_ignition_bringup/share/colcon-core/packages/41068_ignition_bringup)
[3.201s] DEBUG:colcon.colcon_parallel_executor.executor.parallel:closing loop
[3.201s] DEBUG:colcon.colcon_parallel_executor.executor.parallel:loop closed
[3.201s] DEBUG:colcon.colcon_parallel_executor.executor.parallel:run_until_complete finished with '1'
[3.201s] DEBUG:colcon.colcon_core.event_reactor:joining thread
[3.260s] INFO:colcon.colcon_core.plugin_system:Skipping extension 'colcon_notification.desktop_notification.notify_send': Could not find 'notify-send'
[3.260s] INFO:colcon.colcon_core.plugin_system:Skipping extension 'colcon_notification.desktop_notification.terminal_notifier': Not used on non-Darwin systems
[3.261s] INFO:colcon.colcon_core.plugin_system:Skipping extension 'colcon_notification.desktop_notification.win32': Not used on non-Windows systems
[3.261s] INFO:colcon.colcon_notification.desktop_notification:Sending desktop notification using 'notify2'
[3.263s] DEBUG:colcon.colcon_notification.desktop_notification.notify2:Failed to initialize notify2: org.freedesktop.DBus.Error.ServiceUnknown: The name org.freedesktop.Notifications was not provided by any .service files
[3.263s] DEBUG:colcon.colcon_core.event_reactor:joined thread
[3.263s] INFO:colcon.colcon_core.shell:Creating prefix script '/home/liamhdavis/RoboticsStudio1/install/local_setup.ps1'
[3.265s] INFO:colcon.colcon_core.shell:Creating prefix util module '/home/liamhdavis/RoboticsStudio1/install/_local_setup_util_ps1.py'
[3.266s] INFO:colcon.colcon_core.shell:Creating prefix chain script '/home/liamhdavis/RoboticsStudio1/install/setup.ps1'
[3.268s] INFO:colcon.colcon_core.shell:Creating prefix script '/home/liamhdavis/RoboticsStudio1/install/local_setup.sh'
[3.269s] INFO:colcon.colcon_core.shell:Creating prefix util module '/home/liamhdavis/RoboticsStudio1/install/_local_setup_util_sh.py'
[3.269s] INFO:colcon.colcon_core.shell:Creating prefix chain script '/home/liamhdavis/RoboticsStudio1/install/setup.sh'
[3.271s] INFO:colcon.colcon_core.shell:Creating prefix script '/home/liamhdavis/RoboticsStudio1/install/local_setup.bash'
[3.271s] INFO:colcon.colcon_core.shell:Creating prefix chain script '/home/liamhdavis/RoboticsStudio1/install/setup.bash'
[3.272s] INFO:colcon.colcon_core.shell:Creating prefix script '/home/liamhdavis/RoboticsStudio1/install/local_setup.zsh'
[3.273s] INFO:colcon.colcon_core.shell:Creating prefix chain script '/home/liamhdavis/RoboticsStudio1/install/setup.zsh'
