[0.014s] Invoking command in '/home/student/ros2_ws/src/RoboticsStudio1/build/41068_ignition_bringup': CMAKE_PREFIX_PATH=${CMAKE_PREFIX_PATH}:/opt/ros/humble /usr/bin/cmake /home/student/ros2_ws/src/RoboticsStudio1 -DAMENT_CMAKE_SYMLINK_INSTALL=1 -DCMAKE_INSTALL_PREFIX=/home/student/ros2_ws/src/RoboticsStudio1/install/41068_ignition_bringup
[0.153s] -- Found ament_cmake: 1.3.11 (/opt/ros/humble/share/ament_cmake/cmake)
[0.527s] -- Override CMake install command with custom implementation using symlinks instead of copying resources
[0.814s] -- Found ros_gz_interfaces: 0.244.20 (/opt/ros/humble/share/ros_gz_interfaces/cmake)
[1.146s] -- Found rosidl_generator_c: 3.1.6 (/opt/ros/humble/share/rosidl_generator_c/cmake)
[1.188s] -- Found rosidl_adapter: 3.1.6 (/opt/ros/humble/share/rosidl_adapter/cmake)
[1.281s] -- Found rosidl_generator_cpp: 3.1.6 (/opt/ros/humble/share/rosidl_generator_cpp/cmake)
[1.405s] -- Using all available rosidl_typesupport_c: rosidl_typesupport_fastrtps_c;rosidl_typesupport_introspection_c
[1.530s] -- Using all available rosidl_typesupport_cpp: rosidl_typesupport_fastrtps_cpp;rosidl_typesupport_introspection_cpp
[2.053s] -- Found ament_lint_auto: 0.12.12 (/opt/ros/humble/share/ament_lint_auto/cmake)
[2.124s] WARNING: Package name "41068_ignition_bringup" does not follow the naming conventions. It should start with a lower case letter and only contain lower case letters, digits, underscores, and dashes.
[2.332s] -- Added test 'copyright' to check source files copyright and LICENSE
[2.394s] -- Added test 'cppcheck' to perform static code analysis on C / C++ code
[2.394s] -- Configured cppcheck include dirs: 
[2.394s] -- Configured cppcheck exclude dirs and/or files: 
[2.447s] -- Added test 'cpplint' to check C / C++ code against the Google style
[2.448s] -- Configured cpplint exclude dirs and/or files: 
[2.458s] -- Added test 'flake8' to check Python code syntax and style conventions
[2.474s] -- Added test 'lint_cmake' to check CMake code style
[2.484s] -- Added test 'pep257' to check Python code against some of the docstring style conventions in PEP 257
[2.539s] -- Added test 'uncrustify' to check C / C++ code style
[2.539s] -- Configured uncrustify additional arguments: 
[2.548s] -- Added test 'xmllint' to check XML markup files
[2.557s] -- Configuring done
[2.574s] -- Generating done
[2.578s] -- Build files have been written to: /home/student/ros2_ws/src/RoboticsStudio1/build/41068_ignition_bringup
[2.587s] Invoked command in '/home/student/ros2_ws/src/RoboticsStudio1/build/41068_ignition_bringup' returned '0': CMAKE_PREFIX_PATH=${CMAKE_PREFIX_PATH}:/opt/ros/humble /usr/bin/cmake /home/student/ros2_ws/src/RoboticsStudio1 -DAMENT_CMAKE_SYMLINK_INSTALL=1 -DCMAKE_INSTALL_PREFIX=/home/student/ros2_ws/src/RoboticsStudio1/install/41068_ignition_bringup
[2.590s] Invoking command in '/home/student/ros2_ws/src/RoboticsStudio1/build/41068_ignition_bringup': CMAKE_PREFIX_PATH=${CMAKE_PREFIX_PATH}:/opt/ros/humble /usr/bin/cmake --build /home/student/ros2_ws/src/RoboticsStudio1/build/41068_ignition_bringup -- -j8 -l8
[2.637s] Invoked command in '/home/student/ros2_ws/src/RoboticsStudio1/build/41068_ignition_bringup' returned '0': CMAKE_PREFIX_PATH=${CMAKE_PREFIX_PATH}:/opt/ros/humble /usr/bin/cmake --build /home/student/ros2_ws/src/RoboticsStudio1/build/41068_ignition_bringup -- -j8 -l8
[2.649s] Invoking command in '/home/student/ros2_ws/src/RoboticsStudio1/build/41068_ignition_bringup': CMAKE_PREFIX_PATH=${CMAKE_PREFIX_PATH}:/opt/ros/humble /usr/bin/cmake --install /home/student/ros2_ws/src/RoboticsStudio1/build/41068_ignition_bringup
[2.658s] -- Install configuration: ""
[2.658s] -- Execute custom install script
[2.659s] -- Symlinking: /home/student/ros2_ws/src/RoboticsStudio1/install/41068_ignition_bringup/share/41068_ignition_bringup/config/41068.rviz
[2.674s] -- Symlinking: /home/student/ros2_ws/src/RoboticsStudio1/install/41068_ignition_bringup/share/41068_ignition_bringup/config/gazebo_bridge.yaml
[2.685s] -- Symlinking: /home/student/ros2_ws/src/RoboticsStudio1/install/41068_ignition_bringup/share/41068_ignition_bringup/config/nav2_params.yaml
[2.695s] -- Symlinking: /home/student/ros2_ws/src/RoboticsStudio1/install/41068_ignition_bringup/share/41068_ignition_bringup/config/robot_localization.yaml
[2.705s] -- Symlinking: /home/student/ros2_ws/src/RoboticsStudio1/install/41068_ignition_bringup/share/41068_ignition_bringup/config/slam_params.yaml
[2.715s] -- Symlinking: /home/student/ros2_ws/src/RoboticsStudio1/install/41068_ignition_bringup/share/41068_ignition_bringup/launch/41068_ignition.launch.py
[2.725s] -- Symlinking: /home/student/ros2_ws/src/RoboticsStudio1/install/41068_ignition_bringup/share/41068_ignition_bringup/launch/41068_navigation.launch.py
[2.736s] -- Symlinking: /home/student/ros2_ws/src/RoboticsStudio1/install/41068_ignition_bringup/share/41068_ignition_bringup/launch/spawn_robot_with_bridge.launch.py
[2.748s] -- Symlinking: /home/student/ros2_ws/src/RoboticsStudio1/install/41068_ignition_bringup/share/41068_ignition_bringup/models/box.sdf
[2.758s] -- Symlinking: /home/student/ros2_ws/src/RoboticsStudio1/install/41068_ignition_bringup/share/41068_ignition_bringup/models/forest_plane/materials/textures/empty_grass.png
[2.769s] -- Symlinking: /home/student/ros2_ws/src/RoboticsStudio1/install/41068_ignition_bringup/share/41068_ignition_bringup/models/forest_plane/materials/textures/forest_overhead.png
[2.779s] -- Symlinking: /home/student/ros2_ws/src/RoboticsStudio1/install/41068_ignition_bringup/share/41068_ignition_bringup/models/forest_plane/materials/textures/leaf_litter.png
[2.789s] -- Symlinking: /home/student/ros2_ws/src/RoboticsStudio1/install/41068_ignition_bringup/share/41068_ignition_bringup/models/forest_plane/model.config
[2.802s] -- Symlinking: /home/student/ros2_ws/src/RoboticsStudio1/install/41068_ignition_bringup/share/41068_ignition_bringup/models/forest_plane/model.sdf
[2.813s] -- Symlinking: /home/student/ros2_ws/src/RoboticsStudio1/install/41068_ignition_bringup/share/41068_ignition_bringup/models/forest_wall/materials/textures/forest_wall.png
[2.823s] -- Symlinking: /home/student/ros2_ws/src/RoboticsStudio1/install/41068_ignition_bringup/share/41068_ignition_bringup/models/forest_wall/materials/textures/forest_wall_transparent.png
[2.833s] -- Symlinking: /home/student/ros2_ws/src/RoboticsStudio1/install/41068_ignition_bringup/share/41068_ignition_bringup/models/forest_wall/materials/textures/forest_wall_transparent_small.png
[2.845s] -- Symlinking: /home/student/ros2_ws/src/RoboticsStudio1/install/41068_ignition_bringup/share/41068_ignition_bringup/models/forest_wall/model.config
[2.855s] -- Symlinking: /home/student/ros2_ws/src/RoboticsStudio1/install/41068_ignition_bringup/share/41068_ignition_bringup/models/forest_wall/model.sdf
[2.865s] -- Symlinking: /home/student/ros2_ws/src/RoboticsStudio1/install/41068_ignition_bringup/share/41068_ignition_bringup/models/fox/veryperfectfoxcolourdae.dae
[2.875s] -- Symlinking: /home/student/ros2_ws/src/RoboticsStudio1/install/41068_ignition_bringup/share/41068_ignition_bringup/models/fox_alive/meshes/veryperfectfoxcolourdae.dae
[2.884s] -- Symlinking: /home/student/ros2_ws/src/RoboticsStudio1/install/41068_ignition_bringup/share/41068_ignition_bringup/models/grass_plane/materials/textures/empty_grass.png
[2.893s] -- Symlinking: /home/student/ros2_ws/src/RoboticsStudio1/install/41068_ignition_bringup/share/41068_ignition_bringup/models/grass_plane/model.config
[2.903s] -- Symlinking: /home/student/ros2_ws/src/RoboticsStudio1/install/41068_ignition_bringup/share/41068_ignition_bringup/models/grass_plane/model.sdf
[2.912s] -- Symlinking: /home/student/ros2_ws/src/RoboticsStudio1/install/41068_ignition_bringup/share/41068_ignition_bringup/models/model.sdf
[2.922s] -- Symlinking: /home/student/ros2_ws/src/RoboticsStudio1/install/41068_ignition_bringup/share/41068_ignition_bringup/urdf/common_properties.urdf.xacro
[2.931s] -- Symlinking: /home/student/ros2_ws/src/RoboticsStudio1/install/41068_ignition_bringup/share/41068_ignition_bringup/urdf/husky.gazebo.xacro
[2.942s] -- Symlinking: /home/student/ros2_ws/src/RoboticsStudio1/install/41068_ignition_bringup/share/41068_ignition_bringup/urdf/husky.urdf.xacro
[2.951s] -- Symlinking: /home/student/ros2_ws/src/RoboticsStudio1/install/41068_ignition_bringup/share/41068_ignition_bringup/urdf/meshes/base_link.dae
[2.961s] -- Symlinking: /home/student/ros2_ws/src/RoboticsStudio1/install/41068_ignition_bringup/share/41068_ignition_bringup/urdf/meshes/bumper.dae
[2.971s] -- Symlinking: /home/student/ros2_ws/src/RoboticsStudio1/install/41068_ignition_bringup/share/41068_ignition_bringup/urdf/meshes/jpl04_arch_nosensor.stl
[2.981s] -- Symlinking: /home/student/ros2_ws/src/RoboticsStudio1/install/41068_ignition_bringup/share/41068_ignition_bringup/urdf/meshes/top_chassis.dae
[2.991s] -- Symlinking: /home/student/ros2_ws/src/RoboticsStudio1/install/41068_ignition_bringup/share/41068_ignition_bringup/urdf/meshes/top_plate.dae
[3.001s] -- Symlinking: /home/student/ros2_ws/src/RoboticsStudio1/install/41068_ignition_bringup/share/41068_ignition_bringup/urdf/meshes/wheel.dae
[3.012s] -- Symlinking: /home/student/ros2_ws/src/RoboticsStudio1/install/41068_ignition_bringup/share/41068_ignition_bringup/urdf/wheel.urdf.xacro
[3.023s] -- Symlinking: /home/student/ros2_ws/src/RoboticsStudio1/install/41068_ignition_bringup/share/41068_ignition_bringup/worlds/large_demo.sdf
[3.034s] -- Symlinking: /home/student/ros2_ws/src/RoboticsStudio1/install/41068_ignition_bringup/share/41068_ignition_bringup/worlds/simple_trees.sdf
[3.045s] -- Symlinking: /home/student/ros2_ws/src/RoboticsStudio1/install/41068_ignition_bringup/lib/41068_ignition_bringup/foxManagerNode.py
[3.055s] -- Symlinking: /home/student/ros2_ws/src/RoboticsStudio1/install/41068_ignition_bringup/lib/41068_ignition_bringup/box.py
[3.065s] -- Symlinking: /home/student/ros2_ws/src/RoboticsStudio1/install/41068_ignition_bringup/share/ament_index/resource_index/package_run_dependencies/41068_ignition_bringup
[3.075s] -- Symlinking: /home/student/ros2_ws/src/RoboticsStudio1/install/41068_ignition_bringup/share/ament_index/resource_index/parent_prefix_path/41068_ignition_bringup
[3.086s] -- Symlinking: /home/student/ros2_ws/src/RoboticsStudio1/install/41068_ignition_bringup/share/41068_ignition_bringup/environment/ament_prefix_path.sh
[3.096s] -- Symlinking: /home/student/ros2_ws/src/RoboticsStudio1/install/41068_ignition_bringup/share/41068_ignition_bringup/environment/ament_prefix_path.dsv
[3.107s] -- Symlinking: /home/student/ros2_ws/src/RoboticsStudio1/install/41068_ignition_bringup/share/41068_ignition_bringup/environment/path.sh
[3.117s] -- Symlinking: /home/student/ros2_ws/src/RoboticsStudio1/install/41068_ignition_bringup/share/41068_ignition_bringup/environment/path.dsv
[3.128s] -- Symlinking: /home/student/ros2_ws/src/RoboticsStudio1/install/41068_ignition_bringup/share/41068_ignition_bringup/local_setup.bash
[3.140s] -- Symlinking: /home/student/ros2_ws/src/RoboticsStudio1/install/41068_ignition_bringup/share/41068_ignition_bringup/local_setup.sh
[3.150s] -- Symlinking: /home/student/ros2_ws/src/RoboticsStudio1/install/41068_ignition_bringup/share/41068_ignition_bringup/local_setup.zsh
[3.160s] -- Symlinking: /home/student/ros2_ws/src/RoboticsStudio1/install/41068_ignition_bringup/share/41068_ignition_bringup/local_setup.dsv
[3.170s] -- Symlinking: /home/student/ros2_ws/src/RoboticsStudio1/install/41068_ignition_bringup/share/41068_ignition_bringup/package.dsv
[3.181s] -- Symlinking: /home/student/ros2_ws/src/RoboticsStudio1/install/41068_ignition_bringup/share/ament_index/resource_index/packages/41068_ignition_bringup
[3.192s] -- Symlinking: /home/student/ros2_ws/src/RoboticsStudio1/install/41068_ignition_bringup/share/41068_ignition_bringup/cmake/41068_ignition_bringupConfig.cmake
[3.203s] -- Symlinking: /home/student/ros2_ws/src/RoboticsStudio1/install/41068_ignition_bringup/share/41068_ignition_bringup/cmake/41068_ignition_bringupConfig-version.cmake
[3.214s] -- Symlinking: /home/student/ros2_ws/src/RoboticsStudio1/install/41068_ignition_bringup/share/41068_ignition_bringup/package.xml
[3.230s] Invoked command in '/home/student/ros2_ws/src/RoboticsStudio1/build/41068_ignition_bringup' returned '0': CMAKE_PREFIX_PATH=${CMAKE_PREFIX_PATH}:/opt/ros/humble /usr/bin/cmake --install /home/student/ros2_ws/src/RoboticsStudio1/build/41068_ignition_bringup
