[0.022s] Invoking command in '/home/liamhdavis/RoboticsStudio1/build/41068_ignition_bringup': CMAKE_PREFIX_PATH=/opt/ros/humble /usr/bin/cmake /home/liamhdavis/RoboticsStudio1 -DAMENT_CMAKE_SYMLINK_INSTALL=1 -DCMAKE_INSTALL_PREFIX=/home/liamhdavis/RoboticsStudio1/install/41068_ignition_bringup
[0.472s] -- The C compiler identification is GNU 11.4.0
[1.628s] -- The CXX compiler identification is GNU 11.4.0
[2.681s] -- Detecting C compiler ABI info
[3.035s] -- Detecting C compiler ABI info - done
[3.041s] -- Check for working C compiler: /usr/bin/cc - skipped
[3.042s] -- Detecting C compile features
[3.044s] -- Detecting C compile features - done
[3.048s] -- Detecting CXX compiler ABI info
[3.318s] -- Detecting CXX compiler ABI info - done
[3.325s] -- Check for working CXX compiler: /usr/bin/c++ - skipped
[3.325s] -- Detecting CXX compile features
[3.326s] -- Detecting CXX compile features - done
[3.357s] -- Found ament_cmake: 1.3.11 (/opt/ros/humble/share/ament_cmake/cmake)
[3.521s] -- Found Python3: /usr/bin/python3 (found version "3.10.12") found components: Interpreter 
[3.613s] -- Override CMake install command with custom implementation using symlinks instead of copying resources
[6.756s] [31mCMake Error at CMakeLists.txt:11 (find_package):
[6.756s]   By not providing "Findros_ign_interfaces.cmake" in CMAKE_MODULE_PATH this
[6.756s]   project has asked CMake to find a package configuration file provided by
[6.756s]   "ros_ign_interfaces", but CMake did not find one.
[6.756s] 
[6.757s]   Could not find a package configuration file provided by
[6.757s]   "ros_ign_interfaces" with any of the following names:
[6.757s] 
[6.757s]     ros_ign_interfacesConfig.cmake
[6.757s]     ros_ign_interfaces-config.cmake
[6.757s] 
[6.757s]   Add the installation prefix of "ros_ign_interfaces" to CMAKE_PREFIX_PATH or
[6.757s]   set "ros_ign_interfaces_DIR" to a directory containing one of the above
[6.757s]   files.  If "ros_ign_interfaces" provides a separate development package or
[6.757s]   SDK, be sure it has been installed.
[6.757s] 
[6.757s] [0m
[6.758s] -- Configuring incomplete, errors occurred!
[6.758s] See also "/home/liamhdavis/RoboticsStudio1/build/41068_ignition_bringup/CMakeFiles/CMakeOutput.log".
[6.762s] Invoked command in '/home/liamhdavis/RoboticsStudio1/build/41068_ignition_bringup' returned '1': CMAKE_PREFIX_PATH=/opt/ros/humble /usr/bin/cmake /home/liamhdavis/RoboticsStudio1 -DAMENT_CMAKE_SYMLINK_INSTALL=1 -DCMAKE_INSTALL_PREFIX=/home/liamhdavis/RoboticsStudio1/install/41068_ignition_bringup
