[0.015s] Invoking command in '/home/student/ros2_ws/src/RoboticsStudio1/build/41068_ignition_bringup': CMAKE_PREFIX_PATH=${CMAKE_PREFIX_PATH}:/opt/ros/humble /usr/bin/cmake --build /home/student/ros2_ws/src/RoboticsStudio1/build/41068_ignition_bringup -- -j8 -l8
[0.062s] Invoked command in '/home/student/ros2_ws/src/RoboticsStudio1/build/41068_ignition_bringup' returned '0': CMAKE_PREFIX_PATH=${CMAKE_PREFIX_PATH}:/opt/ros/humble /usr/bin/cmake --build /home/student/ros2_ws/src/RoboticsStudio1/build/41068_ignition_bringup -- -j8 -l8
[0.075s] Invoking command in '/home/student/ros2_ws/src/RoboticsStudio1/build/41068_ignition_bringup': CMAKE_PREFIX_PATH=${CMAKE_PREFIX_PATH}:/opt/ros/humble /usr/bin/cmake --install /home/student/ros2_ws/src/RoboticsStudio1/build/41068_ignition_bringup
[0.084s] -- Install configuration: ""
[0.085s] -- Execute custom install script
[0.085s] -- Up-to-date symlink: /home/student/ros2_ws/src/RoboticsStudio1/install/41068_ignition_bringup/share/41068_ignition_bringup/config/41068.rviz
[0.085s] -- Up-to-date symlink: /home/student/ros2_ws/src/RoboticsStudio1/install/41068_ignition_bringup/share/41068_ignition_bringup/config/gazebo_bridge.yaml
[0.086s] -- Up-to-date symlink: /home/student/ros2_ws/src/RoboticsStudio1/install/41068_ignition_bringup/share/41068_ignition_bringup/config/nav2_params.yaml
[0.086s] -- Up-to-date symlink: /home/student/ros2_ws/src/RoboticsStudio1/install/41068_ignition_bringup/share/41068_ignition_bringup/config/robot_localization.yaml
[0.086s] -- Up-to-date symlink: /home/student/ros2_ws/src/RoboticsStudio1/install/41068_ignition_bringup/share/41068_ignition_bringup/config/slam_params.yaml
[0.086s] -- Up-to-date symlink: /home/student/ros2_ws/src/RoboticsStudio1/install/41068_ignition_bringup/share/41068_ignition_bringup/launch/41068_ignition.launch.py
[0.086s] -- Up-to-date symlink: /home/student/ros2_ws/src/RoboticsStudio1/install/41068_ignition_bringup/share/41068_ignition_bringup/launch/41068_navigation.launch.py
[0.087s] -- Up-to-date symlink: /home/student/ros2_ws/src/RoboticsStudio1/install/41068_ignition_bringup/share/41068_ignition_bringup/launch/spawn_robot_with_bridge.launch.py
[0.087s] -- Up-to-date symlink: /home/student/ros2_ws/src/RoboticsStudio1/install/41068_ignition_bringup/share/41068_ignition_bringup/models/box.sdf
[0.087s] -- Up-to-date symlink: /home/student/ros2_ws/src/RoboticsStudio1/install/41068_ignition_bringup/share/41068_ignition_bringup/models/forest_plane/materials/textures/empty_grass.png
[0.088s] -- Up-to-date symlink: /home/student/ros2_ws/src/RoboticsStudio1/install/41068_ignition_bringup/share/41068_ignition_bringup/models/forest_plane/materials/textures/forest_overhead.png
[0.088s] -- Up-to-date symlink: /home/student/ros2_ws/src/RoboticsStudio1/install/41068_ignition_bringup/share/41068_ignition_bringup/models/forest_plane/materials/textures/leaf_litter.png
[0.088s] -- Up-to-date symlink: /home/student/ros2_ws/src/RoboticsStudio1/install/41068_ignition_bringup/share/41068_ignition_bringup/models/forest_plane/model.config
[0.089s] -- Up-to-date symlink: /home/student/ros2_ws/src/RoboticsStudio1/install/41068_ignition_bringup/share/41068_ignition_bringup/models/forest_plane/model.sdf
[0.089s] -- Up-to-date symlink: /home/student/ros2_ws/src/RoboticsStudio1/install/41068_ignition_bringup/share/41068_ignition_bringup/models/forest_wall/materials/textures/forest_wall.png
[0.089s] -- Up-to-date symlink: /home/student/ros2_ws/src/RoboticsStudio1/install/41068_ignition_bringup/share/41068_ignition_bringup/models/forest_wall/materials/textures/forest_wall_transparent.png
[0.089s] -- Up-to-date symlink: /home/student/ros2_ws/src/RoboticsStudio1/install/41068_ignition_bringup/share/41068_ignition_bringup/models/forest_wall/materials/textures/forest_wall_transparent_small.png
[0.089s] -- Up-to-date symlink: /home/student/ros2_ws/src/RoboticsStudio1/install/41068_ignition_bringup/share/41068_ignition_bringup/models/forest_wall/model.config
[0.089s] -- Up-to-date symlink: /home/student/ros2_ws/src/RoboticsStudio1/install/41068_ignition_bringup/share/41068_ignition_bringup/models/forest_wall/model.sdf
[0.089s] -- Up-to-date symlink: /home/student/ros2_ws/src/RoboticsStudio1/install/41068_ignition_bringup/share/41068_ignition_bringup/models/fox/veryperfectfoxcolourdae.dae
[0.090s] -- Up-to-date symlink: /home/student/ros2_ws/src/RoboticsStudio1/install/41068_ignition_bringup/share/41068_ignition_bringup/models/fox_alive/meshes/veryperfectfoxcolourdae.dae
[0.090s] -- Up-to-date symlink: /home/student/ros2_ws/src/RoboticsStudio1/install/41068_ignition_bringup/share/41068_ignition_bringup/models/grass_plane/materials/textures/empty_grass.png
[0.090s] -- Up-to-date symlink: /home/student/ros2_ws/src/RoboticsStudio1/install/41068_ignition_bringup/share/41068_ignition_bringup/models/grass_plane/model.config
[0.090s] -- Up-to-date symlink: /home/student/ros2_ws/src/RoboticsStudio1/install/41068_ignition_bringup/share/41068_ignition_bringup/models/grass_plane/model.sdf
[0.090s] -- Up-to-date symlink: /home/student/ros2_ws/src/RoboticsStudio1/install/41068_ignition_bringup/share/41068_ignition_bringup/models/model.sdf
[0.091s] -- Up-to-date symlink: /home/student/ros2_ws/src/RoboticsStudio1/install/41068_ignition_bringup/share/41068_ignition_bringup/urdf/common_properties.urdf.xacro
[0.091s] -- Up-to-date symlink: /home/student/ros2_ws/src/RoboticsStudio1/install/41068_ignition_bringup/share/41068_ignition_bringup/urdf/husky.gazebo.xacro
[0.091s] -- Up-to-date symlink: /home/student/ros2_ws/src/RoboticsStudio1/install/41068_ignition_bringup/share/41068_ignition_bringup/urdf/husky.urdf.xacro
[0.091s] -- Up-to-date symlink: /home/student/ros2_ws/src/RoboticsStudio1/install/41068_ignition_bringup/share/41068_ignition_bringup/urdf/meshes/base_link.dae
[0.091s] -- Up-to-date symlink: /home/student/ros2_ws/src/RoboticsStudio1/install/41068_ignition_bringup/share/41068_ignition_bringup/urdf/meshes/bumper.dae
[0.092s] -- Up-to-date symlink: /home/student/ros2_ws/src/RoboticsStudio1/install/41068_ignition_bringup/share/41068_ignition_bringup/urdf/meshes/jpl04_arch_nosensor.stl
[0.092s] -- Up-to-date symlink: /home/student/ros2_ws/src/RoboticsStudio1/install/41068_ignition_bringup/share/41068_ignition_bringup/urdf/meshes/top_chassis.dae
[0.092s] -- Up-to-date symlink: /home/student/ros2_ws/src/RoboticsStudio1/install/41068_ignition_bringup/share/41068_ignition_bringup/urdf/meshes/top_plate.dae
[0.092s] -- Up-to-date symlink: /home/student/ros2_ws/src/RoboticsStudio1/install/41068_ignition_bringup/share/41068_ignition_bringup/urdf/meshes/wheel.dae
[0.092s] -- Up-to-date symlink: /home/student/ros2_ws/src/RoboticsStudio1/install/41068_ignition_bringup/share/41068_ignition_bringup/urdf/wheel.urdf.xacro
[0.093s] -- Up-to-date symlink: /home/student/ros2_ws/src/RoboticsStudio1/install/41068_ignition_bringup/share/41068_ignition_bringup/worlds/large_demo.sdf
[0.093s] -- Up-to-date symlink: /home/student/ros2_ws/src/RoboticsStudio1/install/41068_ignition_bringup/share/41068_ignition_bringup/worlds/simple_trees.sdf
[0.093s] -- Up-to-date symlink: /home/student/ros2_ws/src/RoboticsStudio1/install/41068_ignition_bringup/lib/41068_ignition_bringup/foxManagerNode.py
[0.093s] -- Up-to-date symlink: /home/student/ros2_ws/src/RoboticsStudio1/install/41068_ignition_bringup/lib/41068_ignition_bringup/box.py
[0.094s] -- Up-to-date symlink: /home/student/ros2_ws/src/RoboticsStudio1/install/41068_ignition_bringup/share/ament_index/resource_index/package_run_dependencies/41068_ignition_bringup
[0.094s] -- Up-to-date symlink: /home/student/ros2_ws/src/RoboticsStudio1/install/41068_ignition_bringup/share/ament_index/resource_index/parent_prefix_path/41068_ignition_bringup
[0.094s] -- Up-to-date symlink: /home/student/ros2_ws/src/RoboticsStudio1/install/41068_ignition_bringup/share/41068_ignition_bringup/environment/ament_prefix_path.sh
[0.094s] -- Up-to-date symlink: /home/student/ros2_ws/src/RoboticsStudio1/install/41068_ignition_bringup/share/41068_ignition_bringup/environment/ament_prefix_path.dsv
[0.095s] -- Up-to-date symlink: /home/student/ros2_ws/src/RoboticsStudio1/install/41068_ignition_bringup/share/41068_ignition_bringup/environment/path.sh
[0.095s] -- Up-to-date symlink: /home/student/ros2_ws/src/RoboticsStudio1/install/41068_ignition_bringup/share/41068_ignition_bringup/environment/path.dsv
[0.095s] -- Up-to-date symlink: /home/student/ros2_ws/src/RoboticsStudio1/install/41068_ignition_bringup/share/41068_ignition_bringup/local_setup.bash
[0.095s] -- Up-to-date symlink: /home/student/ros2_ws/src/RoboticsStudio1/install/41068_ignition_bringup/share/41068_ignition_bringup/local_setup.sh
[0.096s] -- Up-to-date symlink: /home/student/ros2_ws/src/RoboticsStudio1/install/41068_ignition_bringup/share/41068_ignition_bringup/local_setup.zsh
[0.096s] -- Up-to-date symlink: /home/student/ros2_ws/src/RoboticsStudio1/install/41068_ignition_bringup/share/41068_ignition_bringup/local_setup.dsv
[0.096s] -- Symlinking: /home/student/ros2_ws/src/RoboticsStudio1/install/41068_ignition_bringup/share/41068_ignition_bringup/package.dsv
[0.107s] -- Up-to-date symlink: /home/student/ros2_ws/src/RoboticsStudio1/install/41068_ignition_bringup/share/ament_index/resource_index/packages/41068_ignition_bringup
[0.108s] -- Up-to-date symlink: /home/student/ros2_ws/src/RoboticsStudio1/install/41068_ignition_bringup/share/41068_ignition_bringup/cmake/41068_ignition_bringupConfig.cmake
[0.108s] -- Up-to-date symlink: /home/student/ros2_ws/src/RoboticsStudio1/install/41068_ignition_bringup/share/41068_ignition_bringup/cmake/41068_ignition_bringupConfig-version.cmake
[0.108s] -- Up-to-date symlink: /home/student/ros2_ws/src/RoboticsStudio1/install/41068_ignition_bringup/share/41068_ignition_bringup/package.xml
[0.111s] Invoked command in '/home/student/ros2_ws/src/RoboticsStudio1/build/41068_ignition_bringup' returned '0': CMAKE_PREFIX_PATH=${CMAKE_PREFIX_PATH}:/opt/ros/humble /usr/bin/cmake --install /home/student/ros2_ws/src/RoboticsStudio1/build/41068_ignition_bringup
