[0.133s] DEBUG:colcon:Command line arguments: ['/usr/bin/colcon', 'build', '--packages-select', '41068_ignition_bringup']
[0.133s] DEBUG:colcon:Parsed command line arguments: Namespace(log_base=None, log_level=None, verb_name='build', build_base='build', install_base='install', merge_install=False, symlink_install=False, test_result_base=None, continue_on_error=False, executor='parallel', parallel_workers=8, event_handlers=None, ignore_user_meta=False, metas=['./colcon.meta'], base_paths=['.'], packages_ignore=None, packages_ignore_regex=None, paths=None, packages_up_to=None, packages_up_to_regex=None, packages_above=None, packages_above_and_dependencies=None, packages_above_depth=None, packages_select_by_dep=None, packages_skip_by_dep=None, packages_skip_up_to=None, packages_select_build_failed=False, packages_skip_build_finished=False, packages_select_test_failures=False, packages_skip_test_passed=False, packages_select=['41068_ignition_bringup'], packages_skip=None, packages_select_regex=None, packages_skip_regex=None, packages_start=None, packages_end=None, allow_overriding=[], cmake_args=None, cmake_target=None, cmake_target_skip_unavailable=False, cmake_clean_cache=False, cmake_clean_first=False, cmake_force_configure=False, ament_cmake_args=None, catkin_cmake_args=None, catkin_skip_building_tests=False, mixin_files=None, mixin=None, verb_parser=<colcon_mixin.mixin.mixin_argument.MixinArgumentDecorator object at 0x725bed4563e0>, verb_extension=<colcon_core.verb.build.BuildVerb object at 0x725bed4559c0>, main=<bound method BuildVerb.main of <colcon_core.verb.build.BuildVerb object at 0x725bed4559c0>>, mixin_verb=('build',))
[0.339s] Level 1:colcon.colcon_core.package_discovery:discover_packages(colcon_meta) check parameters
[0.340s] Level 1:colcon.colcon_core.package_discovery:discover_packages(recursive) check parameters
[0.340s] Level 1:colcon.colcon_core.package_discovery:discover_packages(ignore) check parameters
[0.340s] Level 1:colcon.colcon_core.package_discovery:discover_packages(path) check parameters
[0.340s] Level 1:colcon.colcon_core.package_discovery:discover_packages(colcon_meta) discover
[0.340s] Level 1:colcon.colcon_core.package_discovery:discover_packages(recursive) discover
[0.340s] INFO:colcon.colcon_core.package_discovery:Crawling recursively for packages in '/home/student/ros2_ws/src/RoboticsStudio1'
[0.340s] Level 1:colcon.colcon_core.package_identification:_identify(.) by extensions ['ignore', 'ignore_ament_install']
[0.340s] Level 1:colcon.colcon_core.package_identification:_identify(.) by extension 'ignore'
[0.340s] Level 1:colcon.colcon_core.package_identification:_identify(.) by extension 'ignore_ament_install'
[0.340s] Level 1:colcon.colcon_core.package_identification:_identify(.) by extensions ['colcon_pkg']
[0.340s] Level 1:colcon.colcon_core.package_identification:_identify(.) by extension 'colcon_pkg'
[0.340s] Level 1:colcon.colcon_core.package_identification:_identify(.) by extensions ['colcon_meta']
[0.340s] Level 1:colcon.colcon_core.package_identification:_identify(.) by extension 'colcon_meta'
[0.340s] Level 1:colcon.colcon_core.package_identification:_identify(.) by extensions ['ros']
[0.340s] Level 1:colcon.colcon_core.package_identification:_identify(.) by extension 'ros'
[0.359s] DEBUG:colcon.colcon_core.package_identification:Package '.' with type 'ros.ament_cmake' and name '41068_ignition_bringup'
[0.359s] Level 1:colcon.colcon_core.package_discovery:discover_packages(recursive) using defaults
[0.359s] Level 1:colcon.colcon_core.package_discovery:discover_packages(ignore) discover
[0.359s] Level 1:colcon.colcon_core.package_discovery:discover_packages(ignore) using defaults
[0.359s] Level 1:colcon.colcon_core.package_discovery:discover_packages(path) discover
[0.359s] Level 1:colcon.colcon_core.package_discovery:discover_packages(path) using defaults
[0.404s] Level 1:colcon.colcon_core.package_discovery:discover_packages(prefix_path) check parameters
[0.404s] Level 1:colcon.colcon_core.package_discovery:discover_packages(prefix_path) discover
[0.406s] DEBUG:colcon.colcon_installed_package_information.package_discovery:Found 1 installed packages in /home/student/ros2_ws/install
[0.408s] DEBUG:colcon.colcon_installed_package_information.package_discovery:Found 428 installed packages in /opt/ros/humble
[0.411s] Level 1:colcon.colcon_core.package_discovery:discover_packages(prefix_path) using defaults
[0.468s] Level 5:colcon.colcon_core.verb:set package '41068_ignition_bringup' build argument 'cmake_args' from command line to 'None'
[0.468s] Level 5:colcon.colcon_core.verb:set package '41068_ignition_bringup' build argument 'cmake_target' from command line to 'None'
[0.468s] Level 5:colcon.colcon_core.verb:set package '41068_ignition_bringup' build argument 'cmake_target_skip_unavailable' from command line to 'False'
[0.468s] Level 5:colcon.colcon_core.verb:set package '41068_ignition_bringup' build argument 'cmake_clean_cache' from command line to 'False'
[0.468s] Level 5:colcon.colcon_core.verb:set package '41068_ignition_bringup' build argument 'cmake_clean_first' from command line to 'False'
[0.468s] Level 5:colcon.colcon_core.verb:set package '41068_ignition_bringup' build argument 'cmake_force_configure' from command line to 'False'
[0.468s] Level 5:colcon.colcon_core.verb:set package '41068_ignition_bringup' build argument 'ament_cmake_args' from command line to 'None'
[0.468s] Level 5:colcon.colcon_core.verb:set package '41068_ignition_bringup' build argument 'catkin_cmake_args' from command line to 'None'
[0.468s] Level 5:colcon.colcon_core.verb:set package '41068_ignition_bringup' build argument 'catkin_skip_building_tests' from command line to 'False'
[0.468s] DEBUG:colcon.colcon_core.verb:Building package '41068_ignition_bringup' with the following arguments: {'ament_cmake_args': None, 'build_base': '/home/student/ros2_ws/src/RoboticsStudio1/build/41068_ignition_bringup', 'catkin_cmake_args': None, 'catkin_skip_building_tests': False, 'cmake_args': None, 'cmake_clean_cache': False, 'cmake_clean_first': False, 'cmake_force_configure': False, 'cmake_target': None, 'cmake_target_skip_unavailable': False, 'install_base': '/home/student/ros2_ws/src/RoboticsStudio1/install/41068_ignition_bringup', 'merge_install': False, 'path': '/home/student/ros2_ws/src/RoboticsStudio1', 'symlink_install': False, 'test_result_base': None}
[0.469s] INFO:colcon.colcon_core.executor:Executing jobs using 'parallel' executor
[0.470s] DEBUG:colcon.colcon_parallel_executor.executor.parallel:run_until_complete
[0.471s] INFO:colcon.colcon_ros.task.ament_cmake.build:Building ROS package in '/home/student/ros2_ws/src/RoboticsStudio1' with build type 'ament_cmake'
[0.471s] INFO:colcon.colcon_cmake.task.cmake.build:Building CMake package in '/home/student/ros2_ws/src/RoboticsStudio1'
[0.473s] INFO:colcon.colcon_core.plugin_system:Skipping extension 'colcon_core.shell.bat': Not used on non-Windows systems
[0.474s] INFO:colcon.colcon_core.shell:Skip shell extension 'powershell' for command environment: Not usable outside of PowerShell
[0.474s] DEBUG:colcon.colcon_core.shell:Skip shell extension 'dsv' for command environment
[0.484s] DEBUG:colcon.colcon_core.event_handler.log_command:Invoking command in '/home/student/ros2_ws/src/RoboticsStudio1/build/41068_ignition_bringup': CMAKE_PREFIX_PATH=${CMAKE_PREFIX_PATH}:/opt/ros/humble /usr/bin/cmake /home/student/ros2_ws/src/RoboticsStudio1 -DCMAKE_INSTALL_PREFIX=/home/student/ros2_ws/src/RoboticsStudio1/install/41068_ignition_bringup
[3.426s] DEBUG:colcon.colcon_core.event_handler.log_command:Invoked command in '/home/student/ros2_ws/src/RoboticsStudio1/build/41068_ignition_bringup' returned '0': CMAKE_PREFIX_PATH=${CMAKE_PREFIX_PATH}:/opt/ros/humble /usr/bin/cmake /home/student/ros2_ws/src/RoboticsStudio1 -DCMAKE_INSTALL_PREFIX=/home/student/ros2_ws/src/RoboticsStudio1/install/41068_ignition_bringup
[3.428s] DEBUG:colcon.colcon_core.event_handler.log_command:Invoking command in '/home/student/ros2_ws/src/RoboticsStudio1/build/41068_ignition_bringup': CMAKE_PREFIX_PATH=${CMAKE_PREFIX_PATH}:/opt/ros/humble /usr/bin/cmake --build /home/student/ros2_ws/src/RoboticsStudio1/build/41068_ignition_bringup -- -j8 -l8
[3.480s] DEBUG:colcon.colcon_core.event_handler.log_command:Invoked command in '/home/student/ros2_ws/src/RoboticsStudio1/build/41068_ignition_bringup' returned '0': CMAKE_PREFIX_PATH=${CMAKE_PREFIX_PATH}:/opt/ros/humble /usr/bin/cmake --build /home/student/ros2_ws/src/RoboticsStudio1/build/41068_ignition_bringup -- -j8 -l8
[3.494s] DEBUG:colcon.colcon_core.event_handler.log_command:Invoking command in '/home/student/ros2_ws/src/RoboticsStudio1/build/41068_ignition_bringup': CMAKE_PREFIX_PATH=${CMAKE_PREFIX_PATH}:/opt/ros/humble /usr/bin/cmake --install /home/student/ros2_ws/src/RoboticsStudio1/build/41068_ignition_bringup
[4.105s] Level 1:colcon.colcon_core.environment:create_environment_scripts_only(41068_ignition_bringup)
[4.106s] DEBUG:colcon.colcon_core.event_handler.log_command:Invoked command in '/home/student/ros2_ws/src/RoboticsStudio1/build/41068_ignition_bringup' returned '0': CMAKE_PREFIX_PATH=${CMAKE_PREFIX_PATH}:/opt/ros/humble /usr/bin/cmake --install /home/student/ros2_ws/src/RoboticsStudio1/build/41068_ignition_bringup
[4.109s] Level 1:colcon.colcon_core.environment:checking '/home/student/ros2_ws/src/RoboticsStudio1/install/41068_ignition_bringup' for CMake module files
[4.110s] Level 1:colcon.colcon_core.environment:checking '/home/student/ros2_ws/src/RoboticsStudio1/install/41068_ignition_bringup' for CMake config files
[4.111s] Level 1:colcon.colcon_core.shell:create_environment_hook('41068_ignition_bringup', 'cmake_prefix_path')
[4.111s] INFO:colcon.colcon_core.shell:Creating environment hook '/home/student/ros2_ws/src/RoboticsStudio1/install/41068_ignition_bringup/share/41068_ignition_bringup/hook/cmake_prefix_path.ps1'
[4.112s] INFO:colcon.colcon_core.shell:Creating environment descriptor '/home/student/ros2_ws/src/RoboticsStudio1/install/41068_ignition_bringup/share/41068_ignition_bringup/hook/cmake_prefix_path.dsv'
[4.113s] INFO:colcon.colcon_core.shell:Creating environment hook '/home/student/ros2_ws/src/RoboticsStudio1/install/41068_ignition_bringup/share/41068_ignition_bringup/hook/cmake_prefix_path.sh'
[4.114s] Level 1:colcon.colcon_core.environment:checking '/home/student/ros2_ws/src/RoboticsStudio1/install/41068_ignition_bringup/lib'
[4.114s] Level 1:colcon.colcon_core.environment:checking '/home/student/ros2_ws/src/RoboticsStudio1/install/41068_ignition_bringup/bin'
[4.115s] Level 1:colcon.colcon_core.environment:checking '/home/student/ros2_ws/src/RoboticsStudio1/install/41068_ignition_bringup/lib/pkgconfig/41068_ignition_bringup.pc'
[4.115s] Level 1:colcon.colcon_core.environment:checking '/home/student/ros2_ws/src/RoboticsStudio1/install/41068_ignition_bringup/lib/python3.10/site-packages'
[4.115s] Level 1:colcon.colcon_core.environment:checking '/home/student/ros2_ws/src/RoboticsStudio1/install/41068_ignition_bringup/bin'
[4.116s] INFO:colcon.colcon_core.shell:Creating package script '/home/student/ros2_ws/src/RoboticsStudio1/install/41068_ignition_bringup/share/41068_ignition_bringup/package.ps1'
[4.116s] INFO:colcon.colcon_core.shell:Creating package descriptor '/home/student/ros2_ws/src/RoboticsStudio1/install/41068_ignition_bringup/share/41068_ignition_bringup/package.dsv'
[4.117s] INFO:colcon.colcon_core.shell:Creating package script '/home/student/ros2_ws/src/RoboticsStudio1/install/41068_ignition_bringup/share/41068_ignition_bringup/package.sh'
[4.118s] INFO:colcon.colcon_core.shell:Creating package script '/home/student/ros2_ws/src/RoboticsStudio1/install/41068_ignition_bringup/share/41068_ignition_bringup/package.bash'
[4.119s] INFO:colcon.colcon_core.shell:Creating package script '/home/student/ros2_ws/src/RoboticsStudio1/install/41068_ignition_bringup/share/41068_ignition_bringup/package.zsh'
[4.120s] Level 1:colcon.colcon_core.environment:create_file_with_runtime_dependencies(/home/student/ros2_ws/src/RoboticsStudio1/install/41068_ignition_bringup/share/colcon-core/packages/41068_ignition_bringup)
[4.121s] Level 1:colcon.colcon_core.environment:create_environment_scripts_only(41068_ignition_bringup)
[4.122s] Level 1:colcon.colcon_core.environment:checking '/home/student/ros2_ws/src/RoboticsStudio1/install/41068_ignition_bringup' for CMake module files
[4.122s] Level 1:colcon.colcon_core.environment:checking '/home/student/ros2_ws/src/RoboticsStudio1/install/41068_ignition_bringup' for CMake config files
[4.122s] Level 1:colcon.colcon_core.shell:create_environment_hook('41068_ignition_bringup', 'cmake_prefix_path')
[4.123s] INFO:colcon.colcon_core.shell:Creating environment hook '/home/student/ros2_ws/src/RoboticsStudio1/install/41068_ignition_bringup/share/41068_ignition_bringup/hook/cmake_prefix_path.ps1'
[4.123s] INFO:colcon.colcon_core.shell:Creating environment descriptor '/home/student/ros2_ws/src/RoboticsStudio1/install/41068_ignition_bringup/share/41068_ignition_bringup/hook/cmake_prefix_path.dsv'
[4.124s] INFO:colcon.colcon_core.shell:Creating environment hook '/home/student/ros2_ws/src/RoboticsStudio1/install/41068_ignition_bringup/share/41068_ignition_bringup/hook/cmake_prefix_path.sh'
[4.124s] Level 1:colcon.colcon_core.environment:checking '/home/student/ros2_ws/src/RoboticsStudio1/install/41068_ignition_bringup/lib'
[4.125s] Level 1:colcon.colcon_core.environment:checking '/home/student/ros2_ws/src/RoboticsStudio1/install/41068_ignition_bringup/bin'
[4.125s] Level 1:colcon.colcon_core.environment:checking '/home/student/ros2_ws/src/RoboticsStudio1/install/41068_ignition_bringup/lib/pkgconfig/41068_ignition_bringup.pc'
[4.125s] Level 1:colcon.colcon_core.environment:checking '/home/student/ros2_ws/src/RoboticsStudio1/install/41068_ignition_bringup/lib/python3.10/site-packages'
[4.125s] Level 1:colcon.colcon_core.environment:checking '/home/student/ros2_ws/src/RoboticsStudio1/install/41068_ignition_bringup/bin'
[4.126s] INFO:colcon.colcon_core.shell:Creating package script '/home/student/ros2_ws/src/RoboticsStudio1/install/41068_ignition_bringup/share/41068_ignition_bringup/package.ps1'
[4.126s] INFO:colcon.colcon_core.shell:Creating package descriptor '/home/student/ros2_ws/src/RoboticsStudio1/install/41068_ignition_bringup/share/41068_ignition_bringup/package.dsv'
[4.127s] INFO:colcon.colcon_core.shell:Creating package script '/home/student/ros2_ws/src/RoboticsStudio1/install/41068_ignition_bringup/share/41068_ignition_bringup/package.sh'
[4.127s] INFO:colcon.colcon_core.shell:Creating package script '/home/student/ros2_ws/src/RoboticsStudio1/install/41068_ignition_bringup/share/41068_ignition_bringup/package.bash'
[4.128s] INFO:colcon.colcon_core.shell:Creating package script '/home/student/ros2_ws/src/RoboticsStudio1/install/41068_ignition_bringup/share/41068_ignition_bringup/package.zsh'
[4.128s] Level 1:colcon.colcon_core.environment:create_file_with_runtime_dependencies(/home/student/ros2_ws/src/RoboticsStudio1/install/41068_ignition_bringup/share/colcon-core/packages/41068_ignition_bringup)
[4.129s] DEBUG:colcon.colcon_parallel_executor.executor.parallel:closing loop
[4.129s] DEBUG:colcon.colcon_parallel_executor.executor.parallel:loop closed
[4.129s] DEBUG:colcon.colcon_parallel_executor.executor.parallel:run_until_complete finished with '0'
[4.129s] DEBUG:colcon.colcon_core.event_reactor:joining thread
[4.136s] INFO:colcon.colcon_core.plugin_system:Skipping extension 'colcon_notification.desktop_notification.terminal_notifier': Not used on non-Darwin systems
[4.136s] INFO:colcon.colcon_core.plugin_system:Skipping extension 'colcon_notification.desktop_notification.win32': Not used on non-Windows systems
[4.136s] INFO:colcon.colcon_notification.desktop_notification:Sending desktop notification using 'notify2'
[4.156s] DEBUG:colcon.colcon_core.event_reactor:joined thread
[4.156s] INFO:colcon.colcon_core.shell:Creating prefix script '/home/student/ros2_ws/src/RoboticsStudio1/install/local_setup.ps1'
[4.158s] INFO:colcon.colcon_core.shell:Creating prefix util module '/home/student/ros2_ws/src/RoboticsStudio1/install/_local_setup_util_ps1.py'
[4.159s] INFO:colcon.colcon_core.shell:Creating prefix chain script '/home/student/ros2_ws/src/RoboticsStudio1/install/setup.ps1'
[4.161s] INFO:colcon.colcon_core.shell:Creating prefix script '/home/student/ros2_ws/src/RoboticsStudio1/install/local_setup.sh'
[4.162s] INFO:colcon.colcon_core.shell:Creating prefix util module '/home/student/ros2_ws/src/RoboticsStudio1/install/_local_setup_util_sh.py'
[4.163s] INFO:colcon.colcon_core.shell:Creating prefix chain script '/home/student/ros2_ws/src/RoboticsStudio1/install/setup.sh'
[4.165s] INFO:colcon.colcon_core.shell:Creating prefix script '/home/student/ros2_ws/src/RoboticsStudio1/install/local_setup.bash'
[4.165s] INFO:colcon.colcon_core.shell:Creating prefix chain script '/home/student/ros2_ws/src/RoboticsStudio1/install/setup.bash'
[4.167s] INFO:colcon.colcon_core.shell:Creating prefix script '/home/student/ros2_ws/src/RoboticsStudio1/install/local_setup.zsh'
[4.167s] INFO:colcon.colcon_core.shell:Creating prefix chain script '/home/student/ros2_ws/src/RoboticsStudio1/install/setup.zsh'
