[1.109s] DEBUG:colcon:Command line arguments: ['/usr/bin/colcon', 'build', '--symlink-install']
[1.110s] DEBUG:colcon:Parsed command line arguments: Namespace(log_base=None, log_level=None, verb_name='build', build_base='build', install_base='install', merge_install=False, symlink_install=True, test_result_base=None, continue_on_error=False, executor='parallel', parallel_workers=8, event_handlers=None, ignore_user_meta=False, metas=['./colcon.meta'], base_paths=['.'], packages_ignore=None, packages_ignore_regex=None, paths=None, packages_up_to=None, packages_up_to_regex=None, packages_above=None, packages_above_and_dependencies=None, packages_above_depth=None, packages_select_by_dep=None, packages_skip_by_dep=None, packages_skip_up_to=None, packages_select_build_failed=False, packages_skip_build_finished=False, packages_select_test_failures=False, packages_skip_test_passed=False, packages_select=None, packages_skip=None, packages_select_regex=None, packages_skip_regex=None, packages_start=None, packages_end=None, allow_overriding=[], cmake_args=None, cmake_target=None, cmake_target_skip_unavailable=False, cmake_clean_cache=False, cmake_clean_first=False, cmake_force_configure=False, ament_cmake_args=None, catkin_cmake_args=None, catkin_skip_building_tests=False, mixin_files=None, mixin=None, verb_parser=<colcon_mixin.mixin.mixin_argument.MixinArgumentDecorator object at 0x70a5222d6770>, verb_extension=<colcon_core.verb.build.BuildVerb object at 0x70a5222d5d50>, main=<bound method BuildVerb.main of <colcon_core.verb.build.BuildVerb object at 0x70a5222d5d50>>, mixin_verb=('build',))
[3.117s] Level 1:colcon.colcon_core.package_discovery:discover_packages(colcon_meta) check parameters
[3.117s] Level 1:colcon.colcon_core.package_discovery:discover_packages(recursive) check parameters
[3.117s] Level 1:colcon.colcon_core.package_discovery:discover_packages(ignore) check parameters
[3.117s] Level 1:colcon.colcon_core.package_discovery:discover_packages(path) check parameters
[3.117s] Level 1:colcon.colcon_core.package_discovery:discover_packages(colcon_meta) discover
[3.118s] Level 1:colcon.colcon_core.package_discovery:discover_packages(recursive) discover
[3.118s] INFO:colcon.colcon_core.package_discovery:Crawling recursively for packages in '/home/student/41068_ws'
[3.118s] Level 1:colcon.colcon_core.package_identification:_identify(.) by extensions ['ignore', 'ignore_ament_install']
[3.118s] Level 1:colcon.colcon_core.package_identification:_identify(.) by extension 'ignore'
[3.118s] Level 1:colcon.colcon_core.package_identification:_identify(.) by extension 'ignore_ament_install'
[3.118s] Level 1:colcon.colcon_core.package_identification:_identify(.) by extensions ['colcon_pkg']
[3.118s] Level 1:colcon.colcon_core.package_identification:_identify(.) by extension 'colcon_pkg'
[3.118s] Level 1:colcon.colcon_core.package_identification:_identify(.) by extensions ['colcon_meta']
[3.118s] Level 1:colcon.colcon_core.package_identification:_identify(.) by extension 'colcon_meta'
[3.118s] Level 1:colcon.colcon_core.package_identification:_identify(.) by extensions ['ros']
[3.118s] Level 1:colcon.colcon_core.package_identification:_identify(.) by extension 'ros'
[3.153s] Level 1:colcon.colcon_core.package_identification:_identify(.) by extensions ['cmake', 'python']
[3.153s] Level 1:colcon.colcon_core.package_identification:_identify(.) by extension 'cmake'
[3.154s] Level 1:colcon.colcon_core.package_identification:_identify(.) by extension 'python'
[3.154s] Level 1:colcon.colcon_core.package_identification:_identify(.) by extensions ['python_setup_py']
[3.154s] Level 1:colcon.colcon_core.package_identification:_identify(.) by extension 'python_setup_py'
[3.154s] Level 1:colcon.colcon_core.package_identification:_identify(build) by extensions ['ignore', 'ignore_ament_install']
[3.154s] Level 1:colcon.colcon_core.package_identification:_identify(build) by extension 'ignore'
[3.154s] Level 1:colcon.colcon_core.package_identification:_identify(build) ignored
[3.154s] Level 1:colcon.colcon_core.package_identification:_identify(install) by extensions ['ignore', 'ignore_ament_install']
[3.154s] Level 1:colcon.colcon_core.package_identification:_identify(install) by extension 'ignore'
[3.154s] Level 1:colcon.colcon_core.package_identification:_identify(install) ignored
[3.154s] Level 1:colcon.colcon_core.package_identification:_identify(log) by extensions ['ignore', 'ignore_ament_install']
[3.154s] Level 1:colcon.colcon_core.package_identification:_identify(log) by extension 'ignore'
[3.154s] Level 1:colcon.colcon_core.package_identification:_identify(log) ignored
[3.155s] Level 1:colcon.colcon_core.package_identification:_identify(src) by extensions ['ignore', 'ignore_ament_install']
[3.155s] Level 1:colcon.colcon_core.package_identification:_identify(src) by extension 'ignore'
[3.155s] Level 1:colcon.colcon_core.package_identification:_identify(src) by extension 'ignore_ament_install'
[3.155s] Level 1:colcon.colcon_core.package_identification:_identify(src) by extensions ['colcon_pkg']
[3.155s] Level 1:colcon.colcon_core.package_identification:_identify(src) by extension 'colcon_pkg'
[3.155s] Level 1:colcon.colcon_core.package_identification:_identify(src) by extensions ['colcon_meta']
[3.155s] Level 1:colcon.colcon_core.package_identification:_identify(src) by extension 'colcon_meta'
[3.155s] Level 1:colcon.colcon_core.package_identification:_identify(src) by extensions ['ros']
[3.155s] Level 1:colcon.colcon_core.package_identification:_identify(src) by extension 'ros'
[3.155s] Level 1:colcon.colcon_core.package_identification:_identify(src) by extensions ['cmake', 'python']
[3.155s] Level 1:colcon.colcon_core.package_identification:_identify(src) by extension 'cmake'
[3.155s] Level 1:colcon.colcon_core.package_identification:_identify(src) by extension 'python'
[3.155s] Level 1:colcon.colcon_core.package_identification:_identify(src) by extensions ['python_setup_py']
[3.155s] Level 1:colcon.colcon_core.package_identification:_identify(src) by extension 'python_setup_py'
[3.155s] Level 1:colcon.colcon_core.package_identification:_identify(src/41068_ignition_bringup) by extensions ['ignore', 'ignore_ament_install']
[3.155s] Level 1:colcon.colcon_core.package_identification:_identify(src/41068_ignition_bringup) by extension 'ignore'
[3.155s] Level 1:colcon.colcon_core.package_identification:_identify(src/41068_ignition_bringup) by extension 'ignore_ament_install'
[3.155s] Level 1:colcon.colcon_core.package_identification:_identify(src/41068_ignition_bringup) by extensions ['colcon_pkg']
[3.155s] Level 1:colcon.colcon_core.package_identification:_identify(src/41068_ignition_bringup) by extension 'colcon_pkg'
[3.156s] Level 1:colcon.colcon_core.package_identification:_identify(src/41068_ignition_bringup) by extensions ['colcon_meta']
[3.156s] Level 1:colcon.colcon_core.package_identification:_identify(src/41068_ignition_bringup) by extension 'colcon_meta'
[3.156s] Level 1:colcon.colcon_core.package_identification:_identify(src/41068_ignition_bringup) by extensions ['ros']
[3.156s] Level 1:colcon.colcon_core.package_identification:_identify(src/41068_ignition_bringup) by extension 'ros'
[3.172s] DEBUG:colcon.colcon_core.package_identification:Package 'src/41068_ignition_bringup' with type 'ros.ament_cmake' and name '41068_ignition_bringup'
[3.172s] Level 1:colcon.colcon_core.package_discovery:discover_packages(recursive) using defaults
[3.172s] Level 1:colcon.colcon_core.package_discovery:discover_packages(ignore) discover
[3.172s] Level 1:colcon.colcon_core.package_discovery:discover_packages(ignore) using defaults
[3.172s] Level 1:colcon.colcon_core.package_discovery:discover_packages(path) discover
[3.172s] Level 1:colcon.colcon_core.package_discovery:discover_packages(path) using defaults
[3.341s] Level 1:colcon.colcon_core.package_discovery:discover_packages(prefix_path) check parameters
[3.341s] Level 1:colcon.colcon_core.package_discovery:discover_packages(prefix_path) discover
[3.372s] DEBUG:colcon.colcon_installed_package_information.package_discovery:Found 1 installed packages in /home/student/ros2_ws/install
[3.374s] DEBUG:colcon.colcon_installed_package_information.package_discovery:Found 439 installed packages in /opt/ros/humble
[3.376s] Level 1:colcon.colcon_core.package_discovery:discover_packages(prefix_path) using defaults
[3.449s] Level 5:colcon.colcon_core.verb:set package '41068_ignition_bringup' build argument 'cmake_args' from command line to 'None'
[3.449s] Level 5:colcon.colcon_core.verb:set package '41068_ignition_bringup' build argument 'cmake_target' from command line to 'None'
[3.449s] Level 5:colcon.colcon_core.verb:set package '41068_ignition_bringup' build argument 'cmake_target_skip_unavailable' from command line to 'False'
[3.449s] Level 5:colcon.colcon_core.verb:set package '41068_ignition_bringup' build argument 'cmake_clean_cache' from command line to 'False'
[3.449s] Level 5:colcon.colcon_core.verb:set package '41068_ignition_bringup' build argument 'cmake_clean_first' from command line to 'False'
[3.449s] Level 5:colcon.colcon_core.verb:set package '41068_ignition_bringup' build argument 'cmake_force_configure' from command line to 'False'
[3.449s] Level 5:colcon.colcon_core.verb:set package '41068_ignition_bringup' build argument 'ament_cmake_args' from command line to 'None'
[3.449s] Level 5:colcon.colcon_core.verb:set package '41068_ignition_bringup' build argument 'catkin_cmake_args' from command line to 'None'
[3.450s] Level 5:colcon.colcon_core.verb:set package '41068_ignition_bringup' build argument 'catkin_skip_building_tests' from command line to 'False'
[3.450s] DEBUG:colcon.colcon_core.verb:Building package '41068_ignition_bringup' with the following arguments: {'ament_cmake_args': None, 'build_base': '/home/student/41068_ws/build/41068_ignition_bringup', 'catkin_cmake_args': None, 'catkin_skip_building_tests': False, 'cmake_args': None, 'cmake_clean_cache': False, 'cmake_clean_first': False, 'cmake_force_configure': False, 'cmake_target': None, 'cmake_target_skip_unavailable': False, 'install_base': '/home/student/41068_ws/install/41068_ignition_bringup', 'merge_install': False, 'path': '/home/student/41068_ws/src/41068_ignition_bringup', 'symlink_install': True, 'test_result_base': None}
[3.450s] INFO:colcon.colcon_core.executor:Executing jobs using 'parallel' executor
[3.451s] DEBUG:colcon.colcon_parallel_executor.executor.parallel:run_until_complete
[3.451s] INFO:colcon.colcon_ros.task.ament_cmake.build:Building ROS package in '/home/student/41068_ws/src/41068_ignition_bringup' with build type 'ament_cmake'
[3.451s] INFO:colcon.colcon_cmake.task.cmake.build:Building CMake package in '/home/student/41068_ws/src/41068_ignition_bringup'
[3.520s] INFO:colcon.colcon_core.plugin_system:Skipping extension 'colcon_core.shell.bat': Not used on non-Windows systems
[3.520s] INFO:colcon.colcon_core.shell:Skip shell extension 'powershell' for command environment: Not usable outside of PowerShell
[3.520s] DEBUG:colcon.colcon_core.shell:Skip shell extension 'dsv' for command environment
[3.544s] DEBUG:colcon.colcon_core.event_handler.log_command:Invoking command in '/home/student/41068_ws/build/41068_ignition_bringup': CMAKE_PREFIX_PATH=${CMAKE_PREFIX_PATH}:/opt/ros/humble /usr/bin/cmake --build /home/student/41068_ws/build/41068_ignition_bringup -- -j8 -l8
[4.187s] DEBUG:colcon.colcon_core.event_handler.log_command:Invoked command in '/home/student/41068_ws/build/41068_ignition_bringup' returned '0': CMAKE_PREFIX_PATH=${CMAKE_PREFIX_PATH}:/opt/ros/humble /usr/bin/cmake --build /home/student/41068_ws/build/41068_ignition_bringup -- -j8 -l8
[4.206s] DEBUG:colcon.colcon_core.event_handler.log_command:Invoking command in '/home/student/41068_ws/build/41068_ignition_bringup': CMAKE_PREFIX_PATH=${CMAKE_PREFIX_PATH}:/opt/ros/humble /usr/bin/cmake --install /home/student/41068_ws/build/41068_ignition_bringup
[4.260s] Level 1:colcon.colcon_core.environment:create_environment_scripts_only(41068_ignition_bringup)
[4.261s] DEBUG:colcon.colcon_core.event_handler.log_command:Invoked command in '/home/student/41068_ws/build/41068_ignition_bringup' returned '0': CMAKE_PREFIX_PATH=${CMAKE_PREFIX_PATH}:/opt/ros/humble /usr/bin/cmake --install /home/student/41068_ws/build/41068_ignition_bringup
[4.340s] Level 1:colcon.colcon_core.environment:checking '/home/student/41068_ws/install/41068_ignition_bringup' for CMake module files
[4.340s] Level 1:colcon.colcon_core.environment:checking '/home/student/41068_ws/install/41068_ignition_bringup' for CMake config files
[4.341s] Level 1:colcon.colcon_core.shell:create_environment_hook('41068_ignition_bringup', 'cmake_prefix_path')
[4.341s] INFO:colcon.colcon_core.shell:Creating environment hook '/home/student/41068_ws/install/41068_ignition_bringup/share/41068_ignition_bringup/hook/cmake_prefix_path.ps1'
[4.349s] INFO:colcon.colcon_core.shell:Creating environment descriptor '/home/student/41068_ws/install/41068_ignition_bringup/share/41068_ignition_bringup/hook/cmake_prefix_path.dsv'
[4.353s] INFO:colcon.colcon_core.shell:Creating environment hook '/home/student/41068_ws/install/41068_ignition_bringup/share/41068_ignition_bringup/hook/cmake_prefix_path.sh'
[4.358s] Level 1:colcon.colcon_core.environment:checking '/home/student/41068_ws/install/41068_ignition_bringup/lib'
[4.358s] Level 1:colcon.colcon_core.environment:checking '/home/student/41068_ws/install/41068_ignition_bringup/bin'
[4.358s] Level 1:colcon.colcon_core.environment:checking '/home/student/41068_ws/install/41068_ignition_bringup/lib/pkgconfig/41068_ignition_bringup.pc'
[4.358s] Level 1:colcon.colcon_core.environment:checking '/home/student/41068_ws/install/41068_ignition_bringup/lib/python3.10/site-packages'
[4.358s] Level 1:colcon.colcon_core.environment:checking '/home/student/41068_ws/install/41068_ignition_bringup/bin'
[4.359s] INFO:colcon.colcon_core.shell:Creating package script '/home/student/41068_ws/install/41068_ignition_bringup/share/41068_ignition_bringup/package.ps1'
[4.363s] INFO:colcon.colcon_core.shell:Creating package descriptor '/home/student/41068_ws/install/41068_ignition_bringup/share/41068_ignition_bringup/package.dsv'
[4.367s] INFO:colcon.colcon_core.shell:Creating package script '/home/student/41068_ws/install/41068_ignition_bringup/share/41068_ignition_bringup/package.sh'
[4.370s] INFO:colcon.colcon_core.shell:Creating package script '/home/student/41068_ws/install/41068_ignition_bringup/share/41068_ignition_bringup/package.bash'
[4.378s] INFO:colcon.colcon_core.shell:Creating package script '/home/student/41068_ws/install/41068_ignition_bringup/share/41068_ignition_bringup/package.zsh'
[4.385s] Level 1:colcon.colcon_core.environment:create_file_with_runtime_dependencies(/home/student/41068_ws/install/41068_ignition_bringup/share/colcon-core/packages/41068_ignition_bringup)
[4.386s] Level 1:colcon.colcon_core.environment:create_environment_scripts_only(41068_ignition_bringup)
[4.386s] Level 1:colcon.colcon_core.environment:checking '/home/student/41068_ws/install/41068_ignition_bringup' for CMake module files
[4.387s] Level 1:colcon.colcon_core.environment:checking '/home/student/41068_ws/install/41068_ignition_bringup' for CMake config files
[4.387s] Level 1:colcon.colcon_core.shell:create_environment_hook('41068_ignition_bringup', 'cmake_prefix_path')
[4.387s] INFO:colcon.colcon_core.shell:Creating environment hook '/home/student/41068_ws/install/41068_ignition_bringup/share/41068_ignition_bringup/hook/cmake_prefix_path.ps1'
[4.388s] INFO:colcon.colcon_core.shell:Creating environment descriptor '/home/student/41068_ws/install/41068_ignition_bringup/share/41068_ignition_bringup/hook/cmake_prefix_path.dsv'
[4.388s] INFO:colcon.colcon_core.shell:Creating environment hook '/home/student/41068_ws/install/41068_ignition_bringup/share/41068_ignition_bringup/hook/cmake_prefix_path.sh'
[4.389s] Level 1:colcon.colcon_core.environment:checking '/home/student/41068_ws/install/41068_ignition_bringup/lib'
[4.389s] Level 1:colcon.colcon_core.environment:checking '/home/student/41068_ws/install/41068_ignition_bringup/bin'
[4.389s] Level 1:colcon.colcon_core.environment:checking '/home/student/41068_ws/install/41068_ignition_bringup/lib/pkgconfig/41068_ignition_bringup.pc'
[4.389s] Level 1:colcon.colcon_core.environment:checking '/home/student/41068_ws/install/41068_ignition_bringup/lib/python3.10/site-packages'
[4.389s] Level 1:colcon.colcon_core.environment:checking '/home/student/41068_ws/install/41068_ignition_bringup/bin'
[4.390s] INFO:colcon.colcon_core.shell:Creating package script '/home/student/41068_ws/install/41068_ignition_bringup/share/41068_ignition_bringup/package.ps1'
[4.390s] INFO:colcon.colcon_core.shell:Creating package descriptor '/home/student/41068_ws/install/41068_ignition_bringup/share/41068_ignition_bringup/package.dsv'
[4.391s] INFO:colcon.colcon_core.shell:Creating package script '/home/student/41068_ws/install/41068_ignition_bringup/share/41068_ignition_bringup/package.sh'
[4.391s] INFO:colcon.colcon_core.shell:Creating package script '/home/student/41068_ws/install/41068_ignition_bringup/share/41068_ignition_bringup/package.bash'
[4.392s] INFO:colcon.colcon_core.shell:Creating package script '/home/student/41068_ws/install/41068_ignition_bringup/share/41068_ignition_bringup/package.zsh'
[4.392s] Level 1:colcon.colcon_core.environment:create_file_with_runtime_dependencies(/home/student/41068_ws/install/41068_ignition_bringup/share/colcon-core/packages/41068_ignition_bringup)
[4.393s] DEBUG:colcon.colcon_parallel_executor.executor.parallel:closing loop
[4.393s] DEBUG:colcon.colcon_parallel_executor.executor.parallel:loop closed
[4.393s] DEBUG:colcon.colcon_parallel_executor.executor.parallel:run_until_complete finished with '0'
[4.393s] DEBUG:colcon.colcon_core.event_reactor:joining thread
[4.418s] INFO:colcon.colcon_core.plugin_system:Skipping extension 'colcon_notification.desktop_notification.terminal_notifier': Not used on non-Darwin systems
[4.418s] INFO:colcon.colcon_core.plugin_system:Skipping extension 'colcon_notification.desktop_notification.win32': Not used on non-Windows systems
[4.418s] INFO:colcon.colcon_notification.desktop_notification:Sending desktop notification using 'notify2'
[4.441s] DEBUG:colcon.colcon_core.event_reactor:joined thread
[4.442s] INFO:colcon.colcon_core.shell:Creating prefix script '/home/student/41068_ws/install/local_setup.ps1'
[4.449s] INFO:colcon.colcon_core.shell:Creating prefix util module '/home/student/41068_ws/install/_local_setup_util_ps1.py'
[4.454s] INFO:colcon.colcon_core.shell:Creating prefix chain script '/home/student/41068_ws/install/setup.ps1'
[4.458s] INFO:colcon.colcon_core.shell:Creating prefix script '/home/student/41068_ws/install/local_setup.sh'
[4.462s] INFO:colcon.colcon_core.shell:Creating prefix util module '/home/student/41068_ws/install/_local_setup_util_sh.py'
[4.462s] INFO:colcon.colcon_core.shell:Creating prefix chain script '/home/student/41068_ws/install/setup.sh'
[4.466s] INFO:colcon.colcon_core.shell:Creating prefix script '/home/student/41068_ws/install/local_setup.bash'
[4.470s] INFO:colcon.colcon_core.shell:Creating prefix chain script '/home/student/41068_ws/install/setup.bash'
[4.475s] INFO:colcon.colcon_core.shell:Creating prefix script '/home/student/41068_ws/install/local_setup.zsh'
[4.479s] INFO:colcon.colcon_core.shell:Creating prefix chain script '/home/student/41068_ws/install/setup.zsh'
