[0.013s] Invoking command in '/home/liamhdavis/RoboticsStudio1/build/41068_ignition_bringup': CMAKE_PREFIX_PATH=/opt/ros/humble /usr/bin/cmake /home/liamhdavis/RoboticsStudio1 -DAMENT_CMAKE_SYMLINK_INSTALL=1 -DCMAKE_INSTALL_PREFIX=/home/liamhdavis/RoboticsStudio1/install/41068_ignition_bringup
[0.027s] -- Found ament_cmake: 1.3.11 (/opt/ros/humble/share/ament_cmake/cmake)
[0.161s] -- Override CMake install command with custom implementation using symlinks instead of copying resources
[1.756s] [31mCMake Error at CMakeLists.txt:11 (find_package):
[1.757s]   By not providing "Findros_ign_interfaces.cmake" in CMAKE_MODULE_PATH this
[1.757s]   project has asked CMake to find a package configuration file provided by
[1.757s]   "ros_ign_interfaces", but CMake did not find one.
[1.757s] 
[1.757s]   Could not find a package configuration file provided by
[1.757s]   "ros_ign_interfaces" with any of the following names:
[1.757s] 
[1.757s]     ros_ign_interfacesConfig.cmake
[1.757s]     ros_ign_interfaces-config.cmake
[1.757s] 
[1.757s]   Add the installation prefix of "ros_ign_interfaces" to CMAKE_PREFIX_PATH or
[1.758s]   set "ros_ign_interfaces_DIR" to a directory containing one of the above
[1.758s]   files.  If "ros_ign_interfaces" provides a separate development package or
[1.758s]   SDK, be sure it has been installed.
[1.758s] 
[1.758s] [0m
[1.758s] -- Configuring incomplete, errors occurred!
[1.758s] See also "/home/liamhdavis/RoboticsStudio1/build/41068_ignition_bringup/CMakeFiles/CMakeOutput.log".
[1.760s] Invoked command in '/home/liamhdavis/RoboticsStudio1/build/41068_ignition_bringup' returned '1': CMAKE_PREFIX_PATH=/opt/ros/humble /usr/bin/cmake /home/liamhdavis/RoboticsStudio1 -DAMENT_CMAKE_SYMLINK_INSTALL=1 -DCMAKE_INSTALL_PREFIX=/home/liamhdavis/RoboticsStudio1/install/41068_ignition_bringup
