-- The C compiler identification is GNU 11.4.0
-- The CXX compiler identification is GNU 11.4.0
-- Detecting C compiler ABI info
-- Detecting C compiler ABI info - done
-- Check for working C compiler: /usr/bin/cc - skipped
-- Detecting C compile features
-- Detecting C compile features - done
-- Detecting CXX compiler ABI info
-- Detecting CXX compiler ABI info - done
-- Check for working CXX compiler: /usr/bin/c++ - skipped
-- Detecting CXX compile features
-- Detecting CXX compile features - done
-- Found ament_cmake: 1.3.12 (/opt/ros/humble/share/ament_cmake/cmake)
-- Found Python3: /usr/bin/python3 (found version "3.10.12") found components: Interpreter 
-- Override CMake install command with custom implementation using symlinks instead of copying resources
-- Found ros_ign_interfaces: 0.244.20 (/opt/ros/humble/share/ros_ign_interfaces/cmake)
-- Found rosidl_generator_c: 3.1.7 (/opt/ros/humble/share/rosidl_generator_c/cmake)
-- Found rosidl_adapter: 3.1.7 (/opt/ros/humble/share/rosidl_adapter/cmake)
-- Found rosidl_generator_cpp: 3.1.7 (/opt/ros/humble/share/rosidl_generator_cpp/cmake)
-- Using all available rosidl_typesupport_c: rosidl_typesupport_fastrtps_c;rosidl_typesupport_introspection_c
-- Using all available rosidl_typesupport_cpp: rosidl_typesupport_fastrtps_cpp;rosidl_typesupport_introspection_cpp
-- Found rclpy: 3.3.17 (/opt/ros/humble/share/rclpy/cmake)
-- Found sensor_msgs: 4.9.0 (/opt/ros/humble/share/sensor_msgs/cmake)
-- Found cv_bridge: 3.2.1 (/opt/ros/humble/share/cv_bridge/cmake)
-- Found OpenCV: /usr (found version "4.5.4") 
-- Found ament_lint_auto: 0.12.14 (/opt/ros/humble/share/ament_lint_auto/cmake)
WARNING: Package name "41068_ignition_bringup" does not follow the naming conventions. It should start with a lower case letter and only contain lower case letters, digits, underscores, and dashes.
-- Added test 'copyright' to check source files copyright and LICENSE
-- Added test 'cppcheck' to perform static code analysis on C / C++ code
-- Configured cppcheck include dirs: 
-- Configured cppcheck exclude dirs and/or files: 
-- Added test 'cpplint' to check C / C++ code against the Google style
-- Configured cpplint exclude dirs and/or files: 
-- Added test 'flake8' to check Python code syntax and style conventions
-- Added test 'lint_cmake' to check CMake code style
-- Added test 'pep257' to check Python code against some of the docstring style conventions in PEP 257
-- Added test 'uncrustify' to check C / C++ code style
-- Configured uncrustify additional arguments: 
-- Added test 'xmllint' to check XML markup files
-- Configuring done
-- Generating done
-- Build files have been written to: /home/student/RoboticsStudio1-new/build/41068_ignition_bringup
-- Install configuration: ""
-- Execute custom install script
-- Symlinking: /home/student/RoboticsStudio1-new/install/41068_ignition_bringup/lib/41068_ignition_bringup/fox_detector.py
-- Symlinking: /home/student/RoboticsStudio1-new/install/41068_ignition_bringup/lib/41068_ignition_bringup/navigation.py
-- Symlinking: /home/student/RoboticsStudio1-new/install/41068_ignition_bringup/lib/41068_ignition_bringup/send_goal.py
-- Symlinking: /home/student/RoboticsStudio1-new/install/41068_ignition_bringup/lib/41068_ignition_bringup/GUI.py
-- Symlinking: /home/student/RoboticsStudio1-new/install/41068_ignition_bringup/share/41068_ignition_bringup/config/41068.rviz
-- Symlinking: /home/student/RoboticsStudio1-new/install/41068_ignition_bringup/share/41068_ignition_bringup/config/gazebo_bridge.yaml
-- Symlinking: /home/student/RoboticsStudio1-new/install/41068_ignition_bringup/share/41068_ignition_bringup/config/nav2_params.yaml
-- Symlinking: /home/student/RoboticsStudio1-new/install/41068_ignition_bringup/share/41068_ignition_bringup/config/robot_localization.yaml
-- Symlinking: /home/student/RoboticsStudio1-new/install/41068_ignition_bringup/share/41068_ignition_bringup/config/slam_params.yaml
-- Symlinking: /home/student/RoboticsStudio1-new/install/41068_ignition_bringup/share/41068_ignition_bringup/launch/41068_ignition.launch.py
-- Symlinking: /home/student/RoboticsStudio1-new/install/41068_ignition_bringup/share/41068_ignition_bringup/launch/41068_navigation.launch.py
-- Symlinking: /home/student/RoboticsStudio1-new/install/41068_ignition_bringup/share/41068_ignition_bringup/launch/__pycache__/41068_ignition.launch.cpython-310.pyc
-- Symlinking: /home/student/RoboticsStudio1-new/install/41068_ignition_bringup/share/41068_ignition_bringup/models/Common_Wombat.stl
-- Symlinking: /home/student/RoboticsStudio1-new/install/41068_ignition_bringup/share/41068_ignition_bringup/models/forest_plane/materials/textures/empty_grass.png
-- Symlinking: /home/student/RoboticsStudio1-new/install/41068_ignition_bringup/share/41068_ignition_bringup/models/forest_plane/materials/textures/forest_overhead.png
-- Symlinking: /home/student/RoboticsStudio1-new/install/41068_ignition_bringup/share/41068_ignition_bringup/models/forest_plane/materials/textures/leaf_litter.png
-- Symlinking: /home/student/RoboticsStudio1-new/install/41068_ignition_bringup/share/41068_ignition_bringup/models/forest_plane/model.config
-- Symlinking: /home/student/RoboticsStudio1-new/install/41068_ignition_bringup/share/41068_ignition_bringup/models/forest_plane/model.sdf
-- Symlinking: /home/student/RoboticsStudio1-new/install/41068_ignition_bringup/share/41068_ignition_bringup/models/forest_wall/materials/textures/forest_wall.png
-- Symlinking: /home/student/RoboticsStudio1-new/install/41068_ignition_bringup/share/41068_ignition_bringup/models/forest_wall/materials/textures/forest_wall_transparent.png
-- Symlinking: /home/student/RoboticsStudio1-new/install/41068_ignition_bringup/share/41068_ignition_bringup/models/forest_wall/materials/textures/forest_wall_transparent_small.png
-- Symlinking: /home/student/RoboticsStudio1-new/install/41068_ignition_bringup/share/41068_ignition_bringup/models/forest_wall/model.config
-- Symlinking: /home/student/RoboticsStudio1-new/install/41068_ignition_bringup/share/41068_ignition_bringup/models/forest_wall/model.sdf
-- Symlinking: /home/student/RoboticsStudio1-new/install/41068_ignition_bringup/share/41068_ignition_bringup/models/fox/Fennec_Fox.stl
-- Symlinking: /home/student/RoboticsStudio1-new/install/41068_ignition_bringup/share/41068_ignition_bringup/models/fox/Untitled.obj
-- Symlinking: /home/student/RoboticsStudio1-new/install/41068_ignition_bringup/share/41068_ignition_bringup/models/fox/Untitled.stl
-- Symlinking: /home/student/RoboticsStudio1-new/install/41068_ignition_bringup/share/41068_ignition_bringup/models/fox/Zorro.mtl
-- Symlinking: /home/student/RoboticsStudio1-new/install/41068_ignition_bringup/share/41068_ignition_bringup/models/fox/Zorro.obj
-- Symlinking: /home/student/RoboticsStudio1-new/install/41068_ignition_bringup/share/41068_ignition_bringup/models/fox/ambientMap1.png
-- Symlinking: /home/student/RoboticsStudio1-new/install/41068_ignition_bringup/share/41068_ignition_bringup/models/fox/fox.obj
-- Symlinking: /home/student/RoboticsStudio1-new/install/41068_ignition_bringup/share/41068_ignition_bringup/models/fox/fox.sdf
-- Symlinking: /home/student/RoboticsStudio1-new/install/41068_ignition_bringup/share/41068_ignition_bringup/models/fox/heythere.dae
-- Symlinking: /home/student/RoboticsStudio1-new/install/41068_ignition_bringup/share/41068_ignition_bringup/models/fox/heythere.stl
-- Symlinking: /home/student/RoboticsStudio1-new/install/41068_ignition_bringup/share/41068_ignition_bringup/models/fox/normalMap1.png
-- Symlinking: /home/student/RoboticsStudio1-new/install/41068_ignition_bringup/share/41068_ignition_bringup/models/fox/perfectfox.dae
-- Symlinking: /home/student/RoboticsStudio1-new/install/41068_ignition_bringup/share/41068_ignition_bringup/models/fox/pls.dae
-- Symlinking: /home/student/RoboticsStudio1-new/install/41068_ignition_bringup/share/41068_ignition_bringup/models/fox/source/Zorro.glb
-- Symlinking: /home/student/RoboticsStudio1-new/install/41068_ignition_bringup/share/41068_ignition_bringup/models/fox/textures/gltf_embedded_0.png
-- Symlinking: /home/student/RoboticsStudio1-new/install/41068_ignition_bringup/share/41068_ignition_bringup/models/fox/textures/gltf_embedded_1.png
-- Symlinking: /home/student/RoboticsStudio1-new/install/41068_ignition_bringup/share/41068_ignition_bringup/models/fox/textures/gltf_embedded_1@channels=A.png
-- Symlinking: /home/student/RoboticsStudio1-new/install/41068_ignition_bringup/share/41068_ignition_bringup/models/fox/textures/gltf_embedded_2.png
-- Symlinking: /home/student/RoboticsStudio1-new/install/41068_ignition_bringup/share/41068_ignition_bringup/models/fox/textures/gltf_embedded_3@channels=R.png
-- Symlinking: /home/student/RoboticsStudio1-new/install/41068_ignition_bringup/share/41068_ignition_bringup/models/fox/veryperfectfox.dae
-- Symlinking: /home/student/RoboticsStudio1-new/install/41068_ignition_bringup/share/41068_ignition_bringup/models/fox/veryperfectfoxcolourdae.dae
-- Symlinking: /home/student/RoboticsStudio1-new/install/41068_ignition_bringup/share/41068_ignition_bringup/models/grass_plane/materials/textures/empty_grass.png
-- Symlinking: /home/student/RoboticsStudio1-new/install/41068_ignition_bringup/share/41068_ignition_bringup/models/grass_plane/model.config
-- Symlinking: /home/student/RoboticsStudio1-new/install/41068_ignition_bringup/share/41068_ignition_bringup/models/grass_plane/model.sdf
-- Symlinking: /home/student/RoboticsStudio1-new/install/41068_ignition_bringup/share/41068_ignition_bringup/urdf/common_properties.urdf.xacro
-- Symlinking: /home/student/RoboticsStudio1-new/install/41068_ignition_bringup/share/41068_ignition_bringup/urdf/husky.gazebo.xacro
-- Symlinking: /home/student/RoboticsStudio1-new/install/41068_ignition_bringup/share/41068_ignition_bringup/urdf/husky.urdf.xacro
-- Symlinking: /home/student/RoboticsStudio1-new/install/41068_ignition_bringup/share/41068_ignition_bringup/urdf/meshes/base_link.dae
-- Symlinking: /home/student/RoboticsStudio1-new/install/41068_ignition_bringup/share/41068_ignition_bringup/urdf/meshes/bumper.dae
-- Symlinking: /home/student/RoboticsStudio1-new/install/41068_ignition_bringup/share/41068_ignition_bringup/urdf/meshes/jpl04_arch_nosensor.stl
-- Symlinking: /home/student/RoboticsStudio1-new/install/41068_ignition_bringup/share/41068_ignition_bringup/urdf/meshes/top_chassis.dae
-- Symlinking: /home/student/RoboticsStudio1-new/install/41068_ignition_bringup/share/41068_ignition_bringup/urdf/meshes/top_plate.dae
-- Symlinking: /home/student/RoboticsStudio1-new/install/41068_ignition_bringup/share/41068_ignition_bringup/urdf/meshes/wheel.dae
-- Symlinking: /home/student/RoboticsStudio1-new/install/41068_ignition_bringup/share/41068_ignition_bringup/urdf/wheel.urdf.xacro
-- Symlinking: /home/student/RoboticsStudio1-new/install/41068_ignition_bringup/share/41068_ignition_bringup/worlds/large_demo.sdf
-- Symlinking: /home/student/RoboticsStudio1-new/install/41068_ignition_bringup/share/41068_ignition_bringup/worlds/simple_trees.sdf
-- Symlinking: /home/student/RoboticsStudio1-new/install/41068_ignition_bringup/share/ament_index/resource_index/package_run_dependencies/41068_ignition_bringup
-- Symlinking: /home/student/RoboticsStudio1-new/install/41068_ignition_bringup/share/ament_index/resource_index/parent_prefix_path/41068_ignition_bringup
-- Symlinking: /home/student/RoboticsStudio1-new/install/41068_ignition_bringup/share/41068_ignition_bringup/environment/ament_prefix_path.sh
-- Symlinking: /home/student/RoboticsStudio1-new/install/41068_ignition_bringup/share/41068_ignition_bringup/environment/ament_prefix_path.dsv
-- Symlinking: /home/student/RoboticsStudio1-new/install/41068_ignition_bringup/share/41068_ignition_bringup/environment/path.sh
-- Symlinking: /home/student/RoboticsStudio1-new/install/41068_ignition_bringup/share/41068_ignition_bringup/environment/path.dsv
-- Symlinking: /home/student/RoboticsStudio1-new/install/41068_ignition_bringup/share/41068_ignition_bringup/local_setup.bash
-- Symlinking: /home/student/RoboticsStudio1-new/install/41068_ignition_bringup/share/41068_ignition_bringup/local_setup.sh
-- Symlinking: /home/student/RoboticsStudio1-new/install/41068_ignition_bringup/share/41068_ignition_bringup/local_setup.zsh
-- Symlinking: /home/student/RoboticsStudio1-new/install/41068_ignition_bringup/share/41068_ignition_bringup/local_setup.dsv
-- Symlinking: /home/student/RoboticsStudio1-new/install/41068_ignition_bringup/share/41068_ignition_bringup/package.dsv
-- Symlinking: /home/student/RoboticsStudio1-new/install/41068_ignition_bringup/share/ament_index/resource_index/packages/41068_ignition_bringup
-- Symlinking: /home/student/RoboticsStudio1-new/install/41068_ignition_bringup/share/41068_ignition_bringup/cmake/41068_ignition_bringupConfig.cmake
-- Symlinking: /home/student/RoboticsStudio1-new/install/41068_ignition_bringup/share/41068_ignition_bringup/cmake/41068_ignition_bringupConfig-version.cmake
-- Symlinking: /home/student/RoboticsStudio1-new/install/41068_ignition_bringup/share/41068_ignition_bringup/package.xml
-- Installing: /home/student/RoboticsStudio1-new/install/41068_ignition_bringup/lib/41068_ignition_bringup/fox_detector
