[0.131s] DEBUG:colcon:Command line arguments: ['/usr/bin/colcon', 'list', '-p', '--base-paths', '/home/student/41068_ws']
[0.132s] DEBUG:colcon:Parsed command line arguments: Namespace(log_base=None, log_level=None, verb_name='list', build_base='build', ignore_user_meta=False, metas=['./colcon.meta'], base_paths=['/home/student/41068_ws'], packages_ignore=None, packages_ignore_regex=None, paths=None, packages_up_to=None, packages_up_to_regex=None, packages_above=None, packages_above_and_dependencies=None, packages_above_depth=None, packages_select_by_dep=None, packages_skip_by_dep=None, packages_skip_up_to=None, packages_select_build_failed=False, packages_skip_build_finished=False, packages_select_test_failures=False, packages_skip_test_passed=False, packages_select=None, packages_skip=None, packages_select_regex=None, packages_skip_regex=None, packages_start=None, packages_end=None, allow_overriding=[], topological_order=False, names_only=False, paths_only=True, topological_graph=False, topological_graph_dot=False, topological_graph_density=False, topological_graph_legend=False, topological_graph_dot_cluster=False, topological_graph_dot_include_skipped=False, mixin_files=None, mixin=None, verb_parser=<colcon_mixin.mixin.mixin_argument.MixinArgumentDecorator object at 0x7bc2afb5f1c0>, verb_extension=<colcon_package_information.verb.list.ListVerb object at 0x7bc2afc6f970>, main=<bound method ListVerb.main of <colcon_package_information.verb.list.ListVerb object at 0x7bc2afc6f970>>, mixin_verb=('list',))
[0.389s] Level 1:colcon.colcon_core.package_discovery:discover_packages(colcon_meta) check parameters
[0.389s] Level 1:colcon.colcon_core.package_discovery:discover_packages(recursive) check parameters
[0.389s] Level 1:colcon.colcon_core.package_discovery:discover_packages(ignore) check parameters
[0.389s] Level 1:colcon.colcon_core.package_discovery:discover_packages(path) check parameters
[0.389s] Level 1:colcon.colcon_core.package_discovery:discover_packages(recursive) discover
[0.389s] INFO:colcon.colcon_core.package_discovery:Crawling recursively for packages in '/home/student/41068_ws'
[0.390s] Level 1:colcon.colcon_core.package_identification:_identify(/home/student/41068_ws) by extensions ['ignore', 'ignore_ament_install']
[0.390s] Level 1:colcon.colcon_core.package_identification:_identify(/home/student/41068_ws) by extension 'ignore'
[0.390s] Level 1:colcon.colcon_core.package_identification:_identify(/home/student/41068_ws) by extension 'ignore_ament_install'
[0.390s] Level 1:colcon.colcon_core.package_identification:_identify(/home/student/41068_ws) by extensions ['colcon_pkg']
[0.390s] Level 1:colcon.colcon_core.package_identification:_identify(/home/student/41068_ws) by extension 'colcon_pkg'
[0.390s] Level 1:colcon.colcon_core.package_identification:_identify(/home/student/41068_ws) by extensions ['colcon_meta']
[0.390s] Level 1:colcon.colcon_core.package_identification:_identify(/home/student/41068_ws) by extension 'colcon_meta'
[0.390s] Level 1:colcon.colcon_core.package_identification:_identify(/home/student/41068_ws) by extensions ['ros']
[0.390s] Level 1:colcon.colcon_core.package_identification:_identify(/home/student/41068_ws) by extension 'ros'
[0.409s] Level 1:colcon.colcon_core.package_identification:_identify(/home/student/41068_ws) by extensions ['cmake', 'python']
[0.409s] Level 1:colcon.colcon_core.package_identification:_identify(/home/student/41068_ws) by extension 'cmake'
[0.410s] Level 1:colcon.colcon_core.package_identification:_identify(/home/student/41068_ws) by extension 'python'
[0.410s] Level 1:colcon.colcon_core.package_identification:_identify(/home/student/41068_ws) by extensions ['python_setup_py']
[0.410s] Level 1:colcon.colcon_core.package_identification:_identify(/home/student/41068_ws) by extension 'python_setup_py'
[0.410s] Level 1:colcon.colcon_core.package_identification:_identify(/home/student/41068_ws/build) by extensions ['ignore', 'ignore_ament_install']
[0.410s] Level 1:colcon.colcon_core.package_identification:_identify(/home/student/41068_ws/build) by extension 'ignore'
[0.410s] Level 1:colcon.colcon_core.package_identification:_identify(/home/student/41068_ws/build) ignored
[0.411s] Level 1:colcon.colcon_core.package_identification:_identify(/home/student/41068_ws/install) by extensions ['ignore', 'ignore_ament_install']
[0.411s] Level 1:colcon.colcon_core.package_identification:_identify(/home/student/41068_ws/install) by extension 'ignore'
[0.411s] Level 1:colcon.colcon_core.package_identification:_identify(/home/student/41068_ws/install) ignored
[0.411s] Level 1:colcon.colcon_core.package_identification:_identify(/home/student/41068_ws/log) by extensions ['ignore', 'ignore_ament_install']
[0.411s] Level 1:colcon.colcon_core.package_identification:_identify(/home/student/41068_ws/log) by extension 'ignore'
[0.412s] Level 1:colcon.colcon_core.package_identification:_identify(/home/student/41068_ws/log) ignored
[0.412s] Level 1:colcon.colcon_core.package_identification:_identify(/home/student/41068_ws/src) by extensions ['ignore', 'ignore_ament_install']
[0.412s] Level 1:colcon.colcon_core.package_identification:_identify(/home/student/41068_ws/src) by extension 'ignore'
[0.412s] Level 1:colcon.colcon_core.package_identification:_identify(/home/student/41068_ws/src) by extension 'ignore_ament_install'
[0.412s] Level 1:colcon.colcon_core.package_identification:_identify(/home/student/41068_ws/src) by extensions ['colcon_pkg']
[0.412s] Level 1:colcon.colcon_core.package_identification:_identify(/home/student/41068_ws/src) by extension 'colcon_pkg'
[0.412s] Level 1:colcon.colcon_core.package_identification:_identify(/home/student/41068_ws/src) by extensions ['colcon_meta']
[0.412s] Level 1:colcon.colcon_core.package_identification:_identify(/home/student/41068_ws/src) by extension 'colcon_meta'
[0.413s] Level 1:colcon.colcon_core.package_identification:_identify(/home/student/41068_ws/src) by extensions ['ros']
[0.413s] Level 1:colcon.colcon_core.package_identification:_identify(/home/student/41068_ws/src) by extension 'ros'
[0.413s] Level 1:colcon.colcon_core.package_identification:_identify(/home/student/41068_ws/src) by extensions ['cmake', 'python']
[0.413s] Level 1:colcon.colcon_core.package_identification:_identify(/home/student/41068_ws/src) by extension 'cmake'
[0.413s] Level 1:colcon.colcon_core.package_identification:_identify(/home/student/41068_ws/src) by extension 'python'
[0.413s] Level 1:colcon.colcon_core.package_identification:_identify(/home/student/41068_ws/src) by extensions ['python_setup_py']
[0.413s] Level 1:colcon.colcon_core.package_identification:_identify(/home/student/41068_ws/src) by extension 'python_setup_py'
[0.413s] Level 1:colcon.colcon_core.package_identification:_identify(/home/student/41068_ws/src/41068_ignition_bringup) by extensions ['ignore', 'ignore_ament_install']
[0.413s] Level 1:colcon.colcon_core.package_identification:_identify(/home/student/41068_ws/src/41068_ignition_bringup) by extension 'ignore'
[0.414s] Level 1:colcon.colcon_core.package_identification:_identify(/home/student/41068_ws/src/41068_ignition_bringup) by extension 'ignore_ament_install'
[0.414s] Level 1:colcon.colcon_core.package_identification:_identify(/home/student/41068_ws/src/41068_ignition_bringup) by extensions ['colcon_pkg']
[0.414s] Level 1:colcon.colcon_core.package_identification:_identify(/home/student/41068_ws/src/41068_ignition_bringup) by extension 'colcon_pkg'
[0.414s] Level 1:colcon.colcon_core.package_identification:_identify(/home/student/41068_ws/src/41068_ignition_bringup) by extensions ['colcon_meta']
[0.414s] Level 1:colcon.colcon_core.package_identification:_identify(/home/student/41068_ws/src/41068_ignition_bringup) by extension 'colcon_meta'
[0.414s] Level 1:colcon.colcon_core.package_identification:_identify(/home/student/41068_ws/src/41068_ignition_bringup) by extensions ['ros']
[0.414s] Level 1:colcon.colcon_core.package_identification:_identify(/home/student/41068_ws/src/41068_ignition_bringup) by extension 'ros'
[0.419s] DEBUG:colcon.colcon_core.package_identification:Package '/home/student/41068_ws/src/41068_ignition_bringup' with type 'ros.ament_cmake' and name '41068_ignition_bringup'
[0.420s] Level 1:colcon.colcon_core.package_identification:_identify(/home/student/41068_ws/src/build) by extensions ['ignore', 'ignore_ament_install']
[0.420s] Level 1:colcon.colcon_core.package_identification:_identify(/home/student/41068_ws/src/build) by extension 'ignore'
[0.420s] Level 1:colcon.colcon_core.package_identification:_identify(/home/student/41068_ws/src/build) by extension 'ignore_ament_install'
[0.420s] Level 1:colcon.colcon_core.package_identification:_identify(/home/student/41068_ws/src/build) by extensions ['colcon_pkg']
[0.420s] Level 1:colcon.colcon_core.package_identification:_identify(/home/student/41068_ws/src/build) by extension 'colcon_pkg'
[0.420s] Level 1:colcon.colcon_core.package_identification:_identify(/home/student/41068_ws/src/build) by extensions ['colcon_meta']
[0.420s] Level 1:colcon.colcon_core.package_identification:_identify(/home/student/41068_ws/src/build) by extension 'colcon_meta'
[0.420s] Level 1:colcon.colcon_core.package_identification:_identify(/home/student/41068_ws/src/build) by extensions ['ros']
[0.420s] Level 1:colcon.colcon_core.package_identification:_identify(/home/student/41068_ws/src/build) by extension 'ros'
[0.421s] Level 1:colcon.colcon_core.package_identification:_identify(/home/student/41068_ws/src/build) by extensions ['cmake', 'python']
[0.421s] Level 1:colcon.colcon_core.package_identification:_identify(/home/student/41068_ws/src/build) by extension 'cmake'
[0.421s] Level 1:colcon.colcon_core.package_identification:_identify(/home/student/41068_ws/src/build) by extension 'python'
[0.421s] Level 1:colcon.colcon_core.package_identification:_identify(/home/student/41068_ws/src/build) by extensions ['python_setup_py']
[0.421s] Level 1:colcon.colcon_core.package_identification:_identify(/home/student/41068_ws/src/build) by extension 'python_setup_py'
[0.421s] Level 1:colcon.colcon_core.package_identification:_identify(/home/student/41068_ws/src/build/CMakeFiles) by extensions ['ignore', 'ignore_ament_install']
[0.421s] Level 1:colcon.colcon_core.package_identification:_identify(/home/student/41068_ws/src/build/CMakeFiles) by extension 'ignore'
[0.422s] Level 1:colcon.colcon_core.package_identification:_identify(/home/student/41068_ws/src/build/CMakeFiles) by extension 'ignore_ament_install'
[0.422s] Level 1:colcon.colcon_core.package_identification:_identify(/home/student/41068_ws/src/build/CMakeFiles) by extensions ['colcon_pkg']
[0.422s] Level 1:colcon.colcon_core.package_identification:_identify(/home/student/41068_ws/src/build/CMakeFiles) by extension 'colcon_pkg'
[0.422s] Level 1:colcon.colcon_core.package_identification:_identify(/home/student/41068_ws/src/build/CMakeFiles) by extensions ['colcon_meta']
[0.422s] Level 1:colcon.colcon_core.package_identification:_identify(/home/student/41068_ws/src/build/CMakeFiles) by extension 'colcon_meta'
[0.422s] Level 1:colcon.colcon_core.package_identification:_identify(/home/student/41068_ws/src/build/CMakeFiles) by extensions ['ros']
[0.422s] Level 1:colcon.colcon_core.package_identification:_identify(/home/student/41068_ws/src/build/CMakeFiles) by extension 'ros'
[0.422s] Level 1:colcon.colcon_core.package_identification:_identify(/home/student/41068_ws/src/build/CMakeFiles) by extensions ['cmake', 'python']
[0.422s] Level 1:colcon.colcon_core.package_identification:_identify(/home/student/41068_ws/src/build/CMakeFiles) by extension 'cmake'
[0.422s] Level 1:colcon.colcon_core.package_identification:_identify(/home/student/41068_ws/src/build/CMakeFiles) by extension 'python'
[0.422s] Level 1:colcon.colcon_core.package_identification:_identify(/home/student/41068_ws/src/build/CMakeFiles) by extensions ['python_setup_py']
[0.422s] Level 1:colcon.colcon_core.package_identification:_identify(/home/student/41068_ws/src/build/CMakeFiles) by extension 'python_setup_py'
[0.423s] Level 1:colcon.colcon_core.package_identification:_identify(/home/student/41068_ws/src/build/CMakeFiles/3.22.1) by extensions ['ignore', 'ignore_ament_install']
[0.423s] Level 1:colcon.colcon_core.package_identification:_identify(/home/student/41068_ws/src/build/CMakeFiles/3.22.1) by extension 'ignore'
[0.423s] Level 1:colcon.colcon_core.package_identification:_identify(/home/student/41068_ws/src/build/CMakeFiles/3.22.1) by extension 'ignore_ament_install'
[0.423s] Level 1:colcon.colcon_core.package_identification:_identify(/home/student/41068_ws/src/build/CMakeFiles/3.22.1) by extensions ['colcon_pkg']
[0.423s] Level 1:colcon.colcon_core.package_identification:_identify(/home/student/41068_ws/src/build/CMakeFiles/3.22.1) by extension 'colcon_pkg'
[0.423s] Level 1:colcon.colcon_core.package_identification:_identify(/home/student/41068_ws/src/build/CMakeFiles/3.22.1) by extensions ['colcon_meta']
[0.423s] Level 1:colcon.colcon_core.package_identification:_identify(/home/student/41068_ws/src/build/CMakeFiles/3.22.1) by extension 'colcon_meta'
[0.424s] Level 1:colcon.colcon_core.package_identification:_identify(/home/student/41068_ws/src/build/CMakeFiles/3.22.1) by extensions ['ros']
[0.424s] Level 1:colcon.colcon_core.package_identification:_identify(/home/student/41068_ws/src/build/CMakeFiles/3.22.1) by extension 'ros'
[0.424s] Level 1:colcon.colcon_core.package_identification:_identify(/home/student/41068_ws/src/build/CMakeFiles/3.22.1) by extensions ['cmake', 'python']
[0.424s] Level 1:colcon.colcon_core.package_identification:_identify(/home/student/41068_ws/src/build/CMakeFiles/3.22.1) by extension 'cmake'
[0.424s] Level 1:colcon.colcon_core.package_identification:_identify(/home/student/41068_ws/src/build/CMakeFiles/3.22.1) by extension 'python'
[0.424s] Level 1:colcon.colcon_core.package_identification:_identify(/home/student/41068_ws/src/build/CMakeFiles/3.22.1) by extensions ['python_setup_py']
[0.424s] Level 1:colcon.colcon_core.package_identification:_identify(/home/student/41068_ws/src/build/CMakeFiles/3.22.1) by extension 'python_setup_py'
[0.424s] Level 1:colcon.colcon_core.package_identification:_identify(/home/student/41068_ws/src/build/CMakeFiles/3.22.1/CompilerIdC) by extensions ['ignore', 'ignore_ament_install']
[0.424s] Level 1:colcon.colcon_core.package_identification:_identify(/home/student/41068_ws/src/build/CMakeFiles/3.22.1/CompilerIdC) by extension 'ignore'
[0.425s] Level 1:colcon.colcon_core.package_identification:_identify(/home/student/41068_ws/src/build/CMakeFiles/3.22.1/CompilerIdC) by extension 'ignore_ament_install'
[0.425s] Level 1:colcon.colcon_core.package_identification:_identify(/home/student/41068_ws/src/build/CMakeFiles/3.22.1/CompilerIdC) by extensions ['colcon_pkg']
[0.425s] Level 1:colcon.colcon_core.package_identification:_identify(/home/student/41068_ws/src/build/CMakeFiles/3.22.1/CompilerIdC) by extension 'colcon_pkg'
[0.425s] Level 1:colcon.colcon_core.package_identification:_identify(/home/student/41068_ws/src/build/CMakeFiles/3.22.1/CompilerIdC) by extensions ['colcon_meta']
[0.425s] Level 1:colcon.colcon_core.package_identification:_identify(/home/student/41068_ws/src/build/CMakeFiles/3.22.1/CompilerIdC) by extension 'colcon_meta'
[0.425s] Level 1:colcon.colcon_core.package_identification:_identify(/home/student/41068_ws/src/build/CMakeFiles/3.22.1/CompilerIdC) by extensions ['ros']
[0.425s] Level 1:colcon.colcon_core.package_identification:_identify(/home/student/41068_ws/src/build/CMakeFiles/3.22.1/CompilerIdC) by extension 'ros'
[0.425s] Level 1:colcon.colcon_core.package_identification:_identify(/home/student/41068_ws/src/build/CMakeFiles/3.22.1/CompilerIdC) by extensions ['cmake', 'python']
[0.425s] Level 1:colcon.colcon_core.package_identification:_identify(/home/student/41068_ws/src/build/CMakeFiles/3.22.1/CompilerIdC) by extension 'cmake'
[0.425s] Level 1:colcon.colcon_core.package_identification:_identify(/home/student/41068_ws/src/build/CMakeFiles/3.22.1/CompilerIdC) by extension 'python'
[0.426s] Level 1:colcon.colcon_core.package_identification:_identify(/home/student/41068_ws/src/build/CMakeFiles/3.22.1/CompilerIdC) by extensions ['python_setup_py']
[0.426s] Level 1:colcon.colcon_core.package_identification:_identify(/home/student/41068_ws/src/build/CMakeFiles/3.22.1/CompilerIdC) by extension 'python_setup_py'
[0.426s] Level 1:colcon.colcon_core.package_identification:_identify(/home/student/41068_ws/src/build/CMakeFiles/3.22.1/CompilerIdC/tmp) by extensions ['ignore', 'ignore_ament_install']
[0.426s] Level 1:colcon.colcon_core.package_identification:_identify(/home/student/41068_ws/src/build/CMakeFiles/3.22.1/CompilerIdC/tmp) by extension 'ignore'
[0.426s] Level 1:colcon.colcon_core.package_identification:_identify(/home/student/41068_ws/src/build/CMakeFiles/3.22.1/CompilerIdC/tmp) by extension 'ignore_ament_install'
[0.426s] Level 1:colcon.colcon_core.package_identification:_identify(/home/student/41068_ws/src/build/CMakeFiles/3.22.1/CompilerIdC/tmp) by extensions ['colcon_pkg']
[0.426s] Level 1:colcon.colcon_core.package_identification:_identify(/home/student/41068_ws/src/build/CMakeFiles/3.22.1/CompilerIdC/tmp) by extension 'colcon_pkg'
[0.426s] Level 1:colcon.colcon_core.package_identification:_identify(/home/student/41068_ws/src/build/CMakeFiles/3.22.1/CompilerIdC/tmp) by extensions ['colcon_meta']
[0.427s] Level 1:colcon.colcon_core.package_identification:_identify(/home/student/41068_ws/src/build/CMakeFiles/3.22.1/CompilerIdC/tmp) by extension 'colcon_meta'
[0.427s] Level 1:colcon.colcon_core.package_identification:_identify(/home/student/41068_ws/src/build/CMakeFiles/3.22.1/CompilerIdC/tmp) by extensions ['ros']
[0.427s] Level 1:colcon.colcon_core.package_identification:_identify(/home/student/41068_ws/src/build/CMakeFiles/3.22.1/CompilerIdC/tmp) by extension 'ros'
[0.427s] Level 1:colcon.colcon_core.package_identification:_identify(/home/student/41068_ws/src/build/CMakeFiles/3.22.1/CompilerIdC/tmp) by extensions ['cmake', 'python']
[0.427s] Level 1:colcon.colcon_core.package_identification:_identify(/home/student/41068_ws/src/build/CMakeFiles/3.22.1/CompilerIdC/tmp) by extension 'cmake'
[0.427s] Level 1:colcon.colcon_core.package_identification:_identify(/home/student/41068_ws/src/build/CMakeFiles/3.22.1/CompilerIdC/tmp) by extension 'python'
[0.427s] Level 1:colcon.colcon_core.package_identification:_identify(/home/student/41068_ws/src/build/CMakeFiles/3.22.1/CompilerIdC/tmp) by extensions ['python_setup_py']
[0.427s] Level 1:colcon.colcon_core.package_identification:_identify(/home/student/41068_ws/src/build/CMakeFiles/3.22.1/CompilerIdC/tmp) by extension 'python_setup_py'
[0.427s] Level 1:colcon.colcon_core.package_identification:_identify(/home/student/41068_ws/src/build/CMakeFiles/3.22.1/CompilerIdCXX) by extensions ['ignore', 'ignore_ament_install']
[0.428s] Level 1:colcon.colcon_core.package_identification:_identify(/home/student/41068_ws/src/build/CMakeFiles/3.22.1/CompilerIdCXX) by extension 'ignore'
[0.428s] Level 1:colcon.colcon_core.package_identification:_identify(/home/student/41068_ws/src/build/CMakeFiles/3.22.1/CompilerIdCXX) by extension 'ignore_ament_install'
[0.428s] Level 1:colcon.colcon_core.package_identification:_identify(/home/student/41068_ws/src/build/CMakeFiles/3.22.1/CompilerIdCXX) by extensions ['colcon_pkg']
[0.428s] Level 1:colcon.colcon_core.package_identification:_identify(/home/student/41068_ws/src/build/CMakeFiles/3.22.1/CompilerIdCXX) by extension 'colcon_pkg'
[0.428s] Level 1:colcon.colcon_core.package_identification:_identify(/home/student/41068_ws/src/build/CMakeFiles/3.22.1/CompilerIdCXX) by extensions ['colcon_meta']
[0.428s] Level 1:colcon.colcon_core.package_identification:_identify(/home/student/41068_ws/src/build/CMakeFiles/3.22.1/CompilerIdCXX) by extension 'colcon_meta'
[0.428s] Level 1:colcon.colcon_core.package_identification:_identify(/home/student/41068_ws/src/build/CMakeFiles/3.22.1/CompilerIdCXX) by extensions ['ros']
[0.428s] Level 1:colcon.colcon_core.package_identification:_identify(/home/student/41068_ws/src/build/CMakeFiles/3.22.1/CompilerIdCXX) by extension 'ros'
[0.428s] Level 1:colcon.colcon_core.package_identification:_identify(/home/student/41068_ws/src/build/CMakeFiles/3.22.1/CompilerIdCXX) by extensions ['cmake', 'python']
[0.428s] Level 1:colcon.colcon_core.package_identification:_identify(/home/student/41068_ws/src/build/CMakeFiles/3.22.1/CompilerIdCXX) by extension 'cmake'
[0.429s] Level 1:colcon.colcon_core.package_identification:_identify(/home/student/41068_ws/src/build/CMakeFiles/3.22.1/CompilerIdCXX) by extension 'python'
[0.429s] Level 1:colcon.colcon_core.package_identification:_identify(/home/student/41068_ws/src/build/CMakeFiles/3.22.1/CompilerIdCXX) by extensions ['python_setup_py']
[0.429s] Level 1:colcon.colcon_core.package_identification:_identify(/home/student/41068_ws/src/build/CMakeFiles/3.22.1/CompilerIdCXX) by extension 'python_setup_py'
[0.429s] Level 1:colcon.colcon_core.package_identification:_identify(/home/student/41068_ws/src/build/CMakeFiles/3.22.1/CompilerIdCXX/tmp) by extensions ['ignore', 'ignore_ament_install']
[0.429s] Level 1:colcon.colcon_core.package_identification:_identify(/home/student/41068_ws/src/build/CMakeFiles/3.22.1/CompilerIdCXX/tmp) by extension 'ignore'
[0.429s] Level 1:colcon.colcon_core.package_identification:_identify(/home/student/41068_ws/src/build/CMakeFiles/3.22.1/CompilerIdCXX/tmp) by extension 'ignore_ament_install'
[0.429s] Level 1:colcon.colcon_core.package_identification:_identify(/home/student/41068_ws/src/build/CMakeFiles/3.22.1/CompilerIdCXX/tmp) by extensions ['colcon_pkg']
[0.429s] Level 1:colcon.colcon_core.package_identification:_identify(/home/student/41068_ws/src/build/CMakeFiles/3.22.1/CompilerIdCXX/tmp) by extension 'colcon_pkg'
[0.430s] Level 1:colcon.colcon_core.package_identification:_identify(/home/student/41068_ws/src/build/CMakeFiles/3.22.1/CompilerIdCXX/tmp) by extensions ['colcon_meta']
[0.430s] Level 1:colcon.colcon_core.package_identification:_identify(/home/student/41068_ws/src/build/CMakeFiles/3.22.1/CompilerIdCXX/tmp) by extension 'colcon_meta'
[0.430s] Level 1:colcon.colcon_core.package_identification:_identify(/home/student/41068_ws/src/build/CMakeFiles/3.22.1/CompilerIdCXX/tmp) by extensions ['ros']
[0.430s] Level 1:colcon.colcon_core.package_identification:_identify(/home/student/41068_ws/src/build/CMakeFiles/3.22.1/CompilerIdCXX/tmp) by extension 'ros'
[0.430s] Level 1:colcon.colcon_core.package_identification:_identify(/home/student/41068_ws/src/build/CMakeFiles/3.22.1/CompilerIdCXX/tmp) by extensions ['cmake', 'python']
[0.430s] Level 1:colcon.colcon_core.package_identification:_identify(/home/student/41068_ws/src/build/CMakeFiles/3.22.1/CompilerIdCXX/tmp) by extension 'cmake'
[0.430s] Level 1:colcon.colcon_core.package_identification:_identify(/home/student/41068_ws/src/build/CMakeFiles/3.22.1/CompilerIdCXX/tmp) by extension 'python'
[0.430s] Level 1:colcon.colcon_core.package_identification:_identify(/home/student/41068_ws/src/build/CMakeFiles/3.22.1/CompilerIdCXX/tmp) by extensions ['python_setup_py']
[0.430s] Level 1:colcon.colcon_core.package_identification:_identify(/home/student/41068_ws/src/build/CMakeFiles/3.22.1/CompilerIdCXX/tmp) by extension 'python_setup_py'
[0.430s] Level 1:colcon.colcon_core.package_identification:_identify(/home/student/41068_ws/src/build/CMakeFiles/41068_ignition_bringup_uninstall.dir) by extensions ['ignore', 'ignore_ament_install']
[0.431s] Level 1:colcon.colcon_core.package_identification:_identify(/home/student/41068_ws/src/build/CMakeFiles/41068_ignition_bringup_uninstall.dir) by extension 'ignore'
[0.431s] Level 1:colcon.colcon_core.package_identification:_identify(/home/student/41068_ws/src/build/CMakeFiles/41068_ignition_bringup_uninstall.dir) by extension 'ignore_ament_install'
[0.431s] Level 1:colcon.colcon_core.package_identification:_identify(/home/student/41068_ws/src/build/CMakeFiles/41068_ignition_bringup_uninstall.dir) by extensions ['colcon_pkg']
[0.431s] Level 1:colcon.colcon_core.package_identification:_identify(/home/student/41068_ws/src/build/CMakeFiles/41068_ignition_bringup_uninstall.dir) by extension 'colcon_pkg'
[0.431s] Level 1:colcon.colcon_core.package_identification:_identify(/home/student/41068_ws/src/build/CMakeFiles/41068_ignition_bringup_uninstall.dir) by extensions ['colcon_meta']
[0.431s] Level 1:colcon.colcon_core.package_identification:_identify(/home/student/41068_ws/src/build/CMakeFiles/41068_ignition_bringup_uninstall.dir) by extension 'colcon_meta'
[0.431s] Level 1:colcon.colcon_core.package_identification:_identify(/home/student/41068_ws/src/build/CMakeFiles/41068_ignition_bringup_uninstall.dir) by extensions ['ros']
[0.431s] Level 1:colcon.colcon_core.package_identification:_identify(/home/student/41068_ws/src/build/CMakeFiles/41068_ignition_bringup_uninstall.dir) by extension 'ros'
[0.431s] Level 1:colcon.colcon_core.package_identification:_identify(/home/student/41068_ws/src/build/CMakeFiles/41068_ignition_bringup_uninstall.dir) by extensions ['cmake', 'python']
[0.431s] Level 1:colcon.colcon_core.package_identification:_identify(/home/student/41068_ws/src/build/CMakeFiles/41068_ignition_bringup_uninstall.dir) by extension 'cmake'
[0.431s] Level 1:colcon.colcon_core.package_identification:_identify(/home/student/41068_ws/src/build/CMakeFiles/41068_ignition_bringup_uninstall.dir) by extension 'python'
[0.431s] Level 1:colcon.colcon_core.package_identification:_identify(/home/student/41068_ws/src/build/CMakeFiles/41068_ignition_bringup_uninstall.dir) by extensions ['python_setup_py']
[0.431s] Level 1:colcon.colcon_core.package_identification:_identify(/home/student/41068_ws/src/build/CMakeFiles/41068_ignition_bringup_uninstall.dir) by extension 'python_setup_py'
[0.432s] Level 1:colcon.colcon_core.package_identification:_identify(/home/student/41068_ws/src/build/CMakeFiles/CMakeTmp) by extensions ['ignore', 'ignore_ament_install']
[0.432s] Level 1:colcon.colcon_core.package_identification:_identify(/home/student/41068_ws/src/build/CMakeFiles/CMakeTmp) by extension 'ignore'
[0.432s] Level 1:colcon.colcon_core.package_identification:_identify(/home/student/41068_ws/src/build/CMakeFiles/CMakeTmp) by extension 'ignore_ament_install'
[0.432s] Level 1:colcon.colcon_core.package_identification:_identify(/home/student/41068_ws/src/build/CMakeFiles/CMakeTmp) by extensions ['colcon_pkg']
[0.432s] Level 1:colcon.colcon_core.package_identification:_identify(/home/student/41068_ws/src/build/CMakeFiles/CMakeTmp) by extension 'colcon_pkg'
[0.432s] Level 1:colcon.colcon_core.package_identification:_identify(/home/student/41068_ws/src/build/CMakeFiles/CMakeTmp) by extensions ['colcon_meta']
[0.432s] Level 1:colcon.colcon_core.package_identification:_identify(/home/student/41068_ws/src/build/CMakeFiles/CMakeTmp) by extension 'colcon_meta'
[0.432s] Level 1:colcon.colcon_core.package_identification:_identify(/home/student/41068_ws/src/build/CMakeFiles/CMakeTmp) by extensions ['ros']
[0.433s] Level 1:colcon.colcon_core.package_identification:_identify(/home/student/41068_ws/src/build/CMakeFiles/CMakeTmp) by extension 'ros'
[0.433s] Level 1:colcon.colcon_core.package_identification:_identify(/home/student/41068_ws/src/build/CMakeFiles/CMakeTmp) by extensions ['cmake', 'python']
[0.433s] Level 1:colcon.colcon_core.package_identification:_identify(/home/student/41068_ws/src/build/CMakeFiles/CMakeTmp) by extension 'cmake'
[0.433s] Level 1:colcon.colcon_core.package_identification:_identify(/home/student/41068_ws/src/build/CMakeFiles/CMakeTmp) by extension 'python'
[0.433s] Level 1:colcon.colcon_core.package_identification:_identify(/home/student/41068_ws/src/build/CMakeFiles/CMakeTmp) by extensions ['python_setup_py']
[0.433s] Level 1:colcon.colcon_core.package_identification:_identify(/home/student/41068_ws/src/build/CMakeFiles/CMakeTmp) by extension 'python_setup_py'
[0.433s] Level 1:colcon.colcon_core.package_identification:_identify(/home/student/41068_ws/src/build/CMakeFiles/uninstall.dir) by extensions ['ignore', 'ignore_ament_install']
[0.433s] Level 1:colcon.colcon_core.package_identification:_identify(/home/student/41068_ws/src/build/CMakeFiles/uninstall.dir) by extension 'ignore'
[0.433s] Level 1:colcon.colcon_core.package_identification:_identify(/home/student/41068_ws/src/build/CMakeFiles/uninstall.dir) by extension 'ignore_ament_install'
[0.434s] Level 1:colcon.colcon_core.package_identification:_identify(/home/student/41068_ws/src/build/CMakeFiles/uninstall.dir) by extensions ['colcon_pkg']
[0.434s] Level 1:colcon.colcon_core.package_identification:_identify(/home/student/41068_ws/src/build/CMakeFiles/uninstall.dir) by extension 'colcon_pkg'
[0.434s] Level 1:colcon.colcon_core.package_identification:_identify(/home/student/41068_ws/src/build/CMakeFiles/uninstall.dir) by extensions ['colcon_meta']
[0.434s] Level 1:colcon.colcon_core.package_identification:_identify(/home/student/41068_ws/src/build/CMakeFiles/uninstall.dir) by extension 'colcon_meta'
[0.434s] Level 1:colcon.colcon_core.package_identification:_identify(/home/student/41068_ws/src/build/CMakeFiles/uninstall.dir) by extensions ['ros']
[0.434s] Level 1:colcon.colcon_core.package_identification:_identify(/home/student/41068_ws/src/build/CMakeFiles/uninstall.dir) by extension 'ros'
[0.434s] Level 1:colcon.colcon_core.package_identification:_identify(/home/student/41068_ws/src/build/CMakeFiles/uninstall.dir) by extensions ['cmake', 'python']
[0.434s] Level 1:colcon.colcon_core.package_identification:_identify(/home/student/41068_ws/src/build/CMakeFiles/uninstall.dir) by extension 'cmake'
[0.434s] Level 1:colcon.colcon_core.package_identification:_identify(/home/student/41068_ws/src/build/CMakeFiles/uninstall.dir) by extension 'python'
[0.434s] Level 1:colcon.colcon_core.package_identification:_identify(/home/student/41068_ws/src/build/CMakeFiles/uninstall.dir) by extensions ['python_setup_py']
[0.434s] Level 1:colcon.colcon_core.package_identification:_identify(/home/student/41068_ws/src/build/CMakeFiles/uninstall.dir) by extension 'python_setup_py'
[0.435s] Level 1:colcon.colcon_core.package_identification:_identify(/home/student/41068_ws/src/build/Testing) by extensions ['ignore', 'ignore_ament_install']
[0.435s] Level 1:colcon.colcon_core.package_identification:_identify(/home/student/41068_ws/src/build/Testing) by extension 'ignore'
[0.435s] Level 1:colcon.colcon_core.package_identification:_identify(/home/student/41068_ws/src/build/Testing) by extension 'ignore_ament_install'
[0.435s] Level 1:colcon.colcon_core.package_identification:_identify(/home/student/41068_ws/src/build/Testing) by extensions ['colcon_pkg']
[0.435s] Level 1:colcon.colcon_core.package_identification:_identify(/home/student/41068_ws/src/build/Testing) by extension 'colcon_pkg'
[0.435s] Level 1:colcon.colcon_core.package_identification:_identify(/home/student/41068_ws/src/build/Testing) by extensions ['colcon_meta']
[0.435s] Level 1:colcon.colcon_core.package_identification:_identify(/home/student/41068_ws/src/build/Testing) by extension 'colcon_meta'
[0.435s] Level 1:colcon.colcon_core.package_identification:_identify(/home/student/41068_ws/src/build/Testing) by extensions ['ros']
[0.435s] Level 1:colcon.colcon_core.package_identification:_identify(/home/student/41068_ws/src/build/Testing) by extension 'ros'
[0.435s] Level 1:colcon.colcon_core.package_identification:_identify(/home/student/41068_ws/src/build/Testing) by extensions ['cmake', 'python']
[0.435s] Level 1:colcon.colcon_core.package_identification:_identify(/home/student/41068_ws/src/build/Testing) by extension 'cmake'
[0.435s] Level 1:colcon.colcon_core.package_identification:_identify(/home/student/41068_ws/src/build/Testing) by extension 'python'
[0.435s] Level 1:colcon.colcon_core.package_identification:_identify(/home/student/41068_ws/src/build/Testing) by extensions ['python_setup_py']
[0.436s] Level 1:colcon.colcon_core.package_identification:_identify(/home/student/41068_ws/src/build/Testing) by extension 'python_setup_py'
[0.436s] Level 1:colcon.colcon_core.package_identification:_identify(/home/student/41068_ws/src/build/Testing/20251006-0845) by extensions ['ignore', 'ignore_ament_install']
[0.436s] Level 1:colcon.colcon_core.package_identification:_identify(/home/student/41068_ws/src/build/Testing/20251006-0845) by extension 'ignore'
[0.436s] Level 1:colcon.colcon_core.package_identification:_identify(/home/student/41068_ws/src/build/Testing/20251006-0845) by extension 'ignore_ament_install'
[0.436s] Level 1:colcon.colcon_core.package_identification:_identify(/home/student/41068_ws/src/build/Testing/20251006-0845) by extensions ['colcon_pkg']
[0.436s] Level 1:colcon.colcon_core.package_identification:_identify(/home/student/41068_ws/src/build/Testing/20251006-0845) by extension 'colcon_pkg'
[0.436s] Level 1:colcon.colcon_core.package_identification:_identify(/home/student/41068_ws/src/build/Testing/20251006-0845) by extensions ['colcon_meta']
[0.436s] Level 1:colcon.colcon_core.package_identification:_identify(/home/student/41068_ws/src/build/Testing/20251006-0845) by extension 'colcon_meta'
[0.436s] Level 1:colcon.colcon_core.package_identification:_identify(/home/student/41068_ws/src/build/Testing/20251006-0845) by extensions ['ros']
[0.436s] Level 1:colcon.colcon_core.package_identification:_identify(/home/student/41068_ws/src/build/Testing/20251006-0845) by extension 'ros'
[0.436s] Level 1:colcon.colcon_core.package_identification:_identify(/home/student/41068_ws/src/build/Testing/20251006-0845) by extensions ['cmake', 'python']
[0.436s] Level 1:colcon.colcon_core.package_identification:_identify(/home/student/41068_ws/src/build/Testing/20251006-0845) by extension 'cmake'
[0.436s] Level 1:colcon.colcon_core.package_identification:_identify(/home/student/41068_ws/src/build/Testing/20251006-0845) by extension 'python'
[0.437s] Level 1:colcon.colcon_core.package_identification:_identify(/home/student/41068_ws/src/build/Testing/20251006-0845) by extensions ['python_setup_py']
[0.437s] Level 1:colcon.colcon_core.package_identification:_identify(/home/student/41068_ws/src/build/Testing/20251006-0845) by extension 'python_setup_py'
[0.437s] Level 1:colcon.colcon_core.package_identification:_identify(/home/student/41068_ws/src/build/Testing/Temporary) by extensions ['ignore', 'ignore_ament_install']
[0.437s] Level 1:colcon.colcon_core.package_identification:_identify(/home/student/41068_ws/src/build/Testing/Temporary) by extension 'ignore'
[0.437s] Level 1:colcon.colcon_core.package_identification:_identify(/home/student/41068_ws/src/build/Testing/Temporary) by extension 'ignore_ament_install'
[0.437s] Level 1:colcon.colcon_core.package_identification:_identify(/home/student/41068_ws/src/build/Testing/Temporary) by extensions ['colcon_pkg']
[0.437s] Level 1:colcon.colcon_core.package_identification:_identify(/home/student/41068_ws/src/build/Testing/Temporary) by extension 'colcon_pkg'
[0.437s] Level 1:colcon.colcon_core.package_identification:_identify(/home/student/41068_ws/src/build/Testing/Temporary) by extensions ['colcon_meta']
[0.437s] Level 1:colcon.colcon_core.package_identification:_identify(/home/student/41068_ws/src/build/Testing/Temporary) by extension 'colcon_meta'
[0.437s] Level 1:colcon.colcon_core.package_identification:_identify(/home/student/41068_ws/src/build/Testing/Temporary) by extensions ['ros']
[0.437s] Level 1:colcon.colcon_core.package_identification:_identify(/home/student/41068_ws/src/build/Testing/Temporary) by extension 'ros'
[0.437s] Level 1:colcon.colcon_core.package_identification:_identify(/home/student/41068_ws/src/build/Testing/Temporary) by extensions ['cmake', 'python']
[0.437s] Level 1:colcon.colcon_core.package_identification:_identify(/home/student/41068_ws/src/build/Testing/Temporary) by extension 'cmake'
[0.437s] Level 1:colcon.colcon_core.package_identification:_identify(/home/student/41068_ws/src/build/Testing/Temporary) by extension 'python'
[0.438s] Level 1:colcon.colcon_core.package_identification:_identify(/home/student/41068_ws/src/build/Testing/Temporary) by extensions ['python_setup_py']
[0.438s] Level 1:colcon.colcon_core.package_identification:_identify(/home/student/41068_ws/src/build/Testing/Temporary) by extension 'python_setup_py'
[0.438s] Level 1:colcon.colcon_core.package_identification:_identify(/home/student/41068_ws/src/build/ament_cmake_core) by extensions ['ignore', 'ignore_ament_install']
[0.438s] Level 1:colcon.colcon_core.package_identification:_identify(/home/student/41068_ws/src/build/ament_cmake_core) by extension 'ignore'
[0.438s] Level 1:colcon.colcon_core.package_identification:_identify(/home/student/41068_ws/src/build/ament_cmake_core) by extension 'ignore_ament_install'
[0.438s] Level 1:colcon.colcon_core.package_identification:_identify(/home/student/41068_ws/src/build/ament_cmake_core) by extensions ['colcon_pkg']
[0.438s] Level 1:colcon.colcon_core.package_identification:_identify(/home/student/41068_ws/src/build/ament_cmake_core) by extension 'colcon_pkg'
[0.438s] Level 1:colcon.colcon_core.package_identification:_identify(/home/student/41068_ws/src/build/ament_cmake_core) by extensions ['colcon_meta']
[0.438s] Level 1:colcon.colcon_core.package_identification:_identify(/home/student/41068_ws/src/build/ament_cmake_core) by extension 'colcon_meta'
[0.438s] Level 1:colcon.colcon_core.package_identification:_identify(/home/student/41068_ws/src/build/ament_cmake_core) by extensions ['ros']
[0.438s] Level 1:colcon.colcon_core.package_identification:_identify(/home/student/41068_ws/src/build/ament_cmake_core) by extension 'ros'
[0.438s] Level 1:colcon.colcon_core.package_identification:_identify(/home/student/41068_ws/src/build/ament_cmake_core) by extensions ['cmake', 'python']
[0.439s] Level 1:colcon.colcon_core.package_identification:_identify(/home/student/41068_ws/src/build/ament_cmake_core) by extension 'cmake'
[0.439s] Level 1:colcon.colcon_core.package_identification:_identify(/home/student/41068_ws/src/build/ament_cmake_core) by extension 'python'
[0.439s] Level 1:colcon.colcon_core.package_identification:_identify(/home/student/41068_ws/src/build/ament_cmake_core) by extensions ['python_setup_py']
[0.439s] Level 1:colcon.colcon_core.package_identification:_identify(/home/student/41068_ws/src/build/ament_cmake_core) by extension 'python_setup_py'
[0.439s] Level 1:colcon.colcon_core.package_identification:_identify(/home/student/41068_ws/src/build/ament_cmake_core/stamps) by extensions ['ignore', 'ignore_ament_install']
[0.439s] Level 1:colcon.colcon_core.package_identification:_identify(/home/student/41068_ws/src/build/ament_cmake_core/stamps) by extension 'ignore'
[0.439s] Level 1:colcon.colcon_core.package_identification:_identify(/home/student/41068_ws/src/build/ament_cmake_core/stamps) by extension 'ignore_ament_install'
[0.439s] Level 1:colcon.colcon_core.package_identification:_identify(/home/student/41068_ws/src/build/ament_cmake_core/stamps) by extensions ['colcon_pkg']
[0.439s] Level 1:colcon.colcon_core.package_identification:_identify(/home/student/41068_ws/src/build/ament_cmake_core/stamps) by extension 'colcon_pkg'
[0.439s] Level 1:colcon.colcon_core.package_identification:_identify(/home/student/41068_ws/src/build/ament_cmake_core/stamps) by extensions ['colcon_meta']
[0.439s] Level 1:colcon.colcon_core.package_identification:_identify(/home/student/41068_ws/src/build/ament_cmake_core/stamps) by extension 'colcon_meta'
[0.439s] Level 1:colcon.colcon_core.package_identification:_identify(/home/student/41068_ws/src/build/ament_cmake_core/stamps) by extensions ['ros']
[0.439s] Level 1:colcon.colcon_core.package_identification:_identify(/home/student/41068_ws/src/build/ament_cmake_core/stamps) by extension 'ros'
[0.439s] Level 1:colcon.colcon_core.package_identification:_identify(/home/student/41068_ws/src/build/ament_cmake_core/stamps) by extensions ['cmake', 'python']
[0.439s] Level 1:colcon.colcon_core.package_identification:_identify(/home/student/41068_ws/src/build/ament_cmake_core/stamps) by extension 'cmake'
[0.440s] Level 1:colcon.colcon_core.package_identification:_identify(/home/student/41068_ws/src/build/ament_cmake_core/stamps) by extension 'python'
[0.440s] Level 1:colcon.colcon_core.package_identification:_identify(/home/student/41068_ws/src/build/ament_cmake_core/stamps) by extensions ['python_setup_py']
[0.440s] Level 1:colcon.colcon_core.package_identification:_identify(/home/student/41068_ws/src/build/ament_cmake_core/stamps) by extension 'python_setup_py'
[0.440s] Level 1:colcon.colcon_core.package_identification:_identify(/home/student/41068_ws/src/build/ament_cmake_environment_hooks) by extensions ['ignore', 'ignore_ament_install']
[0.440s] Level 1:colcon.colcon_core.package_identification:_identify(/home/student/41068_ws/src/build/ament_cmake_environment_hooks) by extension 'ignore'
[0.440s] Level 1:colcon.colcon_core.package_identification:_identify(/home/student/41068_ws/src/build/ament_cmake_environment_hooks) by extension 'ignore_ament_install'
[0.440s] Level 1:colcon.colcon_core.package_identification:_identify(/home/student/41068_ws/src/build/ament_cmake_environment_hooks) by extensions ['colcon_pkg']
[0.440s] Level 1:colcon.colcon_core.package_identification:_identify(/home/student/41068_ws/src/build/ament_cmake_environment_hooks) by extension 'colcon_pkg'
[0.440s] Level 1:colcon.colcon_core.package_identification:_identify(/home/student/41068_ws/src/build/ament_cmake_environment_hooks) by extensions ['colcon_meta']
[0.440s] Level 1:colcon.colcon_core.package_identification:_identify(/home/student/41068_ws/src/build/ament_cmake_environment_hooks) by extension 'colcon_meta'
[0.440s] Level 1:colcon.colcon_core.package_identification:_identify(/home/student/41068_ws/src/build/ament_cmake_environment_hooks) by extensions ['ros']
[0.440s] Level 1:colcon.colcon_core.package_identification:_identify(/home/student/41068_ws/src/build/ament_cmake_environment_hooks) by extension 'ros'
[0.440s] Level 1:colcon.colcon_core.package_identification:_identify(/home/student/41068_ws/src/build/ament_cmake_environment_hooks) by extensions ['cmake', 'python']
[0.440s] Level 1:colcon.colcon_core.package_identification:_identify(/home/student/41068_ws/src/build/ament_cmake_environment_hooks) by extension 'cmake'
[0.440s] Level 1:colcon.colcon_core.package_identification:_identify(/home/student/41068_ws/src/build/ament_cmake_environment_hooks) by extension 'python'
[0.441s] Level 1:colcon.colcon_core.package_identification:_identify(/home/student/41068_ws/src/build/ament_cmake_environment_hooks) by extensions ['python_setup_py']
[0.441s] Level 1:colcon.colcon_core.package_identification:_identify(/home/student/41068_ws/src/build/ament_cmake_environment_hooks) by extension 'python_setup_py'
[0.441s] Level 1:colcon.colcon_core.package_identification:_identify(/home/student/41068_ws/src/build/ament_cmake_index) by extensions ['ignore', 'ignore_ament_install']
[0.441s] Level 1:colcon.colcon_core.package_identification:_identify(/home/student/41068_ws/src/build/ament_cmake_index) by extension 'ignore'
[0.441s] Level 1:colcon.colcon_core.package_identification:_identify(/home/student/41068_ws/src/build/ament_cmake_index) by extension 'ignore_ament_install'
[0.441s] Level 1:colcon.colcon_core.package_identification:_identify(/home/student/41068_ws/src/build/ament_cmake_index) by extensions ['colcon_pkg']
[0.441s] Level 1:colcon.colcon_core.package_identification:_identify(/home/student/41068_ws/src/build/ament_cmake_index) by extension 'colcon_pkg'
[0.441s] Level 1:colcon.colcon_core.package_identification:_identify(/home/student/41068_ws/src/build/ament_cmake_index) by extensions ['colcon_meta']
[0.441s] Level 1:colcon.colcon_core.package_identification:_identify(/home/student/41068_ws/src/build/ament_cmake_index) by extension 'colcon_meta'
[0.441s] Level 1:colcon.colcon_core.package_identification:_identify(/home/student/41068_ws/src/build/ament_cmake_index) by extensions ['ros']
[0.441s] Level 1:colcon.colcon_core.package_identification:_identify(/home/student/41068_ws/src/build/ament_cmake_index) by extension 'ros'
[0.441s] Level 1:colcon.colcon_core.package_identification:_identify(/home/student/41068_ws/src/build/ament_cmake_index) by extensions ['cmake', 'python']
[0.442s] Level 1:colcon.colcon_core.package_identification:_identify(/home/student/41068_ws/src/build/ament_cmake_index) by extension 'cmake'
[0.442s] Level 1:colcon.colcon_core.package_identification:_identify(/home/student/41068_ws/src/build/ament_cmake_index) by extension 'python'
[0.442s] Level 1:colcon.colcon_core.package_identification:_identify(/home/student/41068_ws/src/build/ament_cmake_index) by extensions ['python_setup_py']
[0.442s] Level 1:colcon.colcon_core.package_identification:_identify(/home/student/41068_ws/src/build/ament_cmake_index) by extension 'python_setup_py'
[0.442s] Level 1:colcon.colcon_core.package_identification:_identify(/home/student/41068_ws/src/build/ament_cmake_index/share) by extensions ['ignore', 'ignore_ament_install']
[0.442s] Level 1:colcon.colcon_core.package_identification:_identify(/home/student/41068_ws/src/build/ament_cmake_index/share) by extension 'ignore'
[0.442s] Level 1:colcon.colcon_core.package_identification:_identify(/home/student/41068_ws/src/build/ament_cmake_index/share) by extension 'ignore_ament_install'
[0.442s] Level 1:colcon.colcon_core.package_identification:_identify(/home/student/41068_ws/src/build/ament_cmake_index/share) by extensions ['colcon_pkg']
[0.442s] Level 1:colcon.colcon_core.package_identification:_identify(/home/student/41068_ws/src/build/ament_cmake_index/share) by extension 'colcon_pkg'
[0.442s] Level 1:colcon.colcon_core.package_identification:_identify(/home/student/41068_ws/src/build/ament_cmake_index/share) by extensions ['colcon_meta']
[0.442s] Level 1:colcon.colcon_core.package_identification:_identify(/home/student/41068_ws/src/build/ament_cmake_index/share) by extension 'colcon_meta'
[0.443s] Level 1:colcon.colcon_core.package_identification:_identify(/home/student/41068_ws/src/build/ament_cmake_index/share) by extensions ['ros']
[0.443s] Level 1:colcon.colcon_core.package_identification:_identify(/home/student/41068_ws/src/build/ament_cmake_index/share) by extension 'ros'
[0.443s] Level 1:colcon.colcon_core.package_identification:_identify(/home/student/41068_ws/src/build/ament_cmake_index/share) by extensions ['cmake', 'python']
[0.443s] Level 1:colcon.colcon_core.package_identification:_identify(/home/student/41068_ws/src/build/ament_cmake_index/share) by extension 'cmake'
[0.443s] Level 1:colcon.colcon_core.package_identification:_identify(/home/student/41068_ws/src/build/ament_cmake_index/share) by extension 'python'
[0.443s] Level 1:colcon.colcon_core.package_identification:_identify(/home/student/41068_ws/src/build/ament_cmake_index/share) by extensions ['python_setup_py']
[0.443s] Level 1:colcon.colcon_core.package_identification:_identify(/home/student/41068_ws/src/build/ament_cmake_index/share) by extension 'python_setup_py'
[0.443s] Level 1:colcon.colcon_core.package_identification:_identify(/home/student/41068_ws/src/build/ament_cmake_index/share/ament_index) by extensions ['ignore', 'ignore_ament_install']
[0.443s] Level 1:colcon.colcon_core.package_identification:_identify(/home/student/41068_ws/src/build/ament_cmake_index/share/ament_index) by extension 'ignore'
[0.443s] Level 1:colcon.colcon_core.package_identification:_identify(/home/student/41068_ws/src/build/ament_cmake_index/share/ament_index) by extension 'ignore_ament_install'
[0.443s] Level 1:colcon.colcon_core.package_identification:_identify(/home/student/41068_ws/src/build/ament_cmake_index/share/ament_index) by extensions ['colcon_pkg']
[0.444s] Level 1:colcon.colcon_core.package_identification:_identify(/home/student/41068_ws/src/build/ament_cmake_index/share/ament_index) by extension 'colcon_pkg'
[0.444s] Level 1:colcon.colcon_core.package_identification:_identify(/home/student/41068_ws/src/build/ament_cmake_index/share/ament_index) by extensions ['colcon_meta']
[0.444s] Level 1:colcon.colcon_core.package_identification:_identify(/home/student/41068_ws/src/build/ament_cmake_index/share/ament_index) by extension 'colcon_meta'
[0.444s] Level 1:colcon.colcon_core.package_identification:_identify(/home/student/41068_ws/src/build/ament_cmake_index/share/ament_index) by extensions ['ros']
[0.444s] Level 1:colcon.colcon_core.package_identification:_identify(/home/student/41068_ws/src/build/ament_cmake_index/share/ament_index) by extension 'ros'
[0.444s] Level 1:colcon.colcon_core.package_identification:_identify(/home/student/41068_ws/src/build/ament_cmake_index/share/ament_index) by extensions ['cmake', 'python']
[0.444s] Level 1:colcon.colcon_core.package_identification:_identify(/home/student/41068_ws/src/build/ament_cmake_index/share/ament_index) by extension 'cmake'
[0.444s] Level 1:colcon.colcon_core.package_identification:_identify(/home/student/41068_ws/src/build/ament_cmake_index/share/ament_index) by extension 'python'
[0.444s] Level 1:colcon.colcon_core.package_identification:_identify(/home/student/41068_ws/src/build/ament_cmake_index/share/ament_index) by extensions ['python_setup_py']
[0.444s] Level 1:colcon.colcon_core.package_identification:_identify(/home/student/41068_ws/src/build/ament_cmake_index/share/ament_index) by extension 'python_setup_py'
[0.444s] Level 1:colcon.colcon_core.package_identification:_identify(/home/student/41068_ws/src/build/ament_cmake_index/share/ament_index/resource_index) by extensions ['ignore', 'ignore_ament_install']
[0.445s] Level 1:colcon.colcon_core.package_identification:_identify(/home/student/41068_ws/src/build/ament_cmake_index/share/ament_index/resource_index) by extension 'ignore'
[0.445s] Level 1:colcon.colcon_core.package_identification:_identify(/home/student/41068_ws/src/build/ament_cmake_index/share/ament_index/resource_index) by extension 'ignore_ament_install'
[0.445s] Level 1:colcon.colcon_core.package_identification:_identify(/home/student/41068_ws/src/build/ament_cmake_index/share/ament_index/resource_index) by extensions ['colcon_pkg']
[0.445s] Level 1:colcon.colcon_core.package_identification:_identify(/home/student/41068_ws/src/build/ament_cmake_index/share/ament_index/resource_index) by extension 'colcon_pkg'
[0.445s] Level 1:colcon.colcon_core.package_identification:_identify(/home/student/41068_ws/src/build/ament_cmake_index/share/ament_index/resource_index) by extensions ['colcon_meta']
[0.445s] Level 1:colcon.colcon_core.package_identification:_identify(/home/student/41068_ws/src/build/ament_cmake_index/share/ament_index/resource_index) by extension 'colcon_meta'
[0.445s] Level 1:colcon.colcon_core.package_identification:_identify(/home/student/41068_ws/src/build/ament_cmake_index/share/ament_index/resource_index) by extensions ['ros']
[0.445s] Level 1:colcon.colcon_core.package_identification:_identify(/home/student/41068_ws/src/build/ament_cmake_index/share/ament_index/resource_index) by extension 'ros'
[0.445s] Level 1:colcon.colcon_core.package_identification:_identify(/home/student/41068_ws/src/build/ament_cmake_index/share/ament_index/resource_index) by extensions ['cmake', 'python']
[0.445s] Level 1:colcon.colcon_core.package_identification:_identify(/home/student/41068_ws/src/build/ament_cmake_index/share/ament_index/resource_index) by extension 'cmake'
[0.445s] Level 1:colcon.colcon_core.package_identification:_identify(/home/student/41068_ws/src/build/ament_cmake_index/share/ament_index/resource_index) by extension 'python'
[0.445s] Level 1:colcon.colcon_core.package_identification:_identify(/home/student/41068_ws/src/build/ament_cmake_index/share/ament_index/resource_index) by extensions ['python_setup_py']
[0.445s] Level 1:colcon.colcon_core.package_identification:_identify(/home/student/41068_ws/src/build/ament_cmake_index/share/ament_index/resource_index) by extension 'python_setup_py'
[0.446s] Level 1:colcon.colcon_core.package_identification:_identify(/home/student/41068_ws/src/build/ament_cmake_index/share/ament_index/resource_index/package_run_dependencies) by extensions ['ignore', 'ignore_ament_install']
[0.446s] Level 1:colcon.colcon_core.package_identification:_identify(/home/student/41068_ws/src/build/ament_cmake_index/share/ament_index/resource_index/package_run_dependencies) by extension 'ignore'
[0.446s] Level 1:colcon.colcon_core.package_identification:_identify(/home/student/41068_ws/src/build/ament_cmake_index/share/ament_index/resource_index/package_run_dependencies) by extension 'ignore_ament_install'
[0.446s] Level 1:colcon.colcon_core.package_identification:_identify(/home/student/41068_ws/src/build/ament_cmake_index/share/ament_index/resource_index/package_run_dependencies) by extensions ['colcon_pkg']
[0.446s] Level 1:colcon.colcon_core.package_identification:_identify(/home/student/41068_ws/src/build/ament_cmake_index/share/ament_index/resource_index/package_run_dependencies) by extension 'colcon_pkg'
[0.446s] Level 1:colcon.colcon_core.package_identification:_identify(/home/student/41068_ws/src/build/ament_cmake_index/share/ament_index/resource_index/package_run_dependencies) by extensions ['colcon_meta']
[0.446s] Level 1:colcon.colcon_core.package_identification:_identify(/home/student/41068_ws/src/build/ament_cmake_index/share/ament_index/resource_index/package_run_dependencies) by extension 'colcon_meta'
[0.446s] Level 1:colcon.colcon_core.package_identification:_identify(/home/student/41068_ws/src/build/ament_cmake_index/share/ament_index/resource_index/package_run_dependencies) by extensions ['ros']
[0.446s] Level 1:colcon.colcon_core.package_identification:_identify(/home/student/41068_ws/src/build/ament_cmake_index/share/ament_index/resource_index/package_run_dependencies) by extension 'ros'
[0.446s] Level 1:colcon.colcon_core.package_identification:_identify(/home/student/41068_ws/src/build/ament_cmake_index/share/ament_index/resource_index/package_run_dependencies) by extensions ['cmake', 'python']
[0.447s] Level 1:colcon.colcon_core.package_identification:_identify(/home/student/41068_ws/src/build/ament_cmake_index/share/ament_index/resource_index/package_run_dependencies) by extension 'cmake'
[0.447s] Level 1:colcon.colcon_core.package_identification:_identify(/home/student/41068_ws/src/build/ament_cmake_index/share/ament_index/resource_index/package_run_dependencies) by extension 'python'
[0.447s] Level 1:colcon.colcon_core.package_identification:_identify(/home/student/41068_ws/src/build/ament_cmake_index/share/ament_index/resource_index/package_run_dependencies) by extensions ['python_setup_py']
[0.447s] Level 1:colcon.colcon_core.package_identification:_identify(/home/student/41068_ws/src/build/ament_cmake_index/share/ament_index/resource_index/package_run_dependencies) by extension 'python_setup_py'
[0.447s] Level 1:colcon.colcon_core.package_identification:_identify(/home/student/41068_ws/src/build/ament_cmake_index/share/ament_index/resource_index/packages) by extensions ['ignore', 'ignore_ament_install']
[0.447s] Level 1:colcon.colcon_core.package_identification:_identify(/home/student/41068_ws/src/build/ament_cmake_index/share/ament_index/resource_index/packages) by extension 'ignore'
[0.447s] Level 1:colcon.colcon_core.package_identification:_identify(/home/student/41068_ws/src/build/ament_cmake_index/share/ament_index/resource_index/packages) by extension 'ignore_ament_install'
[0.447s] Level 1:colcon.colcon_core.package_identification:_identify(/home/student/41068_ws/src/build/ament_cmake_index/share/ament_index/resource_index/packages) by extensions ['colcon_pkg']
[0.447s] Level 1:colcon.colcon_core.package_identification:_identify(/home/student/41068_ws/src/build/ament_cmake_index/share/ament_index/resource_index/packages) by extension 'colcon_pkg'
[0.447s] Level 1:colcon.colcon_core.package_identification:_identify(/home/student/41068_ws/src/build/ament_cmake_index/share/ament_index/resource_index/packages) by extensions ['colcon_meta']
[0.447s] Level 1:colcon.colcon_core.package_identification:_identify(/home/student/41068_ws/src/build/ament_cmake_index/share/ament_index/resource_index/packages) by extension 'colcon_meta'
[0.448s] Level 1:colcon.colcon_core.package_identification:_identify(/home/student/41068_ws/src/build/ament_cmake_index/share/ament_index/resource_index/packages) by extensions ['ros']
[0.448s] Level 1:colcon.colcon_core.package_identification:_identify(/home/student/41068_ws/src/build/ament_cmake_index/share/ament_index/resource_index/packages) by extension 'ros'
[0.448s] Level 1:colcon.colcon_core.package_identification:_identify(/home/student/41068_ws/src/build/ament_cmake_index/share/ament_index/resource_index/packages) by extensions ['cmake', 'python']
[0.448s] Level 1:colcon.colcon_core.package_identification:_identify(/home/student/41068_ws/src/build/ament_cmake_index/share/ament_index/resource_index/packages) by extension 'cmake'
[0.448s] Level 1:colcon.colcon_core.package_identification:_identify(/home/student/41068_ws/src/build/ament_cmake_index/share/ament_index/resource_index/packages) by extension 'python'
[0.448s] Level 1:colcon.colcon_core.package_identification:_identify(/home/student/41068_ws/src/build/ament_cmake_index/share/ament_index/resource_index/packages) by extensions ['python_setup_py']
[0.448s] Level 1:colcon.colcon_core.package_identification:_identify(/home/student/41068_ws/src/build/ament_cmake_index/share/ament_index/resource_index/packages) by extension 'python_setup_py'
[0.448s] Level 1:colcon.colcon_core.package_identification:_identify(/home/student/41068_ws/src/build/ament_cmake_index/share/ament_index/resource_index/parent_prefix_path) by extensions ['ignore', 'ignore_ament_install']
[0.448s] Level 1:colcon.colcon_core.package_identification:_identify(/home/student/41068_ws/src/build/ament_cmake_index/share/ament_index/resource_index/parent_prefix_path) by extension 'ignore'
[0.448s] Level 1:colcon.colcon_core.package_identification:_identify(/home/student/41068_ws/src/build/ament_cmake_index/share/ament_index/resource_index/parent_prefix_path) by extension 'ignore_ament_install'
[0.449s] Level 1:colcon.colcon_core.package_identification:_identify(/home/student/41068_ws/src/build/ament_cmake_index/share/ament_index/resource_index/parent_prefix_path) by extensions ['colcon_pkg']
[0.449s] Level 1:colcon.colcon_core.package_identification:_identify(/home/student/41068_ws/src/build/ament_cmake_index/share/ament_index/resource_index/parent_prefix_path) by extension 'colcon_pkg'
[0.449s] Level 1:colcon.colcon_core.package_identification:_identify(/home/student/41068_ws/src/build/ament_cmake_index/share/ament_index/resource_index/parent_prefix_path) by extensions ['colcon_meta']
[0.449s] Level 1:colcon.colcon_core.package_identification:_identify(/home/student/41068_ws/src/build/ament_cmake_index/share/ament_index/resource_index/parent_prefix_path) by extension 'colcon_meta'
[0.449s] Level 1:colcon.colcon_core.package_identification:_identify(/home/student/41068_ws/src/build/ament_cmake_index/share/ament_index/resource_index/parent_prefix_path) by extensions ['ros']
[0.449s] Level 1:colcon.colcon_core.package_identification:_identify(/home/student/41068_ws/src/build/ament_cmake_index/share/ament_index/resource_index/parent_prefix_path) by extension 'ros'
[0.449s] Level 1:colcon.colcon_core.package_identification:_identify(/home/student/41068_ws/src/build/ament_cmake_index/share/ament_index/resource_index/parent_prefix_path) by extensions ['cmake', 'python']
[0.449s] Level 1:colcon.colcon_core.package_identification:_identify(/home/student/41068_ws/src/build/ament_cmake_index/share/ament_index/resource_index/parent_prefix_path) by extension 'cmake'
[0.449s] Level 1:colcon.colcon_core.package_identification:_identify(/home/student/41068_ws/src/build/ament_cmake_index/share/ament_index/resource_index/parent_prefix_path) by extension 'python'
[0.449s] Level 1:colcon.colcon_core.package_identification:_identify(/home/student/41068_ws/src/build/ament_cmake_index/share/ament_index/resource_index/parent_prefix_path) by extensions ['python_setup_py']
[0.449s] Level 1:colcon.colcon_core.package_identification:_identify(/home/student/41068_ws/src/build/ament_cmake_index/share/ament_index/resource_index/parent_prefix_path) by extension 'python_setup_py'
[0.449s] Level 1:colcon.colcon_core.package_identification:_identify(/home/student/41068_ws/src/build/ament_cmake_package_templates) by extensions ['ignore', 'ignore_ament_install']
[0.450s] Level 1:colcon.colcon_core.package_identification:_identify(/home/student/41068_ws/src/build/ament_cmake_package_templates) by extension 'ignore'
[0.450s] Level 1:colcon.colcon_core.package_identification:_identify(/home/student/41068_ws/src/build/ament_cmake_package_templates) by extension 'ignore_ament_install'
[0.450s] Level 1:colcon.colcon_core.package_identification:_identify(/home/student/41068_ws/src/build/ament_cmake_package_templates) by extensions ['colcon_pkg']
[0.450s] Level 1:colcon.colcon_core.package_identification:_identify(/home/student/41068_ws/src/build/ament_cmake_package_templates) by extension 'colcon_pkg'
[0.450s] Level 1:colcon.colcon_core.package_identification:_identify(/home/student/41068_ws/src/build/ament_cmake_package_templates) by extensions ['colcon_meta']
[0.450s] Level 1:colcon.colcon_core.package_identification:_identify(/home/student/41068_ws/src/build/ament_cmake_package_templates) by extension 'colcon_meta'
[0.450s] Level 1:colcon.colcon_core.package_identification:_identify(/home/student/41068_ws/src/build/ament_cmake_package_templates) by extensions ['ros']
[0.450s] Level 1:colcon.colcon_core.package_identification:_identify(/home/student/41068_ws/src/build/ament_cmake_package_templates) by extension 'ros'
[0.450s] Level 1:colcon.colcon_core.package_identification:_identify(/home/student/41068_ws/src/build/ament_cmake_package_templates) by extensions ['cmake', 'python']
[0.450s] Level 1:colcon.colcon_core.package_identification:_identify(/home/student/41068_ws/src/build/ament_cmake_package_templates) by extension 'cmake'
[0.450s] Level 1:colcon.colcon_core.package_identification:_identify(/home/student/41068_ws/src/build/ament_cmake_package_templates) by extension 'python'
[0.450s] Level 1:colcon.colcon_core.package_identification:_identify(/home/student/41068_ws/src/build/ament_cmake_package_templates) by extensions ['python_setup_py']
[0.450s] Level 1:colcon.colcon_core.package_identification:_identify(/home/student/41068_ws/src/build/ament_cmake_package_templates) by extension 'python_setup_py'
[0.451s] Level 1:colcon.colcon_core.package_identification:_identify(/home/student/41068_ws/src/build/ament_cmake_uninstall_target) by extensions ['ignore', 'ignore_ament_install']
[0.451s] Level 1:colcon.colcon_core.package_identification:_identify(/home/student/41068_ws/src/build/ament_cmake_uninstall_target) by extension 'ignore'
[0.451s] Level 1:colcon.colcon_core.package_identification:_identify(/home/student/41068_ws/src/build/ament_cmake_uninstall_target) by extension 'ignore_ament_install'
[0.451s] Level 1:colcon.colcon_core.package_identification:_identify(/home/student/41068_ws/src/build/ament_cmake_uninstall_target) by extensions ['colcon_pkg']
[0.451s] Level 1:colcon.colcon_core.package_identification:_identify(/home/student/41068_ws/src/build/ament_cmake_uninstall_target) by extension 'colcon_pkg'
[0.451s] Level 1:colcon.colcon_core.package_identification:_identify(/home/student/41068_ws/src/build/ament_cmake_uninstall_target) by extensions ['colcon_meta']
[0.451s] Level 1:colcon.colcon_core.package_identification:_identify(/home/student/41068_ws/src/build/ament_cmake_uninstall_target) by extension 'colcon_meta'
[0.451s] Level 1:colcon.colcon_core.package_identification:_identify(/home/student/41068_ws/src/build/ament_cmake_uninstall_target) by extensions ['ros']
[0.451s] Level 1:colcon.colcon_core.package_identification:_identify(/home/student/41068_ws/src/build/ament_cmake_uninstall_target) by extension 'ros'
[0.451s] Level 1:colcon.colcon_core.package_identification:_identify(/home/student/41068_ws/src/build/ament_cmake_uninstall_target) by extensions ['cmake', 'python']
[0.451s] Level 1:colcon.colcon_core.package_identification:_identify(/home/student/41068_ws/src/build/ament_cmake_uninstall_target) by extension 'cmake'
[0.452s] Level 1:colcon.colcon_core.package_identification:_identify(/home/student/41068_ws/src/build/ament_cmake_uninstall_target) by extension 'python'
[0.452s] Level 1:colcon.colcon_core.package_identification:_identify(/home/student/41068_ws/src/build/ament_cmake_uninstall_target) by extensions ['python_setup_py']
[0.452s] Level 1:colcon.colcon_core.package_identification:_identify(/home/student/41068_ws/src/build/ament_cmake_uninstall_target) by extension 'python_setup_py'
[0.452s] Level 1:colcon.colcon_core.package_identification:_identify(/home/student/41068_ws/src/build/ament_copyright) by extensions ['ignore', 'ignore_ament_install']
[0.452s] Level 1:colcon.colcon_core.package_identification:_identify(/home/student/41068_ws/src/build/ament_copyright) by extension 'ignore'
[0.452s] Level 1:colcon.colcon_core.package_identification:_identify(/home/student/41068_ws/src/build/ament_copyright) by extension 'ignore_ament_install'
[0.452s] Level 1:colcon.colcon_core.package_identification:_identify(/home/student/41068_ws/src/build/ament_copyright) by extensions ['colcon_pkg']
[0.452s] Level 1:colcon.colcon_core.package_identification:_identify(/home/student/41068_ws/src/build/ament_copyright) by extension 'colcon_pkg'
[0.452s] Level 1:colcon.colcon_core.package_identification:_identify(/home/student/41068_ws/src/build/ament_copyright) by extensions ['colcon_meta']
[0.452s] Level 1:colcon.colcon_core.package_identification:_identify(/home/student/41068_ws/src/build/ament_copyright) by extension 'colcon_meta'
[0.452s] Level 1:colcon.colcon_core.package_identification:_identify(/home/student/41068_ws/src/build/ament_copyright) by extensions ['ros']
[0.453s] Level 1:colcon.colcon_core.package_identification:_identify(/home/student/41068_ws/src/build/ament_copyright) by extension 'ros'
[0.453s] Level 1:colcon.colcon_core.package_identification:_identify(/home/student/41068_ws/src/build/ament_copyright) by extensions ['cmake', 'python']
[0.453s] Level 1:colcon.colcon_core.package_identification:_identify(/home/student/41068_ws/src/build/ament_copyright) by extension 'cmake'
[0.453s] Level 1:colcon.colcon_core.package_identification:_identify(/home/student/41068_ws/src/build/ament_copyright) by extension 'python'
[0.453s] Level 1:colcon.colcon_core.package_identification:_identify(/home/student/41068_ws/src/build/ament_copyright) by extensions ['python_setup_py']
[0.453s] Level 1:colcon.colcon_core.package_identification:_identify(/home/student/41068_ws/src/build/ament_copyright) by extension 'python_setup_py'
[0.453s] Level 1:colcon.colcon_core.package_identification:_identify(/home/student/41068_ws/src/build/ament_cppcheck) by extensions ['ignore', 'ignore_ament_install']
[0.453s] Level 1:colcon.colcon_core.package_identification:_identify(/home/student/41068_ws/src/build/ament_cppcheck) by extension 'ignore'
[0.453s] Level 1:colcon.colcon_core.package_identification:_identify(/home/student/41068_ws/src/build/ament_cppcheck) by extension 'ignore_ament_install'
[0.453s] Level 1:colcon.colcon_core.package_identification:_identify(/home/student/41068_ws/src/build/ament_cppcheck) by extensions ['colcon_pkg']
[0.453s] Level 1:colcon.colcon_core.package_identification:_identify(/home/student/41068_ws/src/build/ament_cppcheck) by extension 'colcon_pkg'
[0.453s] Level 1:colcon.colcon_core.package_identification:_identify(/home/student/41068_ws/src/build/ament_cppcheck) by extensions ['colcon_meta']
[0.454s] Level 1:colcon.colcon_core.package_identification:_identify(/home/student/41068_ws/src/build/ament_cppcheck) by extension 'colcon_meta'
[0.454s] Level 1:colcon.colcon_core.package_identification:_identify(/home/student/41068_ws/src/build/ament_cppcheck) by extensions ['ros']
[0.454s] Level 1:colcon.colcon_core.package_identification:_identify(/home/student/41068_ws/src/build/ament_cppcheck) by extension 'ros'
[0.454s] Level 1:colcon.colcon_core.package_identification:_identify(/home/student/41068_ws/src/build/ament_cppcheck) by extensions ['cmake', 'python']
[0.454s] Level 1:colcon.colcon_core.package_identification:_identify(/home/student/41068_ws/src/build/ament_cppcheck) by extension 'cmake'
[0.454s] Level 1:colcon.colcon_core.package_identification:_identify(/home/student/41068_ws/src/build/ament_cppcheck) by extension 'python'
[0.454s] Level 1:colcon.colcon_core.package_identification:_identify(/home/student/41068_ws/src/build/ament_cppcheck) by extensions ['python_setup_py']
[0.454s] Level 1:colcon.colcon_core.package_identification:_identify(/home/student/41068_ws/src/build/ament_cppcheck) by extension 'python_setup_py'
[0.454s] Level 1:colcon.colcon_core.package_identification:_identify(/home/student/41068_ws/src/build/ament_cpplint) by extensions ['ignore', 'ignore_ament_install']
[0.454s] Level 1:colcon.colcon_core.package_identification:_identify(/home/student/41068_ws/src/build/ament_cpplint) by extension 'ignore'
[0.454s] Level 1:colcon.colcon_core.package_identification:_identify(/home/student/41068_ws/src/build/ament_cpplint) by extension 'ignore_ament_install'
[0.455s] Level 1:colcon.colcon_core.package_identification:_identify(/home/student/41068_ws/src/build/ament_cpplint) by extensions ['colcon_pkg']
[0.455s] Level 1:colcon.colcon_core.package_identification:_identify(/home/student/41068_ws/src/build/ament_cpplint) by extension 'colcon_pkg'
[0.455s] Level 1:colcon.colcon_core.package_identification:_identify(/home/student/41068_ws/src/build/ament_cpplint) by extensions ['colcon_meta']
[0.455s] Level 1:colcon.colcon_core.package_identification:_identify(/home/student/41068_ws/src/build/ament_cpplint) by extension 'colcon_meta'
[0.455s] Level 1:colcon.colcon_core.package_identification:_identify(/home/student/41068_ws/src/build/ament_cpplint) by extensions ['ros']
[0.455s] Level 1:colcon.colcon_core.package_identification:_identify(/home/student/41068_ws/src/build/ament_cpplint) by extension 'ros'
[0.455s] Level 1:colcon.colcon_core.package_identification:_identify(/home/student/41068_ws/src/build/ament_cpplint) by extensions ['cmake', 'python']
[0.455s] Level 1:colcon.colcon_core.package_identification:_identify(/home/student/41068_ws/src/build/ament_cpplint) by extension 'cmake'
[0.455s] Level 1:colcon.colcon_core.package_identification:_identify(/home/student/41068_ws/src/build/ament_cpplint) by extension 'python'
[0.455s] Level 1:colcon.colcon_core.package_identification:_identify(/home/student/41068_ws/src/build/ament_cpplint) by extensions ['python_setup_py']
[0.455s] Level 1:colcon.colcon_core.package_identification:_identify(/home/student/41068_ws/src/build/ament_cpplint) by extension 'python_setup_py'
[0.455s] Level 1:colcon.colcon_core.package_identification:_identify(/home/student/41068_ws/src/build/ament_flake8) by extensions ['ignore', 'ignore_ament_install']
[0.456s] Level 1:colcon.colcon_core.package_identification:_identify(/home/student/41068_ws/src/build/ament_flake8) by extension 'ignore'
[0.456s] Level 1:colcon.colcon_core.package_identification:_identify(/home/student/41068_ws/src/build/ament_flake8) by extension 'ignore_ament_install'
[0.456s] Level 1:colcon.colcon_core.package_identification:_identify(/home/student/41068_ws/src/build/ament_flake8) by extensions ['colcon_pkg']
[0.456s] Level 1:colcon.colcon_core.package_identification:_identify(/home/student/41068_ws/src/build/ament_flake8) by extension 'colcon_pkg'
[0.456s] Level 1:colcon.colcon_core.package_identification:_identify(/home/student/41068_ws/src/build/ament_flake8) by extensions ['colcon_meta']
[0.456s] Level 1:colcon.colcon_core.package_identification:_identify(/home/student/41068_ws/src/build/ament_flake8) by extension 'colcon_meta'
[0.456s] Level 1:colcon.colcon_core.package_identification:_identify(/home/student/41068_ws/src/build/ament_flake8) by extensions ['ros']
[0.456s] Level 1:colcon.colcon_core.package_identification:_identify(/home/student/41068_ws/src/build/ament_flake8) by extension 'ros'
[0.456s] Level 1:colcon.colcon_core.package_identification:_identify(/home/student/41068_ws/src/build/ament_flake8) by extensions ['cmake', 'python']
[0.456s] Level 1:colcon.colcon_core.package_identification:_identify(/home/student/41068_ws/src/build/ament_flake8) by extension 'cmake'
[0.456s] Level 1:colcon.colcon_core.package_identification:_identify(/home/student/41068_ws/src/build/ament_flake8) by extension 'python'
[0.456s] Level 1:colcon.colcon_core.package_identification:_identify(/home/student/41068_ws/src/build/ament_flake8) by extensions ['python_setup_py']
[0.456s] Level 1:colcon.colcon_core.package_identification:_identify(/home/student/41068_ws/src/build/ament_flake8) by extension 'python_setup_py'
[0.457s] Level 1:colcon.colcon_core.package_identification:_identify(/home/student/41068_ws/src/build/ament_lint_cmake) by extensions ['ignore', 'ignore_ament_install']
[0.457s] Level 1:colcon.colcon_core.package_identification:_identify(/home/student/41068_ws/src/build/ament_lint_cmake) by extension 'ignore'
[0.457s] Level 1:colcon.colcon_core.package_identification:_identify(/home/student/41068_ws/src/build/ament_lint_cmake) by extension 'ignore_ament_install'
[0.457s] Level 1:colcon.colcon_core.package_identification:_identify(/home/student/41068_ws/src/build/ament_lint_cmake) by extensions ['colcon_pkg']
[0.457s] Level 1:colcon.colcon_core.package_identification:_identify(/home/student/41068_ws/src/build/ament_lint_cmake) by extension 'colcon_pkg'
[0.457s] Level 1:colcon.colcon_core.package_identification:_identify(/home/student/41068_ws/src/build/ament_lint_cmake) by extensions ['colcon_meta']
[0.457s] Level 1:colcon.colcon_core.package_identification:_identify(/home/student/41068_ws/src/build/ament_lint_cmake) by extension 'colcon_meta'
[0.457s] Level 1:colcon.colcon_core.package_identification:_identify(/home/student/41068_ws/src/build/ament_lint_cmake) by extensions ['ros']
[0.457s] Level 1:colcon.colcon_core.package_identification:_identify(/home/student/41068_ws/src/build/ament_lint_cmake) by extension 'ros'
[0.457s] Level 1:colcon.colcon_core.package_identification:_identify(/home/student/41068_ws/src/build/ament_lint_cmake) by extensions ['cmake', 'python']
[0.457s] Level 1:colcon.colcon_core.package_identification:_identify(/home/student/41068_ws/src/build/ament_lint_cmake) by extension 'cmake'
[0.458s] Level 1:colcon.colcon_core.package_identification:_identify(/home/student/41068_ws/src/build/ament_lint_cmake) by extension 'python'
[0.458s] Level 1:colcon.colcon_core.package_identification:_identify(/home/student/41068_ws/src/build/ament_lint_cmake) by extensions ['python_setup_py']
[0.458s] Level 1:colcon.colcon_core.package_identification:_identify(/home/student/41068_ws/src/build/ament_lint_cmake) by extension 'python_setup_py'
[0.458s] Level 1:colcon.colcon_core.package_identification:_identify(/home/student/41068_ws/src/build/ament_pep257) by extensions ['ignore', 'ignore_ament_install']
[0.458s] Level 1:colcon.colcon_core.package_identification:_identify(/home/student/41068_ws/src/build/ament_pep257) by extension 'ignore'
[0.458s] Level 1:colcon.colcon_core.package_identification:_identify(/home/student/41068_ws/src/build/ament_pep257) by extension 'ignore_ament_install'
[0.458s] Level 1:colcon.colcon_core.package_identification:_identify(/home/student/41068_ws/src/build/ament_pep257) by extensions ['colcon_pkg']
[0.458s] Level 1:colcon.colcon_core.package_identification:_identify(/home/student/41068_ws/src/build/ament_pep257) by extension 'colcon_pkg'
[0.458s] Level 1:colcon.colcon_core.package_identification:_identify(/home/student/41068_ws/src/build/ament_pep257) by extensions ['colcon_meta']
[0.458s] Level 1:colcon.colcon_core.package_identification:_identify(/home/student/41068_ws/src/build/ament_pep257) by extension 'colcon_meta'
[0.458s] Level 1:colcon.colcon_core.package_identification:_identify(/home/student/41068_ws/src/build/ament_pep257) by extensions ['ros']
[0.458s] Level 1:colcon.colcon_core.package_identification:_identify(/home/student/41068_ws/src/build/ament_pep257) by extension 'ros'
[0.459s] Level 1:colcon.colcon_core.package_identification:_identify(/home/student/41068_ws/src/build/ament_pep257) by extensions ['cmake', 'python']
[0.459s] Level 1:colcon.colcon_core.package_identification:_identify(/home/student/41068_ws/src/build/ament_pep257) by extension 'cmake'
[0.459s] Level 1:colcon.colcon_core.package_identification:_identify(/home/student/41068_ws/src/build/ament_pep257) by extension 'python'
[0.459s] Level 1:colcon.colcon_core.package_identification:_identify(/home/student/41068_ws/src/build/ament_pep257) by extensions ['python_setup_py']
[0.459s] Level 1:colcon.colcon_core.package_identification:_identify(/home/student/41068_ws/src/build/ament_pep257) by extension 'python_setup_py'
[0.459s] Level 1:colcon.colcon_core.package_identification:_identify(/home/student/41068_ws/src/build/ament_uncrustify) by extensions ['ignore', 'ignore_ament_install']
[0.459s] Level 1:colcon.colcon_core.package_identification:_identify(/home/student/41068_ws/src/build/ament_uncrustify) by extension 'ignore'
[0.459s] Level 1:colcon.colcon_core.package_identification:_identify(/home/student/41068_ws/src/build/ament_uncrustify) by extension 'ignore_ament_install'
[0.459s] Level 1:colcon.colcon_core.package_identification:_identify(/home/student/41068_ws/src/build/ament_uncrustify) by extensions ['colcon_pkg']
[0.459s] Level 1:colcon.colcon_core.package_identification:_identify(/home/student/41068_ws/src/build/ament_uncrustify) by extension 'colcon_pkg'
[0.460s] Level 1:colcon.colcon_core.package_identification:_identify(/home/student/41068_ws/src/build/ament_uncrustify) by extensions ['colcon_meta']
[0.460s] Level 1:colcon.colcon_core.package_identification:_identify(/home/student/41068_ws/src/build/ament_uncrustify) by extension 'colcon_meta'
[0.460s] Level 1:colcon.colcon_core.package_identification:_identify(/home/student/41068_ws/src/build/ament_uncrustify) by extensions ['ros']
[0.460s] Level 1:colcon.colcon_core.package_identification:_identify(/home/student/41068_ws/src/build/ament_uncrustify) by extension 'ros'
[0.460s] Level 1:colcon.colcon_core.package_identification:_identify(/home/student/41068_ws/src/build/ament_uncrustify) by extensions ['cmake', 'python']
[0.460s] Level 1:colcon.colcon_core.package_identification:_identify(/home/student/41068_ws/src/build/ament_uncrustify) by extension 'cmake'
[0.460s] Level 1:colcon.colcon_core.package_identification:_identify(/home/student/41068_ws/src/build/ament_uncrustify) by extension 'python'
[0.460s] Level 1:colcon.colcon_core.package_identification:_identify(/home/student/41068_ws/src/build/ament_uncrustify) by extensions ['python_setup_py']
[0.460s] Level 1:colcon.colcon_core.package_identification:_identify(/home/student/41068_ws/src/build/ament_uncrustify) by extension 'python_setup_py'
[0.460s] Level 1:colcon.colcon_core.package_identification:_identify(/home/student/41068_ws/src/build/ament_xmllint) by extensions ['ignore', 'ignore_ament_install']
[0.460s] Level 1:colcon.colcon_core.package_identification:_identify(/home/student/41068_ws/src/build/ament_xmllint) by extension 'ignore'
[0.461s] Level 1:colcon.colcon_core.package_identification:_identify(/home/student/41068_ws/src/build/ament_xmllint) by extension 'ignore_ament_install'
[0.461s] Level 1:colcon.colcon_core.package_identification:_identify(/home/student/41068_ws/src/build/ament_xmllint) by extensions ['colcon_pkg']
[0.461s] Level 1:colcon.colcon_core.package_identification:_identify(/home/student/41068_ws/src/build/ament_xmllint) by extension 'colcon_pkg'
[0.461s] Level 1:colcon.colcon_core.package_identification:_identify(/home/student/41068_ws/src/build/ament_xmllint) by extensions ['colcon_meta']
[0.461s] Level 1:colcon.colcon_core.package_identification:_identify(/home/student/41068_ws/src/build/ament_xmllint) by extension 'colcon_meta'
[0.461s] Level 1:colcon.colcon_core.package_identification:_identify(/home/student/41068_ws/src/build/ament_xmllint) by extensions ['ros']
[0.461s] Level 1:colcon.colcon_core.package_identification:_identify(/home/student/41068_ws/src/build/ament_xmllint) by extension 'ros'
[0.461s] Level 1:colcon.colcon_core.package_identification:_identify(/home/student/41068_ws/src/build/ament_xmllint) by extensions ['cmake', 'python']
[0.461s] Level 1:colcon.colcon_core.package_identification:_identify(/home/student/41068_ws/src/build/ament_xmllint) by extension 'cmake'
[0.461s] Level 1:colcon.colcon_core.package_identification:_identify(/home/student/41068_ws/src/build/ament_xmllint) by extension 'python'
[0.461s] Level 1:colcon.colcon_core.package_identification:_identify(/home/student/41068_ws/src/build/ament_xmllint) by extensions ['python_setup_py']
[0.461s] Level 1:colcon.colcon_core.package_identification:_identify(/home/student/41068_ws/src/build/ament_xmllint) by extension 'python_setup_py'
[0.461s] Level 1:colcon.colcon_core.package_discovery:discover_packages(recursive) using defaults
