[0.013s] Invoking command in '/home/student/ros2_ws/src/RoboticsStudio1/build/41068_ignition_bringup': CMAKE_PREFIX_PATH=${CMAKE_PREFIX_PATH}:/opt/ros/humble /usr/bin/cmake --build /home/student/ros2_ws/src/RoboticsStudio1/build/41068_ignition_bringup -- -j8 -l8
[0.057s] Invoked command in '/home/student/ros2_ws/src/RoboticsStudio1/build/41068_ignition_bringup' returned '0': CMAKE_PREFIX_PATH=${CMAKE_PREFIX_PATH}:/opt/ros/humble /usr/bin/cmake --build /home/student/ros2_ws/src/RoboticsStudio1/build/41068_ignition_bringup -- -j8 -l8
[0.068s] Invoking command in '/home/student/ros2_ws/src/RoboticsStudio1/build/41068_ignition_bringup': CMAKE_PREFIX_PATH=${CMAKE_PREFIX_PATH}:/opt/ros/humble /usr/bin/cmake --install /home/student/ros2_ws/src/RoboticsStudio1/build/41068_ignition_bringup
[0.076s] -- Install configuration: ""
[0.076s] -- Up-to-date: /home/student/ros2_ws/src/RoboticsStudio1/install/41068_ignition_bringup/share/41068_ignition_bringup/config
[0.076s] -- Up-to-date: /home/student/ros2_ws/src/RoboticsStudio1/install/41068_ignition_bringup/share/41068_ignition_bringup/config/gazebo_bridge.yaml
[0.076s] -- Up-to-date: /home/student/ros2_ws/src/RoboticsStudio1/install/41068_ignition_bringup/share/41068_ignition_bringup/config/slam_params.yaml
[0.076s] -- Up-to-date: /home/student/ros2_ws/src/RoboticsStudio1/install/41068_ignition_bringup/share/41068_ignition_bringup/config/nav2_params.yaml
[0.077s] -- Up-to-date: /home/student/ros2_ws/src/RoboticsStudio1/install/41068_ignition_bringup/share/41068_ignition_bringup/config/robot_localization.yaml
[0.077s] -- Up-to-date: /home/student/ros2_ws/src/RoboticsStudio1/install/41068_ignition_bringup/share/41068_ignition_bringup/config/41068.rviz
[0.077s] -- Up-to-date: /home/student/ros2_ws/src/RoboticsStudio1/install/41068_ignition_bringup/share/41068_ignition_bringup/launch
[0.077s] -- Up-to-date: /home/student/ros2_ws/src/RoboticsStudio1/install/41068_ignition_bringup/share/41068_ignition_bringup/launch/41068_navigation.launch.py
[0.077s] -- Up-to-date: /home/student/ros2_ws/src/RoboticsStudio1/install/41068_ignition_bringup/share/41068_ignition_bringup/launch/41068_ignition.launch.py
[0.077s] -- Up-to-date: /home/student/ros2_ws/src/RoboticsStudio1/install/41068_ignition_bringup/share/41068_ignition_bringup/launch/spawn_robot_with_bridge.launch.py
[0.078s] -- Up-to-date: /home/student/ros2_ws/src/RoboticsStudio1/install/41068_ignition_bringup/share/41068_ignition_bringup/models
[0.078s] -- Up-to-date: /home/student/ros2_ws/src/RoboticsStudio1/install/41068_ignition_bringup/share/41068_ignition_bringup/models/grass_plane
[0.078s] -- Up-to-date: /home/student/ros2_ws/src/RoboticsStudio1/install/41068_ignition_bringup/share/41068_ignition_bringup/models/grass_plane/model.config
[0.078s] -- Up-to-date: /home/student/ros2_ws/src/RoboticsStudio1/install/41068_ignition_bringup/share/41068_ignition_bringup/models/grass_plane/model.sdf
[0.078s] -- Up-to-date: /home/student/ros2_ws/src/RoboticsStudio1/install/41068_ignition_bringup/share/41068_ignition_bringup/models/grass_plane/materials
[0.078s] -- Up-to-date: /home/student/ros2_ws/src/RoboticsStudio1/install/41068_ignition_bringup/share/41068_ignition_bringup/models/grass_plane/materials/textures
[0.078s] -- Up-to-date: /home/student/ros2_ws/src/RoboticsStudio1/install/41068_ignition_bringup/share/41068_ignition_bringup/models/grass_plane/materials/textures/empty_grass.png
[0.079s] -- Up-to-date: /home/student/ros2_ws/src/RoboticsStudio1/install/41068_ignition_bringup/share/41068_ignition_bringup/models/model.sdf
[0.079s] -- Up-to-date: /home/student/ros2_ws/src/RoboticsStudio1/install/41068_ignition_bringup/share/41068_ignition_bringup/models/forest_plane
[0.079s] -- Up-to-date: /home/student/ros2_ws/src/RoboticsStudio1/install/41068_ignition_bringup/share/41068_ignition_bringup/models/forest_plane/model.config
[0.079s] -- Up-to-date: /home/student/ros2_ws/src/RoboticsStudio1/install/41068_ignition_bringup/share/41068_ignition_bringup/models/forest_plane/model.sdf
[0.079s] -- Up-to-date: /home/student/ros2_ws/src/RoboticsStudio1/install/41068_ignition_bringup/share/41068_ignition_bringup/models/forest_plane/materials
[0.079s] -- Up-to-date: /home/student/ros2_ws/src/RoboticsStudio1/install/41068_ignition_bringup/share/41068_ignition_bringup/models/forest_plane/materials/textures
[0.079s] -- Up-to-date: /home/student/ros2_ws/src/RoboticsStudio1/install/41068_ignition_bringup/share/41068_ignition_bringup/models/forest_plane/materials/textures/forest_overhead.png
[0.079s] -- Up-to-date: /home/student/ros2_ws/src/RoboticsStudio1/install/41068_ignition_bringup/share/41068_ignition_bringup/models/forest_plane/materials/textures/empty_grass.png
[0.079s] -- Up-to-date: /home/student/ros2_ws/src/RoboticsStudio1/install/41068_ignition_bringup/share/41068_ignition_bringup/models/forest_plane/materials/textures/leaf_litter.png
[0.079s] -- Up-to-date: /home/student/ros2_ws/src/RoboticsStudio1/install/41068_ignition_bringup/share/41068_ignition_bringup/models/fox
[0.079s] -- Up-to-date: /home/student/ros2_ws/src/RoboticsStudio1/install/41068_ignition_bringup/share/41068_ignition_bringup/models/fox/veryperfectfoxcolourdae.dae
[0.079s] -- Up-to-date: /home/student/ros2_ws/src/RoboticsStudio1/install/41068_ignition_bringup/share/41068_ignition_bringup/models/forest_wall
[0.079s] -- Up-to-date: /home/student/ros2_ws/src/RoboticsStudio1/install/41068_ignition_bringup/share/41068_ignition_bringup/models/forest_wall/model.config
[0.080s] -- Up-to-date: /home/student/ros2_ws/src/RoboticsStudio1/install/41068_ignition_bringup/share/41068_ignition_bringup/models/forest_wall/model.sdf
[0.080s] -- Up-to-date: /home/student/ros2_ws/src/RoboticsStudio1/install/41068_ignition_bringup/share/41068_ignition_bringup/models/forest_wall/materials
[0.080s] -- Up-to-date: /home/student/ros2_ws/src/RoboticsStudio1/install/41068_ignition_bringup/share/41068_ignition_bringup/models/forest_wall/materials/textures
[0.080s] -- Up-to-date: /home/student/ros2_ws/src/RoboticsStudio1/install/41068_ignition_bringup/share/41068_ignition_bringup/models/forest_wall/materials/textures/forest_wall_transparent.png
[0.080s] -- Up-to-date: /home/student/ros2_ws/src/RoboticsStudio1/install/41068_ignition_bringup/share/41068_ignition_bringup/models/forest_wall/materials/textures/forest_wall_transparent_small.png
[0.080s] -- Up-to-date: /home/student/ros2_ws/src/RoboticsStudio1/install/41068_ignition_bringup/share/41068_ignition_bringup/models/forest_wall/materials/textures/forest_wall.png
[0.080s] -- Up-to-date: /home/student/ros2_ws/src/RoboticsStudio1/install/41068_ignition_bringup/share/41068_ignition_bringup/models/fox_alive
[0.081s] -- Up-to-date: /home/student/ros2_ws/src/RoboticsStudio1/install/41068_ignition_bringup/share/41068_ignition_bringup/models/fox_alive/meshes
[0.081s] -- Up-to-date: /home/student/ros2_ws/src/RoboticsStudio1/install/41068_ignition_bringup/share/41068_ignition_bringup/models/fox_alive/meshes/veryperfectfoxcolourdae.dae
[0.082s] -- Up-to-date: /home/student/ros2_ws/src/RoboticsStudio1/install/41068_ignition_bringup/share/41068_ignition_bringup/models/box.sdf
[0.082s] -- Up-to-date: /home/student/ros2_ws/src/RoboticsStudio1/install/41068_ignition_bringup/share/41068_ignition_bringup/urdf
[0.082s] -- Up-to-date: /home/student/ros2_ws/src/RoboticsStudio1/install/41068_ignition_bringup/share/41068_ignition_bringup/urdf/common_properties.urdf.xacro
[0.082s] -- Up-to-date: /home/student/ros2_ws/src/RoboticsStudio1/install/41068_ignition_bringup/share/41068_ignition_bringup/urdf/meshes
[0.082s] -- Up-to-date: /home/student/ros2_ws/src/RoboticsStudio1/install/41068_ignition_bringup/share/41068_ignition_bringup/urdf/meshes/top_plate.dae
[0.082s] -- Up-to-date: /home/student/ros2_ws/src/RoboticsStudio1/install/41068_ignition_bringup/share/41068_ignition_bringup/urdf/meshes/bumper.dae
[0.082s] -- Up-to-date: /home/student/ros2_ws/src/RoboticsStudio1/install/41068_ignition_bringup/share/41068_ignition_bringup/urdf/meshes/base_link.dae
[0.082s] -- Up-to-date: /home/student/ros2_ws/src/RoboticsStudio1/install/41068_ignition_bringup/share/41068_ignition_bringup/urdf/meshes/jpl04_arch_nosensor.stl
[0.082s] -- Up-to-date: /home/student/ros2_ws/src/RoboticsStudio1/install/41068_ignition_bringup/share/41068_ignition_bringup/urdf/meshes/top_chassis.dae
[0.082s] -- Up-to-date: /home/student/ros2_ws/src/RoboticsStudio1/install/41068_ignition_bringup/share/41068_ignition_bringup/urdf/meshes/wheel.dae
[0.083s] -- Up-to-date: /home/student/ros2_ws/src/RoboticsStudio1/install/41068_ignition_bringup/share/41068_ignition_bringup/urdf/wheel.urdf.xacro
[0.083s] -- Up-to-date: /home/student/ros2_ws/src/RoboticsStudio1/install/41068_ignition_bringup/share/41068_ignition_bringup/urdf/husky.urdf.xacro
[0.083s] -- Up-to-date: /home/student/ros2_ws/src/RoboticsStudio1/install/41068_ignition_bringup/share/41068_ignition_bringup/urdf/husky.gazebo.xacro
[0.083s] -- Up-to-date: /home/student/ros2_ws/src/RoboticsStudio1/install/41068_ignition_bringup/share/41068_ignition_bringup/worlds
[0.083s] -- Up-to-date: /home/student/ros2_ws/src/RoboticsStudio1/install/41068_ignition_bringup/share/41068_ignition_bringup/worlds/simple_trees.sdf
[0.083s] -- Up-to-date: /home/student/ros2_ws/src/RoboticsStudio1/install/41068_ignition_bringup/share/41068_ignition_bringup/worlds/large_demo.sdf
[0.084s] -- Up-to-date: /home/student/ros2_ws/src/RoboticsStudio1/install/41068_ignition_bringup/lib/41068_ignition_bringup/foxManagerNode.py
[0.084s] -- Installing: /home/student/ros2_ws/src/RoboticsStudio1/install/41068_ignition_bringup/lib/41068_ignition_bringup/box.py
[0.084s] -- Up-to-date: /home/student/ros2_ws/src/RoboticsStudio1/install/41068_ignition_bringup/share/ament_index/resource_index/package_run_dependencies/41068_ignition_bringup
[0.084s] -- Up-to-date: /home/student/ros2_ws/src/RoboticsStudio1/install/41068_ignition_bringup/share/ament_index/resource_index/parent_prefix_path/41068_ignition_bringup
[0.084s] -- Up-to-date: /home/student/ros2_ws/src/RoboticsStudio1/install/41068_ignition_bringup/share/41068_ignition_bringup/environment/ament_prefix_path.sh
[0.084s] -- Up-to-date: /home/student/ros2_ws/src/RoboticsStudio1/install/41068_ignition_bringup/share/41068_ignition_bringup/environment/ament_prefix_path.dsv
[0.084s] -- Up-to-date: /home/student/ros2_ws/src/RoboticsStudio1/install/41068_ignition_bringup/share/41068_ignition_bringup/environment/path.sh
[0.084s] -- Up-to-date: /home/student/ros2_ws/src/RoboticsStudio1/install/41068_ignition_bringup/share/41068_ignition_bringup/environment/path.dsv
[0.084s] -- Up-to-date: /home/student/ros2_ws/src/RoboticsStudio1/install/41068_ignition_bringup/share/41068_ignition_bringup/local_setup.bash
[0.084s] -- Up-to-date: /home/student/ros2_ws/src/RoboticsStudio1/install/41068_ignition_bringup/share/41068_ignition_bringup/local_setup.sh
[0.085s] -- Up-to-date: /home/student/ros2_ws/src/RoboticsStudio1/install/41068_ignition_bringup/share/41068_ignition_bringup/local_setup.zsh
[0.085s] -- Up-to-date: /home/student/ros2_ws/src/RoboticsStudio1/install/41068_ignition_bringup/share/41068_ignition_bringup/local_setup.dsv
[0.085s] -- Installing: /home/student/ros2_ws/src/RoboticsStudio1/install/41068_ignition_bringup/share/41068_ignition_bringup/package.dsv
[0.085s] -- Up-to-date: /home/student/ros2_ws/src/RoboticsStudio1/install/41068_ignition_bringup/share/ament_index/resource_index/packages/41068_ignition_bringup
[0.085s] -- Up-to-date: /home/student/ros2_ws/src/RoboticsStudio1/install/41068_ignition_bringup/share/41068_ignition_bringup/cmake/41068_ignition_bringupConfig.cmake
[0.085s] -- Up-to-date: /home/student/ros2_ws/src/RoboticsStudio1/install/41068_ignition_bringup/share/41068_ignition_bringup/cmake/41068_ignition_bringupConfig-version.cmake
[0.085s] -- Up-to-date: /home/student/ros2_ws/src/RoboticsStudio1/install/41068_ignition_bringup/share/41068_ignition_bringup/package.xml
[0.086s] Invoked command in '/home/student/ros2_ws/src/RoboticsStudio1/build/41068_ignition_bringup' returned '0': CMAKE_PREFIX_PATH=${CMAKE_PREFIX_PATH}:/opt/ros/humble /usr/bin/cmake --install /home/student/ros2_ws/src/RoboticsStudio1/build/41068_ignition_bringup
