[2.415s] DEBUG:colcon:Command line arguments: ['/usr/bin/colcon', 'build', '--symlink-install']
[2.416s] DEBUG:colcon:Parsed command line arguments: Namespace(log_base=None, log_level=None, verb_name='build', build_base='build', install_base='install', merge_install=False, symlink_install=True, test_result_base=None, continue_on_error=False, executor='parallel', parallel_workers=8, event_handlers=None, ignore_user_meta=False, metas=['./colcon.meta'], base_paths=['.'], packages_ignore=None, packages_ignore_regex=None, paths=None, packages_up_to=None, packages_up_to_regex=None, packages_above=None, packages_above_and_dependencies=None, packages_above_depth=None, packages_select_by_dep=None, packages_skip_by_dep=None, packages_skip_up_to=None, packages_select_build_failed=False, packages_skip_build_finished=False, packages_select_test_failures=False, packages_skip_test_passed=False, packages_select=None, packages_skip=None, packages_select_regex=None, packages_skip_regex=None, packages_start=None, packages_end=None, allow_overriding=[], cmake_args=None, cmake_target=None, cmake_target_skip_unavailable=False, cmake_clean_cache=False, cmake_clean_first=False, cmake_force_configure=False, ament_cmake_args=None, catkin_cmake_args=None, catkin_skip_building_tests=False, mixin_files=None, mixin=None, verb_parser=<colcon_mixin.mixin.mixin_argument.MixinArgumentDecorator object at 0x734d86c5a770>, verb_extension=<colcon_core.verb.build.BuildVerb object at 0x734d86c59d50>, main=<bound method BuildVerb.main of <colcon_core.verb.build.BuildVerb object at 0x734d86c59d50>>, mixin_verb=('build',))
[4.795s] Level 1:colcon.colcon_core.package_discovery:discover_packages(colcon_meta) check parameters
[4.795s] Level 1:colcon.colcon_core.package_discovery:discover_packages(recursive) check parameters
[4.795s] Level 1:colcon.colcon_core.package_discovery:discover_packages(ignore) check parameters
[4.795s] Level 1:colcon.colcon_core.package_discovery:discover_packages(path) check parameters
[4.795s] Level 1:colcon.colcon_core.package_discovery:discover_packages(colcon_meta) discover
[4.795s] Level 1:colcon.colcon_core.package_discovery:discover_packages(recursive) discover
[4.795s] INFO:colcon.colcon_core.package_discovery:Crawling recursively for packages in '/home/student/41068_ws'
[4.795s] Level 1:colcon.colcon_core.package_identification:_identify(.) by extensions ['ignore', 'ignore_ament_install']
[4.796s] Level 1:colcon.colcon_core.package_identification:_identify(.) by extension 'ignore'
[4.796s] Level 1:colcon.colcon_core.package_identification:_identify(.) by extension 'ignore_ament_install'
[4.796s] Level 1:colcon.colcon_core.package_identification:_identify(.) by extensions ['colcon_pkg']
[4.796s] Level 1:colcon.colcon_core.package_identification:_identify(.) by extension 'colcon_pkg'
[4.796s] Level 1:colcon.colcon_core.package_identification:_identify(.) by extensions ['colcon_meta']
[4.796s] Level 1:colcon.colcon_core.package_identification:_identify(.) by extension 'colcon_meta'
[4.796s] Level 1:colcon.colcon_core.package_identification:_identify(.) by extensions ['ros']
[4.796s] Level 1:colcon.colcon_core.package_identification:_identify(.) by extension 'ros'
[4.808s] Level 1:colcon.colcon_core.package_identification:_identify(.) by extensions ['cmake', 'python']
[4.808s] Level 1:colcon.colcon_core.package_identification:_identify(.) by extension 'cmake'
[4.808s] Level 1:colcon.colcon_core.package_identification:_identify(.) by extension 'python'
[4.808s] Level 1:colcon.colcon_core.package_identification:_identify(.) by extensions ['python_setup_py']
[4.808s] Level 1:colcon.colcon_core.package_identification:_identify(.) by extension 'python_setup_py'
[4.808s] Level 1:colcon.colcon_core.package_identification:_identify(build) by extensions ['ignore', 'ignore_ament_install']
[4.808s] Level 1:colcon.colcon_core.package_identification:_identify(build) by extension 'ignore'
[4.808s] Level 1:colcon.colcon_core.package_identification:_identify(build) ignored
[4.808s] Level 1:colcon.colcon_core.package_identification:_identify(install) by extensions ['ignore', 'ignore_ament_install']
[4.809s] Level 1:colcon.colcon_core.package_identification:_identify(install) by extension 'ignore'
[4.809s] Level 1:colcon.colcon_core.package_identification:_identify(install) ignored
[4.809s] Level 1:colcon.colcon_core.package_identification:_identify(log) by extensions ['ignore', 'ignore_ament_install']
[4.809s] Level 1:colcon.colcon_core.package_identification:_identify(log) by extension 'ignore'
[4.809s] Level 1:colcon.colcon_core.package_identification:_identify(log) ignored
[4.809s] Level 1:colcon.colcon_core.package_identification:_identify(src) by extensions ['ignore', 'ignore_ament_install']
[4.809s] Level 1:colcon.colcon_core.package_identification:_identify(src) by extension 'ignore'
[4.809s] Level 1:colcon.colcon_core.package_identification:_identify(src) by extension 'ignore_ament_install'
[4.809s] Level 1:colcon.colcon_core.package_identification:_identify(src) by extensions ['colcon_pkg']
[4.809s] Level 1:colcon.colcon_core.package_identification:_identify(src) by extension 'colcon_pkg'
[4.809s] Level 1:colcon.colcon_core.package_identification:_identify(src) by extensions ['colcon_meta']
[4.810s] Level 1:colcon.colcon_core.package_identification:_identify(src) by extension 'colcon_meta'
[4.810s] Level 1:colcon.colcon_core.package_identification:_identify(src) by extensions ['ros']
[4.810s] Level 1:colcon.colcon_core.package_identification:_identify(src) by extension 'ros'
[4.810s] Level 1:colcon.colcon_core.package_identification:_identify(src) by extensions ['cmake', 'python']
[4.810s] Level 1:colcon.colcon_core.package_identification:_identify(src) by extension 'cmake'
[4.810s] Level 1:colcon.colcon_core.package_identification:_identify(src) by extension 'python'
[4.810s] Level 1:colcon.colcon_core.package_identification:_identify(src) by extensions ['python_setup_py']
[4.810s] Level 1:colcon.colcon_core.package_identification:_identify(src) by extension 'python_setup_py'
[4.810s] Level 1:colcon.colcon_core.package_identification:_identify(src/41068_ignition_bringup) by extensions ['ignore', 'ignore_ament_install']
[4.810s] Level 1:colcon.colcon_core.package_identification:_identify(src/41068_ignition_bringup) by extension 'ignore'
[4.810s] Level 1:colcon.colcon_core.package_identification:_identify(src/41068_ignition_bringup) by extension 'ignore_ament_install'
[4.810s] Level 1:colcon.colcon_core.package_identification:_identify(src/41068_ignition_bringup) by extensions ['colcon_pkg']
[4.810s] Level 1:colcon.colcon_core.package_identification:_identify(src/41068_ignition_bringup) by extension 'colcon_pkg'
[4.810s] Level 1:colcon.colcon_core.package_identification:_identify(src/41068_ignition_bringup) by extensions ['colcon_meta']
[4.810s] Level 1:colcon.colcon_core.package_identification:_identify(src/41068_ignition_bringup) by extension 'colcon_meta'
[4.810s] Level 1:colcon.colcon_core.package_identification:_identify(src/41068_ignition_bringup) by extensions ['ros']
[4.810s] Level 1:colcon.colcon_core.package_identification:_identify(src/41068_ignition_bringup) by extension 'ros'
[4.815s] DEBUG:colcon.colcon_core.package_identification:Package 'src/41068_ignition_bringup' with type 'ros.ament_cmake' and name '41068_ignition_bringup'
[4.815s] Level 1:colcon.colcon_core.package_discovery:discover_packages(recursive) using defaults
[4.815s] Level 1:colcon.colcon_core.package_discovery:discover_packages(ignore) discover
[4.815s] Level 1:colcon.colcon_core.package_discovery:discover_packages(ignore) using defaults
[4.815s] Level 1:colcon.colcon_core.package_discovery:discover_packages(path) discover
[4.815s] Level 1:colcon.colcon_core.package_discovery:discover_packages(path) using defaults
[4.853s] Level 1:colcon.colcon_core.package_discovery:discover_packages(prefix_path) check parameters
[4.853s] Level 1:colcon.colcon_core.package_discovery:discover_packages(prefix_path) discover
[4.967s] DEBUG:colcon.colcon_installed_package_information.package_discovery:Found 1 installed packages in /home/student/ros2_ws/install
[4.970s] DEBUG:colcon.colcon_installed_package_information.package_discovery:Found 439 installed packages in /opt/ros/humble
[4.972s] Level 1:colcon.colcon_core.package_discovery:discover_packages(prefix_path) using defaults
[5.103s] Level 5:colcon.colcon_core.verb:set package '41068_ignition_bringup' build argument 'cmake_args' from command line to 'None'
[5.103s] Level 5:colcon.colcon_core.verb:set package '41068_ignition_bringup' build argument 'cmake_target' from command line to 'None'
[5.103s] Level 5:colcon.colcon_core.verb:set package '41068_ignition_bringup' build argument 'cmake_target_skip_unavailable' from command line to 'False'
[5.103s] Level 5:colcon.colcon_core.verb:set package '41068_ignition_bringup' build argument 'cmake_clean_cache' from command line to 'False'
[5.103s] Level 5:colcon.colcon_core.verb:set package '41068_ignition_bringup' build argument 'cmake_clean_first' from command line to 'False'
[5.103s] Level 5:colcon.colcon_core.verb:set package '41068_ignition_bringup' build argument 'cmake_force_configure' from command line to 'False'
[5.103s] Level 5:colcon.colcon_core.verb:set package '41068_ignition_bringup' build argument 'ament_cmake_args' from command line to 'None'
[5.103s] Level 5:colcon.colcon_core.verb:set package '41068_ignition_bringup' build argument 'catkin_cmake_args' from command line to 'None'
[5.103s] Level 5:colcon.colcon_core.verb:set package '41068_ignition_bringup' build argument 'catkin_skip_building_tests' from command line to 'False'
[5.103s] DEBUG:colcon.colcon_core.verb:Building package '41068_ignition_bringup' with the following arguments: {'ament_cmake_args': None, 'build_base': '/home/student/41068_ws/build/41068_ignition_bringup', 'catkin_cmake_args': None, 'catkin_skip_building_tests': False, 'cmake_args': None, 'cmake_clean_cache': False, 'cmake_clean_first': False, 'cmake_force_configure': False, 'cmake_target': None, 'cmake_target_skip_unavailable': False, 'install_base': '/home/student/41068_ws/install/41068_ignition_bringup', 'merge_install': False, 'path': '/home/student/41068_ws/src/41068_ignition_bringup', 'symlink_install': True, 'test_result_base': None}
[5.103s] INFO:colcon.colcon_core.executor:Executing jobs using 'parallel' executor
[5.105s] DEBUG:colcon.colcon_parallel_executor.executor.parallel:run_until_complete
[5.105s] INFO:colcon.colcon_ros.task.ament_cmake.build:Building ROS package in '/home/student/41068_ws/src/41068_ignition_bringup' with build type 'ament_cmake'
[5.105s] INFO:colcon.colcon_cmake.task.cmake.build:Building CMake package in '/home/student/41068_ws/src/41068_ignition_bringup'
[5.263s] INFO:colcon.colcon_core.plugin_system:Skipping extension 'colcon_core.shell.bat': Not used on non-Windows systems
[5.263s] INFO:colcon.colcon_core.shell:Skip shell extension 'powershell' for command environment: Not usable outside of PowerShell
[5.263s] DEBUG:colcon.colcon_core.shell:Skip shell extension 'dsv' for command environment
[5.364s] DEBUG:colcon.colcon_core.event_handler.log_command:Invoking command in '/home/student/41068_ws/build/41068_ignition_bringup': CMAKE_PREFIX_PATH=${CMAKE_PREFIX_PATH}:/opt/ros/humble /usr/bin/cmake --build /home/student/41068_ws/build/41068_ignition_bringup -- -j8 -l8
[6.277s] DEBUG:colcon.colcon_core.event_handler.log_command:Invoked command in '/home/student/41068_ws/build/41068_ignition_bringup' returned '0': CMAKE_PREFIX_PATH=${CMAKE_PREFIX_PATH}:/opt/ros/humble /usr/bin/cmake --build /home/student/41068_ws/build/41068_ignition_bringup -- -j8 -l8
[6.324s] DEBUG:colcon.colcon_core.event_handler.log_command:Invoking command in '/home/student/41068_ws/build/41068_ignition_bringup': CMAKE_PREFIX_PATH=${CMAKE_PREFIX_PATH}:/opt/ros/humble /usr/bin/cmake --install /home/student/41068_ws/build/41068_ignition_bringup
[6.428s] Level 1:colcon.colcon_core.environment:create_environment_scripts_only(41068_ignition_bringup)
[6.429s] DEBUG:colcon.colcon_core.event_handler.log_command:Invoked command in '/home/student/41068_ws/build/41068_ignition_bringup' returned '0': CMAKE_PREFIX_PATH=${CMAKE_PREFIX_PATH}:/opt/ros/humble /usr/bin/cmake --install /home/student/41068_ws/build/41068_ignition_bringup
[6.821s] Level 1:colcon.colcon_core.environment:checking '/home/student/41068_ws/install/41068_ignition_bringup' for CMake module files
[6.822s] Level 1:colcon.colcon_core.environment:checking '/home/student/41068_ws/install/41068_ignition_bringup' for CMake config files
[6.823s] Level 1:colcon.colcon_core.shell:create_environment_hook('41068_ignition_bringup', 'cmake_prefix_path')
[6.823s] INFO:colcon.colcon_core.shell:Creating environment hook '/home/student/41068_ws/install/41068_ignition_bringup/share/41068_ignition_bringup/hook/cmake_prefix_path.ps1'
[6.861s] INFO:colcon.colcon_core.shell:Creating environment descriptor '/home/student/41068_ws/install/41068_ignition_bringup/share/41068_ignition_bringup/hook/cmake_prefix_path.dsv'
[6.864s] INFO:colcon.colcon_core.shell:Creating environment hook '/home/student/41068_ws/install/41068_ignition_bringup/share/41068_ignition_bringup/hook/cmake_prefix_path.sh'
[6.868s] Level 1:colcon.colcon_core.environment:checking '/home/student/41068_ws/install/41068_ignition_bringup/lib'
[6.868s] Level 1:colcon.colcon_core.environment:checking '/home/student/41068_ws/install/41068_ignition_bringup/bin'
[6.868s] Level 1:colcon.colcon_core.environment:checking '/home/student/41068_ws/install/41068_ignition_bringup/lib/pkgconfig/41068_ignition_bringup.pc'
[6.868s] Level 1:colcon.colcon_core.environment:checking '/home/student/41068_ws/install/41068_ignition_bringup/lib/python3.10/site-packages'
[6.869s] Level 1:colcon.colcon_core.environment:checking '/home/student/41068_ws/install/41068_ignition_bringup/bin'
[6.869s] INFO:colcon.colcon_core.shell:Creating package script '/home/student/41068_ws/install/41068_ignition_bringup/share/41068_ignition_bringup/package.ps1'
[6.874s] INFO:colcon.colcon_core.shell:Creating package descriptor '/home/student/41068_ws/install/41068_ignition_bringup/share/41068_ignition_bringup/package.dsv'
[6.877s] INFO:colcon.colcon_core.shell:Creating package script '/home/student/41068_ws/install/41068_ignition_bringup/share/41068_ignition_bringup/package.sh'
[6.907s] INFO:colcon.colcon_core.shell:Creating package script '/home/student/41068_ws/install/41068_ignition_bringup/share/41068_ignition_bringup/package.bash'
[6.912s] INFO:colcon.colcon_core.shell:Creating package script '/home/student/41068_ws/install/41068_ignition_bringup/share/41068_ignition_bringup/package.zsh'
[6.918s] Level 1:colcon.colcon_core.environment:create_file_with_runtime_dependencies(/home/student/41068_ws/install/41068_ignition_bringup/share/colcon-core/packages/41068_ignition_bringup)
[6.919s] Level 1:colcon.colcon_core.environment:create_environment_scripts_only(41068_ignition_bringup)
[6.919s] Level 1:colcon.colcon_core.environment:checking '/home/student/41068_ws/install/41068_ignition_bringup' for CMake module files
[6.919s] Level 1:colcon.colcon_core.environment:checking '/home/student/41068_ws/install/41068_ignition_bringup' for CMake config files
[6.920s] Level 1:colcon.colcon_core.shell:create_environment_hook('41068_ignition_bringup', 'cmake_prefix_path')
[6.920s] INFO:colcon.colcon_core.shell:Creating environment hook '/home/student/41068_ws/install/41068_ignition_bringup/share/41068_ignition_bringup/hook/cmake_prefix_path.ps1'
[6.920s] INFO:colcon.colcon_core.shell:Creating environment descriptor '/home/student/41068_ws/install/41068_ignition_bringup/share/41068_ignition_bringup/hook/cmake_prefix_path.dsv'
[6.921s] INFO:colcon.colcon_core.shell:Creating environment hook '/home/student/41068_ws/install/41068_ignition_bringup/share/41068_ignition_bringup/hook/cmake_prefix_path.sh'
[6.921s] Level 1:colcon.colcon_core.environment:checking '/home/student/41068_ws/install/41068_ignition_bringup/lib'
[6.921s] Level 1:colcon.colcon_core.environment:checking '/home/student/41068_ws/install/41068_ignition_bringup/bin'
[6.922s] Level 1:colcon.colcon_core.environment:checking '/home/student/41068_ws/install/41068_ignition_bringup/lib/pkgconfig/41068_ignition_bringup.pc'
[6.922s] Level 1:colcon.colcon_core.environment:checking '/home/student/41068_ws/install/41068_ignition_bringup/lib/python3.10/site-packages'
[6.922s] Level 1:colcon.colcon_core.environment:checking '/home/student/41068_ws/install/41068_ignition_bringup/bin'
[6.922s] INFO:colcon.colcon_core.shell:Creating package script '/home/student/41068_ws/install/41068_ignition_bringup/share/41068_ignition_bringup/package.ps1'
[6.923s] INFO:colcon.colcon_core.shell:Creating package descriptor '/home/student/41068_ws/install/41068_ignition_bringup/share/41068_ignition_bringup/package.dsv'
[6.923s] INFO:colcon.colcon_core.shell:Creating package script '/home/student/41068_ws/install/41068_ignition_bringup/share/41068_ignition_bringup/package.sh'
[6.924s] INFO:colcon.colcon_core.shell:Creating package script '/home/student/41068_ws/install/41068_ignition_bringup/share/41068_ignition_bringup/package.bash'
[6.924s] INFO:colcon.colcon_core.shell:Creating package script '/home/student/41068_ws/install/41068_ignition_bringup/share/41068_ignition_bringup/package.zsh'
[6.925s] Level 1:colcon.colcon_core.environment:create_file_with_runtime_dependencies(/home/student/41068_ws/install/41068_ignition_bringup/share/colcon-core/packages/41068_ignition_bringup)
[6.925s] DEBUG:colcon.colcon_parallel_executor.executor.parallel:closing loop
[6.926s] DEBUG:colcon.colcon_parallel_executor.executor.parallel:loop closed
[6.926s] DEBUG:colcon.colcon_parallel_executor.executor.parallel:run_until_complete finished with '0'
[6.926s] DEBUG:colcon.colcon_core.event_reactor:joining thread
[6.976s] INFO:colcon.colcon_core.plugin_system:Skipping extension 'colcon_notification.desktop_notification.terminal_notifier': Not used on non-Darwin systems
[6.976s] INFO:colcon.colcon_core.plugin_system:Skipping extension 'colcon_notification.desktop_notification.win32': Not used on non-Windows systems
[6.976s] INFO:colcon.colcon_notification.desktop_notification:Sending desktop notification using 'notify2'
[6.997s] DEBUG:colcon.colcon_core.event_reactor:joined thread
[6.998s] INFO:colcon.colcon_core.shell:Creating prefix script '/home/student/41068_ws/install/local_setup.ps1'
[7.004s] INFO:colcon.colcon_core.shell:Creating prefix util module '/home/student/41068_ws/install/_local_setup_util_ps1.py'
[7.009s] INFO:colcon.colcon_core.shell:Creating prefix chain script '/home/student/41068_ws/install/setup.ps1'
[7.014s] INFO:colcon.colcon_core.shell:Creating prefix script '/home/student/41068_ws/install/local_setup.sh'
[7.019s] INFO:colcon.colcon_core.shell:Creating prefix util module '/home/student/41068_ws/install/_local_setup_util_sh.py'
[7.020s] INFO:colcon.colcon_core.shell:Creating prefix chain script '/home/student/41068_ws/install/setup.sh'
[7.058s] INFO:colcon.colcon_core.shell:Creating prefix script '/home/student/41068_ws/install/local_setup.bash'
[7.063s] INFO:colcon.colcon_core.shell:Creating prefix chain script '/home/student/41068_ws/install/setup.bash'
[7.069s] INFO:colcon.colcon_core.shell:Creating prefix script '/home/student/41068_ws/install/local_setup.zsh'
[7.075s] INFO:colcon.colcon_core.shell:Creating prefix chain script '/home/student/41068_ws/install/setup.zsh'
